{"app/amqp/amqp.js":{"path":"app/amqp/amqp.js","s":{"1":1,"2":1,"3":1,"4":0,"5":0,"6":0,"7":1,"8":0,"9":0,"10":0,"11":0,"12":0,"13":0,"14":0,"15":0,"16":0,"17":0,"18":0,"19":0,"20":0,"21":0,"22":0,"23":1},"b":{"1":[0,0],"2":[0,0],"3":[0,0],"4":[0,0]},"f":{"1":0,"2":0,"3":0,"4":0,"5":0},"fnMap":{"1":{"name":"whenConnected","line":7,"loc":{"start":{"line":7,"column":0},"end":{"line":7,"column":42}}},"2":{"name":"start","line":17,"loc":{"start":{"line":17,"column":0},"end":{"line":17,"column":24}}},"3":{"name":"(anonymous_3)","line":22,"loc":{"start":{"line":22,"column":63},"end":{"line":22,"column":84}}},"4":{"name":"(anonymous_4)","line":27,"loc":{"start":{"line":27,"column":27},"end":{"line":27,"column":42}}},"5":{"name":"(anonymous_5)","line":32,"loc":{"start":{"line":32,"column":27},"end":{"line":32,"column":39}}}},"statementMap":{"1":{"start":{"line":1,"column":0},"end":{"line":1,"column":27}},"2":{"start":{"line":2,"column":0},"end":{"line":5,"column":21}},"3":{"start":{"line":7,"column":0},"end":{"line":15,"column":1}},"4":{"start":{"line":9,"column":5},"end":{"line":14,"column":6}},"5":{"start":{"line":12,"column":10},"end":{"line":12,"column":36}},"6":{"start":{"line":13,"column":10},"end":{"line":13,"column":33}},"7":{"start":{"line":17,"column":0},"end":{"line":41,"column":1}},"8":{"start":{"line":19,"column":5},"end":{"line":21,"column":6}},"9":{"start":{"line":20,"column":10},"end":{"line":20,"column":50}},"10":{"start":{"line":22,"column":5},"end":{"line":40,"column":8}},"11":{"start":{"line":23,"column":10},"end":{"line":26,"column":11}},"12":{"start":{"line":24,"column":15},"end":{"line":24,"column":60}},"13":{"start":{"line":25,"column":15},"end":{"line":25,"column":46}},"14":{"start":{"line":27,"column":10},"end":{"line":31,"column":13}},"15":{"start":{"line":28,"column":15},"end":{"line":30,"column":16}},"16":{"start":{"line":29,"column":20},"end":{"line":29,"column":68}},"17":{"start":{"line":32,"column":10},"end":{"line":35,"column":13}},"18":{"start":{"line":33,"column":15},"end":{"line":33,"column":52}},"19":{"start":{"line":34,"column":15},"end":{"line":34,"column":46}},"20":{"start":{"line":36,"column":10},"end":{"line":36,"column":42}},"21":{"start":{"line":37,"column":10},"end":{"line":37,"column":26}},"22":{"start":{"line":39,"column":10},"end":{"line":39,"column":43}},"23":{"start":{"line":43,"column":0},"end":{"line":43,"column":23}}},"branchMap":{"1":{"line":9,"type":"if","locations":[{"start":{"line":9,"column":5},"end":{"line":9,"column":5}},{"start":{"line":9,"column":5},"end":{"line":9,"column":5}}]},"2":{"line":19,"type":"if","locations":[{"start":{"line":19,"column":5},"end":{"line":19,"column":5}},{"start":{"line":19,"column":5},"end":{"line":19,"column":5}}]},"3":{"line":23,"type":"if","locations":[{"start":{"line":23,"column":10},"end":{"line":23,"column":10}},{"start":{"line":23,"column":10},"end":{"line":23,"column":10}}]},"4":{"line":28,"type":"if","locations":[{"start":{"line":28,"column":15},"end":{"line":28,"column":15}},{"start":{"line":28,"column":15},"end":{"line":28,"column":15}}]}}},"app/amqp/worker.js":{"path":"app/amqp/worker.js","s":{"1":1,"2":1,"3":0,"4":0,"5":0,"6":0,"7":0,"8":0,"9":0,"10":0,"11":1,"12":0,"13":1,"14":0,"15":0,"16":0,"17":0,"18":0,"19":0,"20":0,"21":0,"22":0,"23":0,"24":0},"b":{"1":[0,0],"2":[0,0],"3":[0,0]},"f":{"1":0,"2":0,"3":0,"4":0,"5":0,"6":0,"7":0,"8":0},"fnMap":{"1":{"name":"init","line":3,"loc":{"start":{"line":3,"column":0},"end":{"line":3,"column":53}}},"2":{"name":"(anonymous_2)","line":6,"loc":{"start":{"line":6,"column":8},"end":{"line":6,"column":23}}},"3":{"name":"processScans","line":23,"loc":{"start":{"line":23,"column":0},"end":{"line":23,"column":27}}},"4":{"name":"(anonymous_4)","line":27,"loc":{"start":{"line":27,"column":23},"end":{"line":27,"column":43}}},"5":{"name":"(anonymous_5)","line":28,"loc":{"start":{"line":28,"column":28},"end":{"line":28,"column":47}}},"6":{"name":"(anonymous_6)","line":34,"loc":{"start":{"line":34,"column":25},"end":{"line":34,"column":40}}},"7":{"name":"(anonymous_7)","line":38,"loc":{"start":{"line":38,"column":25},"end":{"line":38,"column":40}}},"8":{"name":"(anonymous_8)","line":42,"loc":{"start":{"line":42,"column":25},"end":{"line":42,"column":37}}}},"statementMap":{"1":{"start":{"line":1,"column":0},"end":{"line":1,"column":45}},"2":{"start":{"line":3,"column":0},"end":{"line":21,"column":1}},"3":{"start":{"line":4,"column":5},"end":{"line":20,"column":8}},"4":{"start":{"line":7,"column":10},"end":{"line":10,"column":11}},"5":{"start":{"line":8,"column":15},"end":{"line":8,"column":61}},"6":{"start":{"line":9,"column":15},"end":{"line":9,"column":22}},"7":{"start":{"line":11,"column":10},"end":{"line":11,"column":44}},"8":{"start":{"line":12,"column":10},"end":{"line":19,"column":11}},"9":{"start":{"line":13,"column":15},"end":{"line":15,"column":18}},"10":{"start":{"line":17,"column":15},"end":{"line":17,"column":49}},"11":{"start":{"line":23,"column":0},"end":{"line":25,"column":1}},"12":{"start":{"line":24,"column":6},"end":{"line":24,"column":18}},"13":{"start":{"line":27,"column":0},"end":{"line":52,"column":2}},"14":{"start":{"line":28,"column":5},"end":{"line":51,"column":8}},"15":{"start":{"line":30,"column":10},"end":{"line":32,"column":11}},"16":{"start":{"line":31,"column":15},"end":{"line":31,"column":22}},"17":{"start":{"line":34,"column":10},"end":{"line":36,"column":13}},"18":{"start":{"line":35,"column":15},"end":{"line":35,"column":59}},"19":{"start":{"line":38,"column":10},"end":{"line":40,"column":13}},"20":{"start":{"line":39,"column":15},"end":{"line":39,"column":58}},"21":{"start":{"line":42,"column":10},"end":{"line":44,"column":13}},"22":{"start":{"line":43,"column":15},"end":{"line":43,"column":52}},"23":{"start":{"line":46,"column":10},"end":{"line":46,"column":26}},"24":{"start":{"line":48,"column":10},"end":{"line":48,"column":47}}},"branchMap":{"1":{"line":7,"type":"if","locations":[{"start":{"line":7,"column":10},"end":{"line":7,"column":10}},{"start":{"line":7,"column":10},"end":{"line":7,"column":10}}]},"2":{"line":12,"type":"if","locations":[{"start":{"line":12,"column":10},"end":{"line":12,"column":10}},{"start":{"line":12,"column":10},"end":{"line":12,"column":10}}]},"3":{"line":30,"type":"if","locations":[{"start":{"line":30,"column":10},"end":{"line":30,"column":10}},{"start":{"line":30,"column":10},"end":{"line":30,"column":10}}]}}},"app/amqp/errorHandler.js":{"path":"app/amqp/errorHandler.js","s":{"1":1,"2":0,"3":0,"4":0,"5":0,"6":0},"b":{"1":[0,0]},"f":{"1":0},"fnMap":{"1":{"name":"closeOnErr","line":1,"loc":{"start":{"line":1,"column":17},"end":{"line":1,"column":52}}}},"statementMap":{"1":{"start":{"line":1,"column":0},"end":{"line":8,"column":2}},"2":{"start":{"line":2,"column":5},"end":{"line":5,"column":6}},"3":{"start":{"line":3,"column":10},"end":{"line":3,"column":36}},"4":{"start":{"line":4,"column":10},"end":{"line":4,"column":23}},"5":{"start":{"line":6,"column":5},"end":{"line":6,"column":22}},"6":{"start":{"line":7,"column":5},"end":{"line":7,"column":17}}},"branchMap":{"1":{"line":2,"type":"if","locations":[{"start":{"line":2,"column":5},"end":{"line":2,"column":5}},{"start":{"line":2,"column":5},"end":{"line":2,"column":5}}]}}},"app/amqp/publisher.js":{"path":"app/amqp/publisher.js","s":{"1":1,"2":1,"3":1,"4":1,"5":1,"6":0,"7":0,"8":0,"9":0,"10":0,"11":0,"12":0,"13":0,"14":0,"15":0,"16":0,"17":0,"18":0,"19":0,"20":0,"21":1,"22":0,"23":0,"24":0,"25":0,"26":0,"27":0,"28":0,"29":0,"30":0,"31":0,"32":0,"33":0,"34":0,"35":1},"b":{"1":[0,0],"2":[0,0],"3":[0,0],"4":[0,0]},"f":{"1":0,"2":0,"3":0,"4":0,"5":0,"6":0},"fnMap":{"1":{"name":"publish","line":7,"loc":{"start":{"line":7,"column":0},"end":{"line":7,"column":57}}},"2":{"name":"(anonymous_2)","line":12,"loc":{"start":{"line":12,"column":66},"end":{"line":12,"column":81}}},"3":{"name":"(anonymous_3)","line":38,"loc":{"start":{"line":38,"column":23},"end":{"line":38,"column":43}}},"4":{"name":"(anonymous_4)","line":39,"loc":{"start":{"line":39,"column":35},"end":{"line":39,"column":54}}},"5":{"name":"(anonymous_5)","line":43,"loc":{"start":{"line":43,"column":25},"end":{"line":43,"column":40}}},"6":{"name":"(anonymous_6)","line":46,"loc":{"start":{"line":46,"column":25},"end":{"line":46,"column":37}}}},"statementMap":{"1":{"start":{"line":1,"column":0},"end":{"line":1,"column":22}},"2":{"start":{"line":2,"column":0},"end":{"line":2,"column":25}},"3":{"start":{"line":3,"column":0},"end":{"line":3,"column":45}},"4":{"start":{"line":4,"column":0},"end":{"line":4,"column":21}},"5":{"start":{"line":7,"column":0},"end":{"line":36,"column":1}},"6":{"start":{"line":8,"column":5},"end":{"line":8,"column":29}},"7":{"start":{"line":9,"column":5},"end":{"line":9,"column":64}},"8":{"start":{"line":10,"column":5},"end":{"line":10,"column":28}},"9":{"start":{"line":11,"column":5},"end":{"line":34,"column":6}},"10":{"start":{"line":12,"column":10},"end":{"line":25,"column":13}},"11":{"start":{"line":13,"column":15},"end":{"line":24,"column":16}},"12":{"start":{"line":14,"column":20},"end":{"line":14,"column":57}},"13":{"start":{"line":15,"column":20},"end":{"line":15,"column":74}},"14":{"start":{"line":16,"column":20},"end":{"line":16,"column":50}},"15":{"start":{"line":17,"column":20},"end":{"line":21,"column":23}},"16":{"start":{"line":23,"column":20},"end":{"line":23,"column":38}},"17":{"start":{"line":27,"column":10},"end":{"line":27,"column":53}},"18":{"start":{"line":28,"column":10},"end":{"line":32,"column":13}},"19":{"start":{"line":33,"column":10},"end":{"line":33,"column":64}},"20":{"start":{"line":35,"column":5},"end":{"line":35,"column":28}},"21":{"start":{"line":38,"column":0},"end":{"line":59,"column":2}},"22":{"start":{"line":39,"column":5},"end":{"line":58,"column":8}},"23":{"start":{"line":40,"column":10},"end":{"line":42,"column":11}},"24":{"start":{"line":41,"column":15},"end":{"line":41,"column":22}},"25":{"start":{"line":43,"column":10},"end":{"line":45,"column":13}},"26":{"start":{"line":44,"column":15},"end":{"line":44,"column":66}},"27":{"start":{"line":46,"column":10},"end":{"line":48,"column":13}},"28":{"start":{"line":47,"column":15},"end":{"line":47,"column":52}},"29":{"start":{"line":50,"column":10},"end":{"line":50,"column":26}},"30":{"start":{"line":51,"column":10},"end":{"line":57,"column":11}},"31":{"start":{"line":52,"column":15},"end":{"line":52,"column":47}},"32":{"start":{"line":53,"column":15},"end":{"line":55,"column":16}},"33":{"start":{"line":54,"column":20},"end":{"line":54,"column":26}},"34":{"start":{"line":56,"column":15},"end":{"line":56,"column":41}},"35":{"start":{"line":61,"column":0},"end":{"line":61,"column":33}}},"branchMap":{"1":{"line":9,"type":"cond-expr","locations":[{"start":{"line":9,"column":51},"end":{"line":9,"column":58}},{"start":{"line":9,"column":61},"end":{"line":9,"column":63}}]},"2":{"line":13,"type":"if","locations":[{"start":{"line":13,"column":15},"end":{"line":13,"column":15}},{"start":{"line":13,"column":15},"end":{"line":13,"column":15}}]},"3":{"line":40,"type":"if","locations":[{"start":{"line":40,"column":10},"end":{"line":40,"column":10}},{"start":{"line":40,"column":10},"end":{"line":40,"column":10}}]},"4":{"line":53,"type":"if","locations":[{"start":{"line":53,"column":15},"end":{"line":53,"column":15}},{"start":{"line":53,"column":15},"end":{"line":53,"column":15}}]}}},"app/api-requests/callbacks.js":{"path":"app/api-requests/callbacks.js","s":{"1":1,"2":1,"3":1,"4":1,"5":1,"6":0,"7":0,"8":0,"9":1,"10":0,"11":1,"12":0,"13":0,"14":0,"15":0,"16":0,"17":0,"18":0,"19":0,"20":0,"21":1,"22":0,"23":0,"24":0,"25":0,"26":0,"27":0,"28":0,"29":0,"30":0,"31":0,"32":0,"33":0,"34":0,"35":0,"36":0,"37":0,"38":0,"39":0,"40":0,"41":0,"42":0,"43":0,"44":0,"45":0,"46":0,"47":0,"48":0,"49":0,"50":0,"51":0,"52":0,"53":0,"54":0,"55":0,"56":0,"57":0,"58":0,"59":0,"60":0,"61":0,"62":0,"63":0,"64":0,"65":0,"66":0,"67":0,"68":0,"69":0,"70":0,"71":0,"72":0,"73":0,"74":0,"75":0,"76":0,"77":0,"78":0,"79":0,"80":0,"81":0,"82":1,"83":1,"84":1},"b":{"1":[0,0],"2":[0,0],"3":[0,0],"4":[0,0],"5":[0,0],"6":[0,0],"7":[0,0]},"f":{"1":0,"2":0,"3":0,"4":0,"5":0,"6":0,"7":0,"8":0,"9":0,"10":0,"11":0,"12":0,"13":0,"14":0,"15":0,"16":0,"17":0,"18":0,"19":0,"20":0},"fnMap":{"1":{"name":"sendStatus","line":9,"loc":{"start":{"line":9,"column":0},"end":{"line":9,"column":25}}},"2":{"name":"broadcastAll","line":17,"loc":{"start":{"line":17,"column":0},"end":{"line":17,"column":31}}},"3":{"name":"callbacks","line":21,"loc":{"start":{"line":21,"column":0},"end":{"line":21,"column":28}}},"4":{"name":"(anonymous_4)","line":26,"loc":{"start":{"line":26,"column":27},"end":{"line":26,"column":40}}},"5":{"name":"(anonymous_5)","line":42,"loc":{"start":{"line":42,"column":13},"end":{"line":42,"column":34}}},"6":{"name":"bulkDelete","line":71,"loc":{"start":{"line":71,"column":5},"end":{"line":71,"column":32}}},"7":{"name":"(anonymous_7)","line":73,"loc":{"start":{"line":73,"column":24},"end":{"line":73,"column":40}}},"8":{"name":"(anonymous_8)","line":85,"loc":{"start":{"line":85,"column":29},"end":{"line":85,"column":42}}},"9":{"name":"(anonymous_9)","line":89,"loc":{"start":{"line":89,"column":13},"end":{"line":89,"column":34}}},"10":{"name":"(anonymous_10)","line":107,"loc":{"start":{"line":107,"column":23},"end":{"line":107,"column":41}}},"11":{"name":"(anonymous_11)","line":110,"loc":{"start":{"line":110,"column":65},"end":{"line":110,"column":83}}},"12":{"name":"(anonymous_12)","line":119,"loc":{"start":{"line":119,"column":30},"end":{"line":119,"column":43}}},"13":{"name":"(anonymous_13)","line":124,"loc":{"start":{"line":124,"column":13},"end":{"line":124,"column":35}}},"14":{"name":"(anonymous_14)","line":132,"loc":{"start":{"line":132,"column":27},"end":{"line":132,"column":40}}},"15":{"name":"(anonymous_15)","line":135,"loc":{"start":{"line":135,"column":13},"end":{"line":135,"column":34}}},"16":{"name":"(anonymous_16)","line":140,"loc":{"start":{"line":140,"column":18},"end":{"line":140,"column":39}}},"17":{"name":"(anonymous_17)","line":148,"loc":{"start":{"line":148,"column":77},"end":{"line":148,"column":93}}},"18":{"name":"(anonymous_18)","line":160,"loc":{"start":{"line":160,"column":28},"end":{"line":160,"column":41}}},"19":{"name":"(anonymous_19)","line":179,"loc":{"start":{"line":179,"column":13},"end":{"line":179,"column":31}}},"20":{"name":"(anonymous_20)","line":188,"loc":{"start":{"line":188,"column":32},"end":{"line":188,"column":51}}}},"statementMap":{"1":{"start":{"line":1,"column":0},"end":{"line":1,"column":16}},"2":{"start":{"line":3,"column":0},"end":{"line":3,"column":37}},"3":{"start":{"line":6,"column":0},"end":{"line":6,"column":30}},"4":{"start":{"line":7,"column":0},"end":{"line":7,"column":32}},"5":{"start":{"line":9,"column":0},"end":{"line":15,"column":1}},"6":{"start":{"line":10,"column":5},"end":{"line":10,"column":34}},"7":{"start":{"line":11,"column":5},"end":{"line":11,"column":53}},"8":{"start":{"line":13,"column":5},"end":{"line":13,"column":52}},"9":{"start":{"line":17,"column":0},"end":{"line":19,"column":1}},"10":{"start":{"line":18,"column":5},"end":{"line":18,"column":42}},"11":{"start":{"line":21,"column":0},"end":{"line":230,"column":1}},"12":{"start":{"line":22,"column":5},"end":{"line":22,"column":34}},"13":{"start":{"line":24,"column":5},"end":{"line":24,"column":22}},"14":{"start":{"line":26,"column":5},"end":{"line":69,"column":8}},"15":{"start":{"line":27,"column":10},"end":{"line":27,"column":30}},"16":{"start":{"line":39,"column":10},"end":{"line":67,"column":13}},"17":{"start":{"line":43,"column":15},"end":{"line":43,"column":36}},"18":{"start":{"line":44,"column":15},"end":{"line":56,"column":16}},"19":{"start":{"line":45,"column":20},"end":{"line":50,"column":23}},"20":{"start":{"line":52,"column":20},"end":{"line":55,"column":23}},"21":{"start":{"line":71,"column":5},"end":{"line":83,"column":6}},"22":{"start":{"line":72,"column":10},"end":{"line":72,"column":28}},"23":{"start":{"line":73,"column":10},"end":{"line":81,"column":13}},"24":{"start":{"line":74,"column":15},"end":{"line":80,"column":18}},"25":{"start":{"line":82,"column":10},"end":{"line":82,"column":26}},"26":{"start":{"line":85,"column":5},"end":{"line":117,"column":8}},"27":{"start":{"line":86,"column":10},"end":{"line":116,"column":12}},"28":{"start":{"line":90,"column":15},"end":{"line":115,"column":16}},"29":{"start":{"line":91,"column":20},"end":{"line":94,"column":23}},"30":{"start":{"line":95,"column":20},"end":{"line":98,"column":23}},"31":{"start":{"line":100,"column":20},"end":{"line":103,"column":23}},"32":{"start":{"line":104,"column":20},"end":{"line":114,"column":23}},"33":{"start":{"line":108,"column":25},"end":{"line":108,"column":65}},"34":{"start":{"line":109,"column":25},"end":{"line":109,"column":54}},"35":{"start":{"line":110,"column":25},"end":{"line":112,"column":28}},"36":{"start":{"line":111,"column":30},"end":{"line":111,"column":83}},"37":{"start":{"line":119,"column":5},"end":{"line":130,"column":8}},"38":{"start":{"line":120,"column":10},"end":{"line":120,"column":33}},"39":{"start":{"line":121,"column":10},"end":{"line":129,"column":13}},"40":{"start":{"line":125,"column":15},"end":{"line":125,"column":37}},"41":{"start":{"line":127,"column":15},"end":{"line":127,"column":94}},"42":{"start":{"line":132,"column":5},"end":{"line":158,"column":8}},"43":{"start":{"line":133,"column":10},"end":{"line":157,"column":13}},"44":{"start":{"line":136,"column":15},"end":{"line":136,"column":43}},"45":{"start":{"line":137,"column":15},"end":{"line":137,"column":35}},"46":{"start":{"line":138,"column":15},"end":{"line":156,"column":18}},"47":{"start":{"line":141,"column":20},"end":{"line":141,"column":51}},"48":{"start":{"line":142,"column":20},"end":{"line":145,"column":22}},"49":{"start":{"line":146,"column":20},"end":{"line":153,"column":21}},"50":{"start":{"line":147,"column":25},"end":{"line":147,"column":58}},"51":{"start":{"line":148,"column":25},"end":{"line":150,"column":28}},"52":{"start":{"line":149,"column":30},"end":{"line":149,"column":52}},"53":{"start":{"line":152,"column":25},"end":{"line":152,"column":45}},"54":{"start":{"line":154,"column":20},"end":{"line":154,"column":45}},"55":{"start":{"line":155,"column":20},"end":{"line":155,"column":79}},"56":{"start":{"line":160,"column":5},"end":{"line":229,"column":8}},"57":{"start":{"line":161,"column":10},"end":{"line":161,"column":30}},"58":{"start":{"line":162,"column":10},"end":{"line":164,"column":11}},"59":{"start":{"line":163,"column":15},"end":{"line":163,"column":22}},"60":{"start":{"line":165,"column":10},"end":{"line":165,"column":69}},"61":{"start":{"line":166,"column":10},"end":{"line":166,"column":69}},"62":{"start":{"line":167,"column":10},"end":{"line":167,"column":69}},"63":{"start":{"line":168,"column":10},"end":{"line":168,"column":69}},"64":{"start":{"line":169,"column":10},"end":{"line":169,"column":69}},"65":{"start":{"line":170,"column":10},"end":{"line":170,"column":69}},"66":{"start":{"line":171,"column":10},"end":{"line":171,"column":69}},"67":{"start":{"line":172,"column":10},"end":{"line":172,"column":16}},"68":{"start":{"line":177,"column":10},"end":{"line":228,"column":13}},"69":{"start":{"line":180,"column":15},"end":{"line":183,"column":16}},"70":{"start":{"line":181,"column":20},"end":{"line":181,"column":52}},"71":{"start":{"line":182,"column":20},"end":{"line":182,"column":27}},"72":{"start":{"line":184,"column":15},"end":{"line":184,"column":41}},"73":{"start":{"line":185,"column":15},"end":{"line":185,"column":53}},"74":{"start":{"line":186,"column":15},"end":{"line":186,"column":37}},"75":{"start":{"line":187,"column":15},"end":{"line":187,"column":40}},"76":{"start":{"line":188,"column":15},"end":{"line":195,"column":18}},"77":{"start":{"line":189,"column":20},"end":{"line":189,"column":104}},"78":{"start":{"line":190,"column":20},"end":{"line":194,"column":21}},"79":{"start":{"line":191,"column":25},"end":{"line":191,"column":52}},"80":{"start":{"line":193,"column":25},"end":{"line":193,"column":55}},"81":{"start":{"line":196,"column":15},"end":{"line":199,"column":18}},"82":{"start":{"line":232,"column":0},"end":{"line":232,"column":37}},"83":{"start":{"line":233,"column":0},"end":{"line":233,"column":39}},"84":{"start":{"line":234,"column":0},"end":{"line":234,"column":43}}},"branchMap":{"1":{"line":44,"type":"if","locations":[{"start":{"line":44,"column":15},"end":{"line":44,"column":15}},{"start":{"line":44,"column":15},"end":{"line":44,"column":15}}]},"2":{"line":90,"type":"if","locations":[{"start":{"line":90,"column":15},"end":{"line":90,"column":15}},{"start":{"line":90,"column":15},"end":{"line":90,"column":15}}]},"3":{"line":146,"type":"if","locations":[{"start":{"line":146,"column":20},"end":{"line":146,"column":20}},{"start":{"line":146,"column":20},"end":{"line":146,"column":20}}]},"4":{"line":162,"type":"if","locations":[{"start":{"line":162,"column":10},"end":{"line":162,"column":10}},{"start":{"line":162,"column":10},"end":{"line":162,"column":10}}]},"5":{"line":162,"type":"binary-expr","locations":[{"start":{"line":162,"column":14},"end":{"line":162,"column":16}},{"start":{"line":162,"column":20},"end":{"line":162,"column":26}}]},"6":{"line":180,"type":"if","locations":[{"start":{"line":180,"column":15},"end":{"line":180,"column":15}},{"start":{"line":180,"column":15},"end":{"line":180,"column":15}}]},"7":{"line":190,"type":"if","locations":[{"start":{"line":190,"column":20},"end":{"line":190,"column":20}},{"start":{"line":190,"column":20},"end":{"line":190,"column":20}}]}}},"app/models/scan.js":{"path":"app/models/scan.js","s":{"1":1,"2":1,"3":1},"b":{},"f":{},"fnMap":{},"statementMap":{"1":{"start":{"line":1,"column":0},"end":{"line":1,"column":37}},"2":{"start":{"line":3,"column":0},"end":{"line":37,"column":3}},"3":{"start":{"line":39,"column":0},"end":{"line":39,"column":53}}},"branchMap":{}},"app/models/user.js":{"path":"app/models/user.js","s":{"1":1,"2":1,"3":1,"4":1},"b":{},"f":{},"fnMap":{},"statementMap":{"1":{"start":{"line":1,"column":0},"end":{"line":1,"column":37}},"2":{"start":{"line":2,"column":0},"end":{"line":2,"column":42}},"3":{"start":{"line":3,"column":0},"end":{"line":3,"column":47}},"4":{"start":{"line":4,"column":0},"end":{"line":4,"column":22}}},"branchMap":{}},"app/models/schema/user.js":{"path":"app/models/schema/user.js","s":{"1":1,"2":1,"3":1,"4":1},"b":{},"f":{},"fnMap":{},"statementMap":{"1":{"start":{"line":1,"column":0},"end":{"line":1,"column":37}},"2":{"start":{"line":2,"column":0},"end":{"line":2,"column":46}},"3":{"start":{"line":3,"column":0},"end":{"line":211,"column":3}},"4":{"start":{"line":213,"column":0},"end":{"line":213,"column":28}}},"branchMap":{}},"app/config/secrets.js":{"path":"app/config/secrets.js","s":{"1":1,"2":1},"b":{"1":[1,0,0,0],"2":[1,0],"3":[1,0],"4":[1,1],"5":[1,1],"6":[1,0],"7":[1,0],"8":[1,1]},"f":{},"fnMap":{},"statementMap":{"1":{"start":{"line":1,"column":0},"end":{"line":1,"column":27}},"2":{"start":{"line":2,"column":0},"end":{"line":39,"column":2}}},"branchMap":{"1":{"line":4,"type":"binary-expr","locations":[{"start":{"line":4,"column":9},"end":{"line":4,"column":42}},{"start":{"line":4,"column":46},"end":{"line":4,"column":70}},{"start":{"line":4,"column":74},"end":{"line":4,"column":97}},{"start":{"line":4,"column":101},"end":{"line":4,"column":166}}]},"2":{"line":5,"type":"binary-expr","locations":[{"start":{"line":5,"column":15},"end":{"line":5,"column":41}},{"start":{"line":5,"column":45},"end":{"line":5,"column":47}}]},"3":{"line":6,"type":"binary-expr","locations":[{"start":{"line":6,"column":20},"end":{"line":6,"column":46}},{"start":{"line":6,"column":50},"end":{"line":6,"column":52}}]},"4":{"line":9,"type":"binary-expr","locations":[{"start":{"line":9,"column":18},"end":{"line":9,"column":45}},{"start":{"line":9,"column":49},"end":{"line":9,"column":51}}]},"5":{"line":10,"type":"binary-expr","locations":[{"start":{"line":10,"column":18},"end":{"line":10,"column":44}},{"start":{"line":10,"column":48},"end":{"line":10,"column":50}}]},"6":{"line":14,"type":"binary-expr","locations":[{"start":{"line":14,"column":18},"end":{"line":14,"column":40}},{"start":{"line":14,"column":44},"end":{"line":14,"column":46}}]},"7":{"line":15,"type":"binary-expr","locations":[{"start":{"line":15,"column":24},"end":{"line":15,"column":50}},{"start":{"line":15,"column":54},"end":{"line":15,"column":56}}]},"8":{"line":38,"type":"binary-expr","locations":[{"start":{"line":38,"column":22},"end":{"line":38,"column":50}},{"start":{"line":38,"column":54},"end":{"line":38,"column":56}}]}}},"app/api-requests/permissions/free.js":{"path":"app/api-requests/permissions/free.js","s":{"1":1,"2":1,"3":1},"b":{},"f":{},"fnMap":{},"statementMap":{"1":{"start":{"line":1,"column":0},"end":{"line":1,"column":58}},"2":{"start":{"line":3,"column":0},"end":{"line":56,"column":2}},"3":{"start":{"line":58,"column":0},"end":{"line":58,"column":43}}},"branchMap":{}},"app/models/index.js":{"path":"app/models/index.js","s":{"1":1},"b":{},"f":{},"fnMap":{},"statementMap":{"1":{"start":{"line":1,"column":0},"end":{"line":7,"column":2}}},"branchMap":{}},"app/models/request.js":{"path":"app/models/request.js","s":{"1":1,"2":1,"3":1},"b":{},"f":{},"fnMap":{},"statementMap":{"1":{"start":{"line":1,"column":0},"end":{"line":1,"column":37}},"2":{"start":{"line":2,"column":0},"end":{"line":43,"column":3}},"3":{"start":{"line":44,"column":0},"end":{"line":44,"column":60}}},"branchMap":{}},"app/models/permission.js":{"path":"app/models/permission.js","s":{"1":1,"2":1,"3":1},"b":{},"f":{},"fnMap":{},"statementMap":{"1":{"start":{"line":2,"column":0},"end":{"line":2,"column":37}},"2":{"start":{"line":3,"column":0},"end":{"line":159,"column":3}},"3":{"start":{"line":161,"column":0},"end":{"line":161,"column":65}}},"branchMap":{}},"app/api-requests/permissions/paid.js":{"path":"app/api-requests/permissions/paid.js","s":{"1":1,"2":1,"3":1},"b":{},"f":{},"fnMap":{},"statementMap":{"1":{"start":{"line":1,"column":0},"end":{"line":1,"column":58}},"2":{"start":{"line":3,"column":0},"end":{"line":56,"column":2}},"3":{"start":{"line":58,"column":0},"end":{"line":58,"column":44}}},"branchMap":{}},"app/api-requests/preFlight.js":{"path":"app/api-requests/preFlight.js","s":{"1":1,"2":1,"3":1,"4":0,"5":0,"6":0,"7":1,"8":0,"9":0,"10":0,"11":1,"12":0,"13":0,"14":0,"15":1,"16":0,"17":0,"18":0,"19":0,"20":0,"21":0,"22":0,"23":0,"24":0,"25":0,"26":0,"27":0,"28":0,"29":0,"30":0,"31":0,"32":0,"33":0,"34":0,"35":0,"36":0,"37":0,"38":0,"39":0,"40":0,"41":0,"42":0,"43":0,"44":0,"45":0,"46":0,"47":0,"48":0,"49":0,"50":0,"51":0,"52":0,"53":0,"54":0,"55":0,"56":0,"57":0,"58":0,"59":1,"60":1,"61":0,"62":0,"63":0,"64":0,"65":0,"66":1,"67":0,"68":0,"69":0,"70":0,"71":0,"72":0,"73":0,"74":0,"75":0,"76":0,"77":0,"78":0,"79":0,"80":0,"81":0,"82":0,"83":1,"84":0,"85":0,"86":0,"87":0,"88":0,"89":1,"90":0,"91":0,"92":0,"93":0,"94":0,"95":0,"96":0,"97":0,"98":0,"99":0,"100":0,"101":0,"102":0,"103":0,"104":1,"105":0,"106":0,"107":0,"108":0,"109":0,"110":0,"111":0,"112":0,"113":0,"114":0,"115":0,"116":0,"117":0,"118":0,"119":0,"120":0,"121":0,"122":0,"123":0,"124":0,"125":0,"126":1,"127":0,"128":0,"129":0,"130":0,"131":1},"b":{"1":[0,0],"2":[0,0],"3":[0,0],"4":[0,0],"5":[0,0],"6":[0,0],"7":[0,0],"8":[0,0],"9":[0,0],"10":[0,0],"11":[0,0],"12":[0,0],"13":[0,0],"14":[0,0],"15":[0,0],"16":[0,0],"17":[0,0],"18":[0,0],"19":[0,0],"20":[0,0],"21":[0,0],"22":[0,0],"23":[0,0],"24":[0,0],"25":[0,0],"26":[0,0],"27":[0,0]},"f":{"1":0,"2":0,"3":0,"4":0,"5":0,"6":0,"7":0,"8":0,"9":0,"10":0,"11":0,"12":0,"13":0,"14":0,"15":0,"16":0,"17":0,"18":0,"19":0,"20":0,"21":0,"22":0,"23":0,"24":0,"25":0,"26":0},"fnMap":{"1":{"name":"siteRequestValidate","line":11,"loc":{"start":{"line":11,"column":0},"end":{"line":11,"column":31}}},"2":{"name":"linkRequestValidate","line":17,"loc":{"start":{"line":17,"column":0},"end":{"line":17,"column":31}}},"3":{"name":"captureRequestValidate","line":23,"loc":{"start":{"line":23,"column":0},"end":{"line":23,"column":34}}},"4":{"name":"pageRequestValidate","line":29,"loc":{"start":{"line":29,"column":0},"end":{"line":29,"column":57}}},"5":{"name":"(anonymous_5)","line":110,"loc":{"start":{"line":110,"column":45},"end":{"line":110,"column":67}}},"6":{"name":"(anonymous_6)","line":127,"loc":{"start":{"line":127,"column":27},"end":{"line":127,"column":41}}},"7":{"name":"(anonymous_7)","line":135,"loc":{"start":{"line":135,"column":45},"end":{"line":135,"column":60}}},"8":{"name":"validate","line":167,"loc":{"start":{"line":167,"column":0},"end":{"line":167,"column":46}}},"9":{"name":"_authorize","line":186,"loc":{"start":{"line":186,"column":0},"end":{"line":186,"column":25}}},"10":{"name":"(anonymous_10)","line":195,"loc":{"start":{"line":195,"column":13},"end":{"line":195,"column":34}}},"11":{"name":"checkOptions","line":252,"loc":{"start":{"line":252,"column":0},"end":{"line":252,"column":27}}},"12":{"name":"checkRequirements","line":272,"loc":{"start":{"line":272,"column":0},"end":{"line":272,"column":48}}},"13":{"name":"(anonymous_13)","line":276,"loc":{"start":{"line":276,"column":26},"end":{"line":276,"column":41}}},"14":{"name":"(anonymous_14)","line":286,"loc":{"start":{"line":286,"column":26},"end":{"line":286,"column":43}}},"15":{"name":"checkApiCall","line":304,"loc":{"start":{"line":304,"column":0},"end":{"line":304,"column":35}}},"16":{"name":"(anonymous_16)","line":307,"loc":{"start":{"line":307,"column":28},"end":{"line":307,"column":40}}},"17":{"name":"(anonymous_17)","line":309,"loc":{"start":{"line":309,"column":46},"end":{"line":309,"column":58}}},"18":{"name":"(anonymous_18)","line":311,"loc":{"start":{"line":311,"column":36},"end":{"line":311,"column":52}}},"19":{"name":"(anonymous_19)","line":314,"loc":{"start":{"line":314,"column":73},"end":{"line":314,"column":85}}},"20":{"name":"(anonymous_20)","line":317,"loc":{"start":{"line":317,"column":29},"end":{"line":317,"column":44}}},"21":{"name":"(anonymous_21)","line":321,"loc":{"start":{"line":321,"column":24},"end":{"line":321,"column":39}}},"22":{"name":"(anonymous_22)","line":325,"loc":{"start":{"line":325,"column":19},"end":{"line":325,"column":34}}},"23":{"name":"(anonymous_23)","line":329,"loc":{"start":{"line":329,"column":14},"end":{"line":329,"column":29}}},"24":{"name":"_preFlight","line":336,"loc":{"start":{"line":336,"column":0},"end":{"line":336,"column":55}}},"25":{"name":"(anonymous_25)","line":338,"loc":{"start":{"line":338,"column":35},"end":{"line":338,"column":51}}},"26":{"name":"(anonymous_26)","line":340,"loc":{"start":{"line":340,"column":14},"end":{"line":340,"column":29}}}},"statementMap":{"1":{"start":{"line":1,"column":0},"end":{"line":4,"column":31}},"2":{"start":{"line":6,"column":0},"end":{"line":9,"column":2}},"3":{"start":{"line":11,"column":0},"end":{"line":15,"column":1}},"4":{"start":{"line":12,"column":5},"end":{"line":12,"column":29}},"5":{"start":{"line":13,"column":5},"end":{"line":13,"column":23}},"6":{"start":{"line":14,"column":5},"end":{"line":14,"column":28}},"7":{"start":{"line":17,"column":0},"end":{"line":21,"column":1}},"8":{"start":{"line":18,"column":5},"end":{"line":18,"column":29}},"9":{"start":{"line":19,"column":5},"end":{"line":19,"column":23}},"10":{"start":{"line":20,"column":5},"end":{"line":20,"column":28}},"11":{"start":{"line":23,"column":0},"end":{"line":27,"column":1}},"12":{"start":{"line":24,"column":5},"end":{"line":24,"column":29}},"13":{"start":{"line":25,"column":5},"end":{"line":25,"column":23}},"14":{"start":{"line":26,"column":5},"end":{"line":26,"column":28}},"15":{"start":{"line":29,"column":0},"end":{"line":156,"column":1}},"16":{"start":{"line":30,"column":5},"end":{"line":30,"column":79}},"17":{"start":{"line":31,"column":5},"end":{"line":31,"column":29}},"18":{"start":{"line":32,"column":5},"end":{"line":32,"column":28}},"19":{"start":{"line":33,"column":5},"end":{"line":33,"column":23}},"20":{"start":{"line":34,"column":5},"end":{"line":40,"column":6}},"21":{"start":{"line":35,"column":10},"end":{"line":39,"column":13}},"22":{"start":{"line":41,"column":5},"end":{"line":47,"column":6}},"23":{"start":{"line":42,"column":10},"end":{"line":46,"column":13}},"24":{"start":{"line":48,"column":5},"end":{"line":54,"column":6}},"25":{"start":{"line":49,"column":10},"end":{"line":53,"column":13}},"26":{"start":{"line":55,"column":5},"end":{"line":61,"column":6}},"27":{"start":{"line":56,"column":10},"end":{"line":60,"column":13}},"28":{"start":{"line":62,"column":5},"end":{"line":68,"column":6}},"29":{"start":{"line":63,"column":10},"end":{"line":67,"column":13}},"30":{"start":{"line":69,"column":5},"end":{"line":75,"column":6}},"31":{"start":{"line":70,"column":10},"end":{"line":74,"column":13}},"32":{"start":{"line":76,"column":5},"end":{"line":82,"column":6}},"33":{"start":{"line":77,"column":10},"end":{"line":81,"column":13}},"34":{"start":{"line":83,"column":5},"end":{"line":89,"column":6}},"35":{"start":{"line":84,"column":10},"end":{"line":88,"column":13}},"36":{"start":{"line":90,"column":5},"end":{"line":96,"column":6}},"37":{"start":{"line":91,"column":10},"end":{"line":95,"column":13}},"38":{"start":{"line":101,"column":5},"end":{"line":107,"column":6}},"39":{"start":{"line":102,"column":10},"end":{"line":106,"column":13}},"40":{"start":{"line":108,"column":5},"end":{"line":108,"column":24}},"41":{"start":{"line":109,"column":5},"end":{"line":109,"column":23}},"42":{"start":{"line":110,"column":5},"end":{"line":115,"column":8}},"43":{"start":{"line":111,"column":10},"end":{"line":114,"column":11}},"44":{"start":{"line":112,"column":15},"end":{"line":112,"column":29}},"45":{"start":{"line":113,"column":15},"end":{"line":113,"column":41}},"46":{"start":{"line":116,"column":5},"end":{"line":123,"column":6}},"47":{"start":{"line":117,"column":10},"end":{"line":122,"column":13}},"48":{"start":{"line":124,"column":5},"end":{"line":154,"column":6}},"49":{"start":{"line":125,"column":10},"end":{"line":125,"column":33}},"50":{"start":{"line":126,"column":10},"end":{"line":126,"column":28}},"51":{"start":{"line":127,"column":10},"end":{"line":143,"column":13}},"52":{"start":{"line":128,"column":15},"end":{"line":133,"column":18}},"53":{"start":{"line":134,"column":15},"end":{"line":142,"column":16}},"54":{"start":{"line":135,"column":20},"end":{"line":141,"column":23}},"55":{"start":{"line":136,"column":25},"end":{"line":140,"column":28}},"56":{"start":{"line":144,"column":10},"end":{"line":151,"column":13}},"57":{"start":{"line":153,"column":10},"end":{"line":153,"column":32}},"58":{"start":{"line":155,"column":5},"end":{"line":155,"column":28}},"59":{"start":{"line":158,"column":0},"end":{"line":165,"column":2}},"60":{"start":{"line":167,"column":0},"end":{"line":184,"column":1}},"61":{"start":{"line":168,"column":5},"end":{"line":183,"column":6}},"62":{"start":{"line":169,"column":10},"end":{"line":169,"column":80}},"63":{"start":{"line":171,"column":10},"end":{"line":171,"column":34}},"64":{"start":{"line":172,"column":10},"end":{"line":181,"column":13}},"65":{"start":{"line":182,"column":10},"end":{"line":182,"column":33}},"66":{"start":{"line":186,"column":0},"end":{"line":250,"column":1}},"67":{"start":{"line":187,"column":5},"end":{"line":187,"column":29}},"68":{"start":{"line":188,"column":5},"end":{"line":248,"column":6}},"69":{"start":{"line":191,"column":10},"end":{"line":191,"column":51}},"70":{"start":{"line":192,"column":10},"end":{"line":233,"column":13}},"71":{"start":{"line":196,"column":15},"end":{"line":196,"column":78}},"72":{"start":{"line":201,"column":15},"end":{"line":232,"column":16}},"73":{"start":{"line":202,"column":20},"end":{"line":202,"column":39}},"74":{"start":{"line":203,"column":20},"end":{"line":213,"column":23}},"75":{"start":{"line":215,"column":20},"end":{"line":215,"column":39}},"76":{"start":{"line":216,"column":20},"end":{"line":231,"column":21}},"77":{"start":{"line":217,"column":25},"end":{"line":227,"column":28}},"78":{"start":{"line":229,"column":25},"end":{"line":229,"column":43}},"79":{"start":{"line":230,"column":25},"end":{"line":230,"column":47}},"80":{"start":{"line":235,"column":10},"end":{"line":235,"column":33}},"81":{"start":{"line":236,"column":10},"end":{"line":247,"column":13}},"82":{"start":{"line":249,"column":5},"end":{"line":249,"column":28}},"83":{"start":{"line":252,"column":0},"end":{"line":270,"column":1}},"84":{"start":{"line":253,"column":5},"end":{"line":253,"column":29}},"85":{"start":{"line":254,"column":5},"end":{"line":268,"column":6}},"86":{"start":{"line":255,"column":10},"end":{"line":265,"column":13}},"87":{"start":{"line":267,"column":10},"end":{"line":267,"column":28}},"88":{"start":{"line":269,"column":5},"end":{"line":269,"column":28}},"89":{"start":{"line":272,"column":0},"end":{"line":302,"column":1}},"90":{"start":{"line":273,"column":5},"end":{"line":273,"column":29}},"91":{"start":{"line":274,"column":5},"end":{"line":274,"column":22}},"92":{"start":{"line":275,"column":5},"end":{"line":275,"column":23}},"93":{"start":{"line":276,"column":5},"end":{"line":281,"column":8}},"94":{"start":{"line":277,"column":10},"end":{"line":280,"column":11}},"95":{"start":{"line":278,"column":15},"end":{"line":278,"column":30}},"96":{"start":{"line":279,"column":15},"end":{"line":279,"column":33}},"97":{"start":{"line":282,"column":5},"end":{"line":300,"column":6}},"98":{"start":{"line":283,"column":10},"end":{"line":283,"column":28}},"99":{"start":{"line":285,"column":10},"end":{"line":285,"column":28}},"100":{"start":{"line":286,"column":10},"end":{"line":292,"column":13}},"101":{"start":{"line":287,"column":15},"end":{"line":291,"column":18}},"102":{"start":{"line":293,"column":10},"end":{"line":299,"column":13}},"103":{"start":{"line":301,"column":5},"end":{"line":301,"column":28}},"104":{"start":{"line":304,"column":0},"end":{"line":334,"column":1}},"105":{"start":{"line":305,"column":5},"end":{"line":305,"column":25}},"106":{"start":{"line":306,"column":5},"end":{"line":306,"column":29}},"107":{"start":{"line":307,"column":5},"end":{"line":332,"column":8}},"108":{"start":{"line":308,"column":10},"end":{"line":308,"column":49}},"109":{"start":{"line":309,"column":10},"end":{"line":328,"column":13}},"110":{"start":{"line":310,"column":15},"end":{"line":310,"column":59}},"111":{"start":{"line":311,"column":15},"end":{"line":324,"column":18}},"112":{"start":{"line":312,"column":20},"end":{"line":312,"column":57}},"113":{"start":{"line":313,"column":20},"end":{"line":313,"column":46}},"114":{"start":{"line":314,"column":20},"end":{"line":320,"column":23}},"115":{"start":{"line":315,"column":25},"end":{"line":315,"column":75}},"116":{"start":{"line":316,"column":25},"end":{"line":316,"column":56}},"117":{"start":{"line":318,"column":25},"end":{"line":318,"column":89}},"118":{"start":{"line":319,"column":25},"end":{"line":319,"column":45}},"119":{"start":{"line":322,"column":20},"end":{"line":322,"column":71}},"120":{"start":{"line":323,"column":20},"end":{"line":323,"column":40}},"121":{"start":{"line":326,"column":15},"end":{"line":326,"column":73}},"122":{"start":{"line":327,"column":15},"end":{"line":327,"column":35}},"123":{"start":{"line":330,"column":10},"end":{"line":330,"column":63}},"124":{"start":{"line":331,"column":10},"end":{"line":331,"column":30}},"125":{"start":{"line":333,"column":5},"end":{"line":333,"column":28}},"126":{"start":{"line":336,"column":0},"end":{"line":353,"column":1}},"127":{"start":{"line":337,"column":5},"end":{"line":337,"column":27}},"128":{"start":{"line":338,"column":5},"end":{"line":352,"column":8}},"129":{"start":{"line":339,"column":10},"end":{"line":339,"column":25}},"130":{"start":{"line":341,"column":10},"end":{"line":341,"column":27}},"131":{"start":{"line":355,"column":0},"end":{"line":366,"column":2}}},"branchMap":{"1":{"line":34,"type":"if","locations":[{"start":{"line":34,"column":5},"end":{"line":34,"column":5}},{"start":{"line":34,"column":5},"end":{"line":34,"column":5}}]},"2":{"line":41,"type":"if","locations":[{"start":{"line":41,"column":5},"end":{"line":41,"column":5}},{"start":{"line":41,"column":5},"end":{"line":41,"column":5}}]},"3":{"line":48,"type":"if","locations":[{"start":{"line":48,"column":5},"end":{"line":48,"column":5}},{"start":{"line":48,"column":5},"end":{"line":48,"column":5}}]},"4":{"line":55,"type":"if","locations":[{"start":{"line":55,"column":5},"end":{"line":55,"column":5}},{"start":{"line":55,"column":5},"end":{"line":55,"column":5}}]},"5":{"line":62,"type":"if","locations":[{"start":{"line":62,"column":5},"end":{"line":62,"column":5}},{"start":{"line":62,"column":5},"end":{"line":62,"column":5}}]},"6":{"line":69,"type":"if","locations":[{"start":{"line":69,"column":5},"end":{"line":69,"column":5}},{"start":{"line":69,"column":5},"end":{"line":69,"column":5}}]},"7":{"line":76,"type":"if","locations":[{"start":{"line":76,"column":5},"end":{"line":76,"column":5}},{"start":{"line":76,"column":5},"end":{"line":76,"column":5}}]},"8":{"line":83,"type":"if","locations":[{"start":{"line":83,"column":5},"end":{"line":83,"column":5}},{"start":{"line":83,"column":5},"end":{"line":83,"column":5}}]},"9":{"line":83,"type":"binary-expr","locations":[{"start":{"line":83,"column":9},"end":{"line":83,"column":47}},{"start":{"line":83,"column":51},"end":{"line":83,"column":110}}]},"10":{"line":90,"type":"if","locations":[{"start":{"line":90,"column":5},"end":{"line":90,"column":5}},{"start":{"line":90,"column":5},"end":{"line":90,"column":5}}]},"11":{"line":90,"type":"binary-expr","locations":[{"start":{"line":90,"column":9},"end":{"line":90,"column":46}},{"start":{"line":90,"column":50},"end":{"line":90,"column":109}}]},"12":{"line":101,"type":"if","locations":[{"start":{"line":101,"column":5},"end":{"line":101,"column":5}},{"start":{"line":101,"column":5},"end":{"line":101,"column":5}}]},"13":{"line":101,"type":"binary-expr","locations":[{"start":{"line":101,"column":9},"end":{"line":101,"column":56}},{"start":{"line":101,"column":60},"end":{"line":101,"column":112}}]},"14":{"line":111,"type":"if","locations":[{"start":{"line":111,"column":10},"end":{"line":111,"column":10}},{"start":{"line":111,"column":10},"end":{"line":111,"column":10}}]},"15":{"line":111,"type":"binary-expr","locations":[{"start":{"line":111,"column":14},"end":{"line":111,"column":69}},{"start":{"line":111,"column":73},"end":{"line":111,"column":117}}]},"16":{"line":116,"type":"if","locations":[{"start":{"line":116,"column":5},"end":{"line":116,"column":5}},{"start":{"line":116,"column":5},"end":{"line":116,"column":5}}]},"17":{"line":124,"type":"if","locations":[{"start":{"line":124,"column":5},"end":{"line":124,"column":5}},{"start":{"line":124,"column":5},"end":{"line":124,"column":5}}]},"18":{"line":134,"type":"if","locations":[{"start":{"line":134,"column":15},"end":{"line":134,"column":15}},{"start":{"line":134,"column":15},"end":{"line":134,"column":15}}]},"19":{"line":168,"type":"if","locations":[{"start":{"line":168,"column":5},"end":{"line":168,"column":5}},{"start":{"line":168,"column":5},"end":{"line":168,"column":5}}]},"20":{"line":201,"type":"if","locations":[{"start":{"line":201,"column":15},"end":{"line":201,"column":15}},{"start":{"line":201,"column":15},"end":{"line":201,"column":15}}]},"21":{"line":216,"type":"if","locations":[{"start":{"line":216,"column":20},"end":{"line":216,"column":20}},{"start":{"line":216,"column":20},"end":{"line":216,"column":20}}]},"22":{"line":216,"type":"binary-expr","locations":[{"start":{"line":216,"column":24},"end":{"line":216,"column":51}},{"start":{"line":216,"column":55},"end":{"line":216,"column":68}}]},"23":{"line":254,"type":"if","locations":[{"start":{"line":254,"column":5},"end":{"line":254,"column":5}},{"start":{"line":254,"column":5},"end":{"line":254,"column":5}}]},"24":{"line":254,"type":"binary-expr","locations":[{"start":{"line":254,"column":9},"end":{"line":254,"column":35}},{"start":{"line":254,"column":39},"end":{"line":254,"column":43}}]},"25":{"line":277,"type":"if","locations":[{"start":{"line":277,"column":10},"end":{"line":277,"column":10}},{"start":{"line":277,"column":10},"end":{"line":277,"column":10}}]},"26":{"line":277,"type":"binary-expr","locations":[{"start":{"line":277,"column":14},"end":{"line":277,"column":47}},{"start":{"line":277,"column":51},"end":{"line":277,"column":68}}]},"27":{"line":282,"type":"if","locations":[{"start":{"line":282,"column":5},"end":{"line":282,"column":5}},{"start":{"line":282,"column":5},"end":{"line":282,"column":5}}]}}},"app/api-requests/requests.js":{"path":"app/api-requests/requests.js","s":{"1":1,"2":1,"3":1,"4":1,"5":1,"6":0,"7":0,"8":0,"9":0,"10":0,"11":0,"12":0,"13":0,"14":0,"15":0,"16":0,"17":0,"18":0,"19":0,"20":1,"21":0,"22":0,"23":0,"24":0,"25":0,"26":0,"27":0,"28":0,"29":1},"b":{"1":[0,0],"2":[0,0],"3":[0,0],"4":[0,0]},"f":{"1":0,"2":0,"3":0,"4":0,"5":0,"6":0,"7":0,"8":0,"9":0},"fnMap":{"1":{"name":"deleteCapture","line":6,"loc":{"start":{"line":6,"column":0},"end":{"line":6,"column":39}}},"2":{"name":"(anonymous_2)","line":33,"loc":{"start":{"line":33,"column":37},"end":{"line":33,"column":52}}},"3":{"name":"(anonymous_3)","line":35,"loc":{"start":{"line":35,"column":25},"end":{"line":35,"column":42}}},"4":{"name":"(anonymous_4)","line":38,"loc":{"start":{"line":38,"column":24},"end":{"line":38,"column":36}}},"5":{"name":"(anonymous_5)","line":43,"loc":{"start":{"line":43,"column":21},"end":{"line":43,"column":34}}},"6":{"name":"requests","line":58,"loc":{"start":{"line":58,"column":0},"end":{"line":58,"column":26}}},"7":{"name":"(anonymous_7)","line":60,"loc":{"start":{"line":60,"column":33},"end":{"line":60,"column":49}}},"8":{"name":"(anonymous_8)","line":61,"loc":{"start":{"line":61,"column":40},"end":{"line":61,"column":55}}},"9":{"name":"(anonymous_9)","line":68,"loc":{"start":{"line":68,"column":29},"end":{"line":68,"column":45}}}},"statementMap":{"1":{"start":{"line":1,"column":0},"end":{"line":1,"column":27}},"2":{"start":{"line":2,"column":0},"end":{"line":2,"column":30}},"3":{"start":{"line":3,"column":0},"end":{"line":3,"column":41}},"4":{"start":{"line":4,"column":0},"end":{"line":4,"column":46}},"5":{"start":{"line":6,"column":0},"end":{"line":56,"column":1}},"6":{"start":{"line":7,"column":5},"end":{"line":17,"column":8}},"7":{"start":{"line":19,"column":5},"end":{"line":27,"column":7}},"8":{"start":{"line":29,"column":5},"end":{"line":31,"column":6}},"9":{"start":{"line":30,"column":10},"end":{"line":30,"column":51}},"10":{"start":{"line":33,"column":5},"end":{"line":41,"column":8}},"11":{"start":{"line":34,"column":10},"end":{"line":34,"column":34}},"12":{"start":{"line":35,"column":10},"end":{"line":37,"column":13}},"13":{"start":{"line":36,"column":15},"end":{"line":36,"column":34}},"14":{"start":{"line":38,"column":10},"end":{"line":40,"column":13}},"15":{"start":{"line":39,"column":15},"end":{"line":39,"column":56}},"16":{"start":{"line":43,"column":5},"end":{"line":51,"column":8}},"17":{"start":{"line":50,"column":10},"end":{"line":50,"column":58}},"18":{"start":{"line":54,"column":5},"end":{"line":54,"column":25}},"19":{"start":{"line":55,"column":5},"end":{"line":55,"column":15}},"20":{"start":{"line":58,"column":0},"end":{"line":159,"column":1}},"21":{"start":{"line":60,"column":5},"end":{"line":66,"column":8}},"22":{"start":{"line":61,"column":10},"end":{"line":65,"column":13}},"23":{"start":{"line":62,"column":15},"end":{"line":64,"column":16}},"24":{"start":{"line":63,"column":20},"end":{"line":63,"column":65}},"25":{"start":{"line":68,"column":5},"end":{"line":158,"column":8}},"26":{"start":{"line":69,"column":10},"end":{"line":69,"column":46}},"27":{"start":{"line":71,"column":10},"end":{"line":117,"column":12}},"28":{"start":{"line":118,"column":10},"end":{"line":118,"column":28}},"29":{"start":{"line":161,"column":0},"end":{"line":161,"column":26}}},"branchMap":{"1":{"line":20,"type":"binary-expr","locations":[{"start":{"line":20,"column":20},"end":{"line":20,"column":40}},{"start":{"line":20,"column":44},"end":{"line":20,"column":55}}]},"2":{"line":29,"type":"if","locations":[{"start":{"line":29,"column":5},"end":{"line":29,"column":5}},{"start":{"line":29,"column":5},"end":{"line":29,"column":5}}]},"3":{"line":29,"type":"binary-expr","locations":[{"start":{"line":29,"column":9},"end":{"line":29,"column":39}},{"start":{"line":29,"column":43},"end":{"line":29,"column":68}}]},"4":{"line":62,"type":"if","locations":[{"start":{"line":62,"column":15},"end":{"line":62,"column":15}},{"start":{"line":62,"column":15},"end":{"line":62,"column":15}}]}}},"app/api-requests/requests/pageScan.js":{"path":"app/api-requests/requests/pageScan.js","s":{"1":1,"2":1,"3":0,"4":0,"5":0,"6":0,"7":0,"8":0,"9":0,"10":0,"11":0,"12":0,"13":0,"14":0,"15":0,"16":0,"17":0,"18":0,"19":0,"20":0,"21":0,"22":0,"23":0,"24":0,"25":0,"26":0,"27":1},"b":{"1":[0,0]},"f":{"1":0,"2":0,"3":0,"4":0,"5":0,"6":0},"fnMap":{"1":{"name":"pageScanRequest","line":21,"loc":{"start":{"line":21,"column":0},"end":{"line":21,"column":34}}},"2":{"name":"(anonymous_2)","line":24,"loc":{"start":{"line":24,"column":61},"end":{"line":24,"column":73}}},"3":{"name":"(anonymous_3)","line":37,"loc":{"start":{"line":37,"column":23},"end":{"line":37,"column":38}}},"4":{"name":"(anonymous_4)","line":54,"loc":{"start":{"line":54,"column":95},"end":{"line":54,"column":108}}},"5":{"name":"(anonymous_5)","line":78,"loc":{"start":{"line":78,"column":29},"end":{"line":78,"column":44}}},"6":{"name":"(anonymous_6)","line":106,"loc":{"start":{"line":106,"column":8},"end":{"line":106,"column":23}}}},"statementMap":{"1":{"start":{"line":6,"column":0},"end":{"line":11,"column":35}},"2":{"start":{"line":21,"column":0},"end":{"line":112,"column":1}},"3":{"start":{"line":22,"column":5},"end":{"line":22,"column":27}},"4":{"start":{"line":23,"column":5},"end":{"line":23,"column":47}},"5":{"start":{"line":24,"column":5},"end":{"line":110,"column":8}},"6":{"start":{"line":25,"column":10},"end":{"line":25,"column":31}},"7":{"start":{"line":27,"column":10},"end":{"line":27,"column":53}},"8":{"start":{"line":28,"column":10},"end":{"line":33,"column":12}},"9":{"start":{"line":34,"column":10},"end":{"line":34,"column":58}},"10":{"start":{"line":35,"column":10},"end":{"line":35,"column":31}},"11":{"start":{"line":36,"column":10},"end":{"line":36,"column":45}},"12":{"start":{"line":37,"column":10},"end":{"line":104,"column":13}},"13":{"start":{"line":38,"column":15},"end":{"line":38,"column":36}},"14":{"start":{"line":39,"column":15},"end":{"line":103,"column":16}},"15":{"start":{"line":40,"column":20},"end":{"line":40,"column":64}},"16":{"start":{"line":41,"column":20},"end":{"line":51,"column":23}},"17":{"start":{"line":53,"column":20},"end":{"line":53,"column":61}},"18":{"start":{"line":54,"column":20},"end":{"line":102,"column":23}},"19":{"start":{"line":55,"column":25},"end":{"line":55,"column":79}},"20":{"start":{"line":57,"column":25},"end":{"line":67,"column":28}},"21":{"start":{"line":79,"column":25},"end":{"line":79,"column":77}},"22":{"start":{"line":80,"column":25},"end":{"line":91,"column":28}},"23":{"start":{"line":107,"column":10},"end":{"line":107,"column":29}},"24":{"start":{"line":108,"column":10},"end":{"line":108,"column":61}},"25":{"start":{"line":109,"column":10},"end":{"line":109,"column":28}},"26":{"start":{"line":111,"column":5},"end":{"line":111,"column":26}},"27":{"start":{"line":114,"column":0},"end":{"line":114,"column":33}}},"branchMap":{"1":{"line":39,"type":"if","locations":[{"start":{"line":39,"column":15},"end":{"line":39,"column":15}},{"start":{"line":39,"column":15},"end":{"line":39,"column":15}}]}}},"app/config/stripe-events.js":{"path":"app/config/stripe-events.js","s":{"1":1,"2":1,"3":1,"4":0,"5":0,"6":0,"7":0,"8":0,"9":0,"10":0,"11":0,"12":0,"13":0,"14":0,"15":0,"16":0,"17":0,"18":0,"19":0,"20":0,"21":0,"22":0,"23":0,"24":0,"25":0,"26":0,"27":0,"28":0,"29":0,"30":0,"31":0,"32":0,"33":0,"34":0,"35":0,"36":0,"37":0,"38":0,"39":0,"40":0,"41":0,"42":0,"43":0,"44":0,"45":0,"46":0,"47":0,"48":0,"49":0,"50":0,"51":0,"52":0,"53":0,"54":0,"55":0,"56":0,"57":0,"58":0,"59":0,"60":0,"61":0,"62":0,"63":0,"64":0,"65":0,"66":0,"67":0,"68":0,"69":0,"70":0,"71":0,"72":0,"73":0,"74":0,"75":0,"76":0,"77":0,"78":0,"79":0,"80":0,"81":0,"82":0,"83":0,"84":0,"85":0,"86":0,"87":0,"88":0,"89":0,"90":0,"91":0,"92":0,"93":0,"94":0,"95":0,"96":0,"97":0,"98":0,"99":0,"100":0,"101":0,"102":0,"103":0,"104":0,"105":0,"106":0,"107":1,"108":0,"109":0,"110":0},"b":{"1":[0,0],"2":[0,0,0],"3":[0,0],"4":[0,0],"5":[0,0],"6":[0,0],"7":[0,0,0]},"f":{"1":0,"2":0,"3":0,"4":0,"5":0,"6":0,"7":0,"8":0,"9":0,"10":0,"11":0,"12":0,"13":0,"14":0,"15":0,"16":0,"17":0,"18":0,"19":0,"20":0,"21":0,"22":0,"23":0,"24":0,"25":0,"26":0,"27":0,"28":0,"29":0,"30":0,"31":0,"32":0,"33":0,"34":0,"35":0,"36":0,"37":0,"38":0,"39":0,"40":0,"41":0,"42":0,"43":0,"44":0,"45":0,"46":0,"47":0,"48":0,"49":0},"fnMap":{"1":{"name":"(anonymous_1)","line":9,"loc":{"start":{"line":9,"column":24},"end":{"line":9,"column":44}}},"2":{"name":"(anonymous_2)","line":13,"loc":{"start":{"line":13,"column":41},"end":{"line":13,"column":61}}},"3":{"name":"(anonymous_3)","line":17,"loc":{"start":{"line":17,"column":32},"end":{"line":17,"column":52}}},"4":{"name":"(anonymous_4)","line":21,"loc":{"start":{"line":21,"column":33},"end":{"line":21,"column":53}}},"5":{"name":"(anonymous_5)","line":25,"loc":{"start":{"line":25,"column":26},"end":{"line":25,"column":46}}},"6":{"name":"(anonymous_6)","line":29,"loc":{"start":{"line":29,"column":25},"end":{"line":29,"column":45}}},"7":{"name":"(anonymous_7)","line":33,"loc":{"start":{"line":33,"column":22},"end":{"line":33,"column":42}}},"8":{"name":"(anonymous_8)","line":37,"loc":{"start":{"line":37,"column":24},"end":{"line":37,"column":44}}},"9":{"name":"(anonymous_9)","line":41,"loc":{"start":{"line":41,"column":24},"end":{"line":41,"column":44}}},"10":{"name":"(anonymous_10)","line":45,"loc":{"start":{"line":45,"column":23},"end":{"line":45,"column":43}}},"11":{"name":"(anonymous_11)","line":49,"loc":{"start":{"line":49,"column":31},"end":{"line":49,"column":51}}},"12":{"name":"(anonymous_12)","line":53,"loc":{"start":{"line":53,"column":31},"end":{"line":53,"column":51}}},"13":{"name":"(anonymous_13)","line":57,"loc":{"start":{"line":57,"column":30},"end":{"line":57,"column":50}}},"14":{"name":"(anonymous_14)","line":61,"loc":{"start":{"line":61,"column":25},"end":{"line":61,"column":45}}},"15":{"name":"(anonymous_15)","line":65,"loc":{"start":{"line":65,"column":25},"end":{"line":65,"column":45}}},"16":{"name":"(anonymous_16)","line":69,"loc":{"start":{"line":69,"column":25},"end":{"line":69,"column":45}}},"17":{"name":"(anonymous_17)","line":73,"loc":{"start":{"line":73,"column":30},"end":{"line":73,"column":50}}},"18":{"name":"(anonymous_18)","line":77,"loc":{"start":{"line":77,"column":30},"end":{"line":77,"column":50}}},"19":{"name":"(anonymous_19)","line":81,"loc":{"start":{"line":81,"column":30},"end":{"line":81,"column":50}}},"20":{"name":"(anonymous_20)","line":85,"loc":{"start":{"line":85,"column":38},"end":{"line":85,"column":58}}},"21":{"name":"(anonymous_21)","line":89,"loc":{"start":{"line":89,"column":38},"end":{"line":89,"column":58}}},"22":{"name":"(anonymous_22)","line":93,"loc":{"start":{"line":93,"column":38},"end":{"line":93,"column":64}}},"23":{"name":"(anonymous_23)","line":101,"loc":{"start":{"line":101,"column":20},"end":{"line":101,"column":41}}},"24":{"name":"(anonymous_24)","line":118,"loc":{"start":{"line":118,"column":33},"end":{"line":118,"column":48}}},"25":{"name":"(anonymous_25)","line":131,"loc":{"start":{"line":131,"column":45},"end":{"line":131,"column":65}}},"26":{"name":"(anonymous_26)","line":135,"loc":{"start":{"line":135,"column":34},"end":{"line":135,"column":54}}},"27":{"name":"(anonymous_27)","line":139,"loc":{"start":{"line":139,"column":34},"end":{"line":139,"column":54}}},"28":{"name":"(anonymous_28)","line":143,"loc":{"start":{"line":143,"column":34},"end":{"line":143,"column":54}}},"29":{"name":"(anonymous_29)","line":147,"loc":{"start":{"line":147,"column":24},"end":{"line":147,"column":44}}},"30":{"name":"(anonymous_30)","line":151,"loc":{"start":{"line":151,"column":24},"end":{"line":151,"column":44}}},"31":{"name":"(anonymous_31)","line":155,"loc":{"start":{"line":155,"column":34},"end":{"line":155,"column":54}}},"32":{"name":"(anonymous_32)","line":159,"loc":{"start":{"line":159,"column":32},"end":{"line":159,"column":52}}},"33":{"name":"(anonymous_33)","line":163,"loc":{"start":{"line":163,"column":28},"end":{"line":163,"column":48}}},"34":{"name":"(anonymous_34)","line":167,"loc":{"start":{"line":167,"column":28},"end":{"line":167,"column":48}}},"35":{"name":"(anonymous_35)","line":171,"loc":{"start":{"line":171,"column":28},"end":{"line":171,"column":48}}},"36":{"name":"(anonymous_36)","line":175,"loc":{"start":{"line":175,"column":21},"end":{"line":175,"column":41}}},"37":{"name":"(anonymous_37)","line":179,"loc":{"start":{"line":179,"column":21},"end":{"line":179,"column":41}}},"38":{"name":"(anonymous_38)","line":183,"loc":{"start":{"line":183,"column":21},"end":{"line":183,"column":41}}},"39":{"name":"(anonymous_39)","line":187,"loc":{"start":{"line":187,"column":23},"end":{"line":187,"column":43}}},"40":{"name":"(anonymous_40)","line":191,"loc":{"start":{"line":191,"column":23},"end":{"line":191,"column":43}}},"41":{"name":"(anonymous_41)","line":195,"loc":{"start":{"line":195,"column":26},"end":{"line":195,"column":46}}},"42":{"name":"(anonymous_42)","line":199,"loc":{"start":{"line":199,"column":26},"end":{"line":199,"column":46}}},"43":{"name":"(anonymous_43)","line":203,"loc":{"start":{"line":203,"column":26},"end":{"line":203,"column":46}}},"44":{"name":"(anonymous_44)","line":207,"loc":{"start":{"line":207,"column":25},"end":{"line":207,"column":45}}},"45":{"name":"(anonymous_45)","line":211,"loc":{"start":{"line":211,"column":25},"end":{"line":211,"column":45}}},"46":{"name":"(anonymous_46)","line":215,"loc":{"start":{"line":215,"column":22},"end":{"line":215,"column":42}}},"47":{"name":"(anonymous_47)","line":219,"loc":{"start":{"line":219,"column":24},"end":{"line":219,"column":44}}},"48":{"name":"(anonymous_48)","line":223,"loc":{"start":{"line":223,"column":13},"end":{"line":223,"column":33}}},"49":{"name":"(anonymous_49)","line":229,"loc":{"start":{"line":229,"column":17},"end":{"line":229,"column":43}}}},"statementMap":{"1":{"start":{"line":3,"column":0},"end":{"line":4,"column":42}},"2":{"start":{"line":5,"column":0},"end":{"line":6,"column":35}},"3":{"start":{"line":8,"column":0},"end":{"line":227,"column":2}},"4":{"start":{"line":10,"column":10},"end":{"line":10,"column":66}},"5":{"start":{"line":11,"column":10},"end":{"line":11,"column":32}},"6":{"start":{"line":14,"column":10},"end":{"line":14,"column":66}},"7":{"start":{"line":15,"column":10},"end":{"line":15,"column":32}},"8":{"start":{"line":18,"column":10},"end":{"line":18,"column":66}},"9":{"start":{"line":19,"column":10},"end":{"line":19,"column":32}},"10":{"start":{"line":22,"column":10},"end":{"line":22,"column":66}},"11":{"start":{"line":23,"column":10},"end":{"line":23,"column":32}},"12":{"start":{"line":26,"column":10},"end":{"line":26,"column":66}},"13":{"start":{"line":27,"column":10},"end":{"line":27,"column":32}},"14":{"start":{"line":30,"column":10},"end":{"line":30,"column":66}},"15":{"start":{"line":31,"column":10},"end":{"line":31,"column":32}},"16":{"start":{"line":34,"column":10},"end":{"line":34,"column":66}},"17":{"start":{"line":35,"column":10},"end":{"line":35,"column":32}},"18":{"start":{"line":38,"column":10},"end":{"line":38,"column":66}},"19":{"start":{"line":39,"column":10},"end":{"line":39,"column":32}},"20":{"start":{"line":42,"column":10},"end":{"line":42,"column":66}},"21":{"start":{"line":43,"column":10},"end":{"line":43,"column":32}},"22":{"start":{"line":46,"column":10},"end":{"line":46,"column":66}},"23":{"start":{"line":47,"column":10},"end":{"line":47,"column":32}},"24":{"start":{"line":50,"column":10},"end":{"line":50,"column":66}},"25":{"start":{"line":51,"column":10},"end":{"line":51,"column":32}},"26":{"start":{"line":54,"column":10},"end":{"line":54,"column":66}},"27":{"start":{"line":55,"column":10},"end":{"line":55,"column":32}},"28":{"start":{"line":58,"column":10},"end":{"line":58,"column":66}},"29":{"start":{"line":59,"column":10},"end":{"line":59,"column":32}},"30":{"start":{"line":62,"column":10},"end":{"line":62,"column":66}},"31":{"start":{"line":63,"column":10},"end":{"line":63,"column":32}},"32":{"start":{"line":66,"column":10},"end":{"line":66,"column":66}},"33":{"start":{"line":67,"column":10},"end":{"line":67,"column":32}},"34":{"start":{"line":70,"column":10},"end":{"line":70,"column":66}},"35":{"start":{"line":71,"column":10},"end":{"line":71,"column":32}},"36":{"start":{"line":74,"column":10},"end":{"line":74,"column":66}},"37":{"start":{"line":75,"column":10},"end":{"line":75,"column":32}},"38":{"start":{"line":78,"column":10},"end":{"line":78,"column":66}},"39":{"start":{"line":79,"column":10},"end":{"line":79,"column":32}},"40":{"start":{"line":82,"column":10},"end":{"line":82,"column":66}},"41":{"start":{"line":83,"column":10},"end":{"line":83,"column":32}},"42":{"start":{"line":86,"column":10},"end":{"line":86,"column":66}},"43":{"start":{"line":87,"column":10},"end":{"line":87,"column":32}},"44":{"start":{"line":90,"column":10},"end":{"line":90,"column":66}},"45":{"start":{"line":91,"column":10},"end":{"line":91,"column":32}},"46":{"start":{"line":94,"column":10},"end":{"line":94,"column":66}},"47":{"start":{"line":96,"column":10},"end":{"line":129,"column":11}},"48":{"start":{"line":98,"column":15},"end":{"line":126,"column":23}},"49":{"start":{"line":102,"column":25},"end":{"line":104,"column":26}},"50":{"start":{"line":103,"column":30},"end":{"line":103,"column":47}},"51":{"start":{"line":105,"column":25},"end":{"line":125,"column":26}},"52":{"start":{"line":107,"column":30},"end":{"line":107,"column":59}},"53":{"start":{"line":110,"column":30},"end":{"line":124,"column":33}},"54":{"start":{"line":119,"column":35},"end":{"line":121,"column":36}},"55":{"start":{"line":120,"column":40},"end":{"line":120,"column":57}},"56":{"start":{"line":122,"column":35},"end":{"line":122,"column":116}},"57":{"start":{"line":123,"column":35},"end":{"line":123,"column":64}},"58":{"start":{"line":128,"column":15},"end":{"line":128,"column":87}},"59":{"start":{"line":132,"column":10},"end":{"line":132,"column":66}},"60":{"start":{"line":133,"column":10},"end":{"line":133,"column":32}},"61":{"start":{"line":136,"column":10},"end":{"line":136,"column":66}},"62":{"start":{"line":137,"column":10},"end":{"line":137,"column":32}},"63":{"start":{"line":140,"column":10},"end":{"line":140,"column":66}},"64":{"start":{"line":141,"column":10},"end":{"line":141,"column":32}},"65":{"start":{"line":144,"column":10},"end":{"line":144,"column":66}},"66":{"start":{"line":145,"column":10},"end":{"line":145,"column":32}},"67":{"start":{"line":148,"column":10},"end":{"line":148,"column":66}},"68":{"start":{"line":149,"column":10},"end":{"line":149,"column":32}},"69":{"start":{"line":152,"column":10},"end":{"line":152,"column":66}},"70":{"start":{"line":153,"column":10},"end":{"line":153,"column":32}},"71":{"start":{"line":156,"column":10},"end":{"line":156,"column":66}},"72":{"start":{"line":157,"column":10},"end":{"line":157,"column":32}},"73":{"start":{"line":160,"column":10},"end":{"line":160,"column":66}},"74":{"start":{"line":161,"column":10},"end":{"line":161,"column":32}},"75":{"start":{"line":164,"column":10},"end":{"line":164,"column":66}},"76":{"start":{"line":165,"column":10},"end":{"line":165,"column":32}},"77":{"start":{"line":168,"column":10},"end":{"line":168,"column":66}},"78":{"start":{"line":169,"column":10},"end":{"line":169,"column":32}},"79":{"start":{"line":172,"column":10},"end":{"line":172,"column":66}},"80":{"start":{"line":173,"column":10},"end":{"line":173,"column":32}},"81":{"start":{"line":176,"column":10},"end":{"line":176,"column":66}},"82":{"start":{"line":177,"column":10},"end":{"line":177,"column":32}},"83":{"start":{"line":180,"column":10},"end":{"line":180,"column":66}},"84":{"start":{"line":181,"column":10},"end":{"line":181,"column":32}},"85":{"start":{"line":184,"column":10},"end":{"line":184,"column":66}},"86":{"start":{"line":185,"column":10},"end":{"line":185,"column":32}},"87":{"start":{"line":188,"column":10},"end":{"line":188,"column":66}},"88":{"start":{"line":189,"column":10},"end":{"line":189,"column":32}},"89":{"start":{"line":192,"column":10},"end":{"line":192,"column":66}},"90":{"start":{"line":193,"column":10},"end":{"line":193,"column":32}},"91":{"start":{"line":196,"column":10},"end":{"line":196,"column":66}},"92":{"start":{"line":197,"column":10},"end":{"line":197,"column":32}},"93":{"start":{"line":200,"column":10},"end":{"line":200,"column":66}},"94":{"start":{"line":201,"column":10},"end":{"line":201,"column":32}},"95":{"start":{"line":204,"column":10},"end":{"line":204,"column":66}},"96":{"start":{"line":205,"column":10},"end":{"line":205,"column":32}},"97":{"start":{"line":208,"column":10},"end":{"line":208,"column":66}},"98":{"start":{"line":209,"column":10},"end":{"line":209,"column":32}},"99":{"start":{"line":212,"column":10},"end":{"line":212,"column":66}},"100":{"start":{"line":213,"column":10},"end":{"line":213,"column":32}},"101":{"start":{"line":216,"column":10},"end":{"line":216,"column":66}},"102":{"start":{"line":217,"column":10},"end":{"line":217,"column":32}},"103":{"start":{"line":220,"column":10},"end":{"line":220,"column":66}},"104":{"start":{"line":221,"column":10},"end":{"line":221,"column":32}},"105":{"start":{"line":224,"column":10},"end":{"line":224,"column":66}},"106":{"start":{"line":225,"column":10},"end":{"line":225,"column":32}},"107":{"start":{"line":229,"column":0},"end":{"line":235,"column":1}},"108":{"start":{"line":230,"column":5},"end":{"line":234,"column":6}},"109":{"start":{"line":231,"column":10},"end":{"line":231,"column":60}},"110":{"start":{"line":233,"column":10},"end":{"line":233,"column":59}}},"branchMap":{"1":{"line":96,"type":"if","locations":[{"start":{"line":96,"column":10},"end":{"line":96,"column":10}},{"start":{"line":96,"column":10},"end":{"line":96,"column":10}}]},"2":{"line":96,"type":"binary-expr","locations":[{"start":{"line":96,"column":14},"end":{"line":96,"column":34}},{"start":{"line":96,"column":38},"end":{"line":96,"column":65}},{"start":{"line":96,"column":69},"end":{"line":96,"column":105}}]},"3":{"line":102,"type":"if","locations":[{"start":{"line":102,"column":25},"end":{"line":102,"column":25}},{"start":{"line":102,"column":25},"end":{"line":102,"column":25}}]},"4":{"line":105,"type":"if","locations":[{"start":{"line":105,"column":25},"end":{"line":105,"column":25}},{"start":{"line":105,"column":25},"end":{"line":105,"column":25}}]},"5":{"line":119,"type":"if","locations":[{"start":{"line":119,"column":35},"end":{"line":119,"column":35}},{"start":{"line":119,"column":35},"end":{"line":119,"column":35}}]},"6":{"line":230,"type":"if","locations":[{"start":{"line":230,"column":5},"end":{"line":230,"column":5}},{"start":{"line":230,"column":5},"end":{"line":230,"column":5}}]},"7":{"line":230,"type":"binary-expr","locations":[{"start":{"line":230,"column":9},"end":{"line":230,"column":24}},{"start":{"line":230,"column":28},"end":{"line":230,"column":48}},{"start":{"line":230,"column":52},"end":{"line":230,"column":85}}]}}},"app/controllers/api-callback-controller.js":{"path":"app/controllers/api-callback-controller.js","s":{"1":1,"2":1,"3":0,"4":0,"5":1},"b":{},"f":{"1":0},"fnMap":{"1":{"name":"callback","line":4,"loc":{"start":{"line":4,"column":0},"end":{"line":4,"column":34}}}},"statementMap":{"1":{"start":{"line":2,"column":0},"end":{"line":2,"column":65}},"2":{"start":{"line":4,"column":0},"end":{"line":9,"column":1}},"3":{"start":{"line":5,"column":5},"end":{"line":5,"column":32}},"4":{"start":{"line":6,"column":5},"end":{"line":8,"column":8}},"5":{"start":{"line":10,"column":0},"end":{"line":10,"column":26}}},"branchMap":{}},"app/controllers/dashboard-controller.js":{"path":"app/controllers/dashboard-controller.js","s":{"1":1,"2":1,"3":0,"4":0,"5":0,"6":0,"7":0,"8":0,"9":0,"10":0,"11":0,"12":0,"13":0,"14":0,"15":0,"16":0,"17":0,"18":0,"19":0,"20":0,"21":0,"22":0,"23":0,"24":0,"25":0,"26":0,"27":1,"28":0,"29":0,"30":0,"31":0,"32":0,"33":0,"34":0,"35":0,"36":0,"37":0,"38":0,"39":0,"40":0,"41":0,"42":0,"43":0,"44":1,"45":0,"46":0,"47":0,"48":0,"49":0,"50":0,"51":0,"52":0,"53":1,"54":0,"55":0,"56":0,"57":0,"58":0,"59":0,"60":0,"61":0},"b":{"1":[0,0],"2":[0,0],"3":[0,0],"4":[0,0],"5":[0,0],"6":[0,0],"7":[0,0],"8":[0,0],"9":[0,0],"10":[0,0],"11":[0,0],"12":[0,0]},"f":{"1":0,"2":0,"3":0,"4":0,"5":0,"6":0,"7":0,"8":0,"9":0},"fnMap":{"1":{"name":"(anonymous_1)","line":10,"loc":{"start":{"line":10,"column":22},"end":{"line":10,"column":42}}},"2":{"name":"(anonymous_2)","line":14,"loc":{"start":{"line":14,"column":16},"end":{"line":14,"column":44}}},"3":{"name":"(anonymous_3)","line":18,"loc":{"start":{"line":18,"column":31},"end":{"line":18,"column":52}}},"4":{"name":"(anonymous_4)","line":21,"loc":{"start":{"line":21,"column":41},"end":{"line":21,"column":62}}},"5":{"name":"(anonymous_5)","line":40,"loc":{"start":{"line":40,"column":59},"end":{"line":40,"column":78}}},"6":{"name":"(anonymous_6)","line":69,"loc":{"start":{"line":69,"column":21},"end":{"line":69,"column":41}}},"7":{"name":"(anonymous_7)","line":98,"loc":{"start":{"line":98,"column":53},"end":{"line":98,"column":81}}},"8":{"name":"(anonymous_8)","line":119,"loc":{"start":{"line":119,"column":21},"end":{"line":119,"column":41}}},"9":{"name":"(anonymous_9)","line":140,"loc":{"start":{"line":140,"column":21},"end":{"line":140,"column":41}}}},"statementMap":{"1":{"start":{"line":2,"column":0},"end":{"line":8,"column":28}},"2":{"start":{"line":10,"column":0},"end":{"line":67,"column":2}},"3":{"start":{"line":11,"column":5},"end":{"line":11,"column":63}},"4":{"start":{"line":12,"column":5},"end":{"line":12,"column":28}},"5":{"start":{"line":13,"column":5},"end":{"line":66,"column":13}},"6":{"start":{"line":15,"column":15},"end":{"line":15,"column":63}},"7":{"start":{"line":16,"column":15},"end":{"line":65,"column":16}},"8":{"start":{"line":17,"column":20},"end":{"line":59,"column":28}},"9":{"start":{"line":19,"column":30},"end":{"line":19,"column":68}},"10":{"start":{"line":20,"column":30},"end":{"line":58,"column":38}},"11":{"start":{"line":22,"column":40},"end":{"line":22,"column":71}},"12":{"start":{"line":23,"column":40},"end":{"line":26,"column":42}},"13":{"start":{"line":27,"column":40},"end":{"line":32,"column":41}},"14":{"start":{"line":28,"column":45},"end":{"line":28,"column":78}},"15":{"start":{"line":29,"column":45},"end":{"line":29,"column":63}},"16":{"start":{"line":33,"column":40},"end":{"line":39,"column":42}},"17":{"start":{"line":40,"column":40},"end":{"line":50,"column":43}},"18":{"start":{"line":41,"column":45},"end":{"line":41,"column":93}},"19":{"start":{"line":42,"column":45},"end":{"line":49,"column":46}},"20":{"start":{"line":44,"column":50},"end":{"line":44,"column":85}},"21":{"start":{"line":45,"column":50},"end":{"line":45,"column":93}},"22":{"start":{"line":46,"column":50},"end":{"line":46,"column":95}},"23":{"start":{"line":47,"column":50},"end":{"line":47,"column":87}},"24":{"start":{"line":48,"column":50},"end":{"line":48,"column":120}},"25":{"start":{"line":52,"column":40},"end":{"line":57,"column":43}},"26":{"start":{"line":62,"column":20},"end":{"line":64,"column":23}},"27":{"start":{"line":69,"column":0},"end":{"line":117,"column":2}},"28":{"start":{"line":70,"column":5},"end":{"line":70,"column":58}},"29":{"start":{"line":71,"column":5},"end":{"line":71,"column":28}},"30":{"start":{"line":72,"column":5},"end":{"line":82,"column":6}},"31":{"start":{"line":73,"column":10},"end":{"line":79,"column":12}},"32":{"start":{"line":81,"column":10},"end":{"line":81,"column":30}},"33":{"start":{"line":83,"column":5},"end":{"line":86,"column":42}},"34":{"start":{"line":88,"column":5},"end":{"line":90,"column":6}},"35":{"start":{"line":89,"column":10},"end":{"line":89,"column":42}},"36":{"start":{"line":91,"column":5},"end":{"line":93,"column":6}},"37":{"start":{"line":92,"column":10},"end":{"line":92,"column":32}},"38":{"start":{"line":94,"column":5},"end":{"line":97,"column":7}},"39":{"start":{"line":98,"column":5},"end":{"line":115,"column":8}},"40":{"start":{"line":99,"column":10},"end":{"line":99,"column":63}},"41":{"start":{"line":100,"column":10},"end":{"line":114,"column":11}},"42":{"start":{"line":102,"column":15},"end":{"line":109,"column":18}},"43":{"start":{"line":111,"column":15},"end":{"line":113,"column":18}},"44":{"start":{"line":119,"column":0},"end":{"line":138,"column":2}},"45":{"start":{"line":120,"column":5},"end":{"line":120,"column":75}},"46":{"start":{"line":121,"column":5},"end":{"line":121,"column":28}},"47":{"start":{"line":122,"column":5},"end":{"line":125,"column":42}},"48":{"start":{"line":126,"column":5},"end":{"line":128,"column":6}},"49":{"start":{"line":127,"column":10},"end":{"line":127,"column":42}},"50":{"start":{"line":129,"column":5},"end":{"line":131,"column":6}},"51":{"start":{"line":130,"column":10},"end":{"line":130,"column":32}},"52":{"start":{"line":132,"column":5},"end":{"line":137,"column":8}},"53":{"start":{"line":140,"column":0},"end":{"line":160,"column":2}},"54":{"start":{"line":141,"column":5},"end":{"line":141,"column":64}},"55":{"start":{"line":142,"column":5},"end":{"line":142,"column":28}},"56":{"start":{"line":143,"column":5},"end":{"line":146,"column":42}},"57":{"start":{"line":147,"column":5},"end":{"line":149,"column":6}},"58":{"start":{"line":148,"column":10},"end":{"line":148,"column":42}},"59":{"start":{"line":150,"column":5},"end":{"line":152,"column":6}},"60":{"start":{"line":151,"column":10},"end":{"line":151,"column":32}},"61":{"start":{"line":153,"column":5},"end":{"line":159,"column":8}}},"branchMap":{"1":{"line":16,"type":"if","locations":[{"start":{"line":16,"column":15},"end":{"line":16,"column":15}},{"start":{"line":16,"column":15},"end":{"line":16,"column":15}}]},"2":{"line":27,"type":"if","locations":[{"start":{"line":27,"column":40},"end":{"line":27,"column":40}},{"start":{"line":27,"column":40},"end":{"line":27,"column":40}}]},"3":{"line":42,"type":"if","locations":[{"start":{"line":42,"column":45},"end":{"line":42,"column":45}},{"start":{"line":42,"column":45},"end":{"line":42,"column":45}}]},"4":{"line":42,"type":"binary-expr","locations":[{"start":{"line":42,"column":49},"end":{"line":42,"column":56}},{"start":{"line":42,"column":60},"end":{"line":42,"column":74}}]},"5":{"line":48,"type":"cond-expr","locations":[{"start":{"line":48,"column":114},"end":{"line":48,"column":115}},{"start":{"line":48,"column":118},"end":{"line":48,"column":119}}]},"6":{"line":88,"type":"if","locations":[{"start":{"line":88,"column":5},"end":{"line":88,"column":5}},{"start":{"line":88,"column":5},"end":{"line":88,"column":5}}]},"7":{"line":91,"type":"if","locations":[{"start":{"line":91,"column":5},"end":{"line":91,"column":5}},{"start":{"line":91,"column":5},"end":{"line":91,"column":5}}]},"8":{"line":100,"type":"if","locations":[{"start":{"line":100,"column":10},"end":{"line":100,"column":10}},{"start":{"line":100,"column":10},"end":{"line":100,"column":10}}]},"9":{"line":126,"type":"if","locations":[{"start":{"line":126,"column":5},"end":{"line":126,"column":5}},{"start":{"line":126,"column":5},"end":{"line":126,"column":5}}]},"10":{"line":129,"type":"if","locations":[{"start":{"line":129,"column":5},"end":{"line":129,"column":5}},{"start":{"line":129,"column":5},"end":{"line":129,"column":5}}]},"11":{"line":147,"type":"if","locations":[{"start":{"line":147,"column":5},"end":{"line":147,"column":5}},{"start":{"line":147,"column":5},"end":{"line":147,"column":5}}]},"12":{"line":150,"type":"if","locations":[{"start":{"line":150,"column":5},"end":{"line":150,"column":5}},{"start":{"line":150,"column":5},"end":{"line":150,"column":5}}]}}},"app/controllers/issues-controller.js":{"path":"app/controllers/issues-controller.js","s":{},"b":{},"f":{},"fnMap":{},"statementMap":{},"branchMap":{}},"app/controllers/main-controller.js":{"path":"app/controllers/main-controller.js","s":{"1":1,"2":1,"3":0,"4":0,"5":0,"6":0,"7":0,"8":0},"b":{"1":[0,0],"2":[0,0]},"f":{"1":0},"fnMap":{"1":{"name":"(anonymous_1)","line":3,"loc":{"start":{"line":3,"column":18},"end":{"line":3,"column":38}}}},"statementMap":{"1":{"start":{"line":2,"column":0},"end":{"line":2,"column":64}},"2":{"start":{"line":3,"column":0},"end":{"line":20,"column":2}},"3":{"start":{"line":4,"column":5},"end":{"line":7,"column":42}},"4":{"start":{"line":9,"column":5},"end":{"line":11,"column":6}},"5":{"start":{"line":10,"column":10},"end":{"line":10,"column":42}},"6":{"start":{"line":12,"column":5},"end":{"line":14,"column":6}},"7":{"start":{"line":13,"column":10},"end":{"line":13,"column":32}},"8":{"start":{"line":15,"column":5},"end":{"line":19,"column":8}}},"branchMap":{"1":{"line":9,"type":"if","locations":[{"start":{"line":9,"column":5},"end":{"line":9,"column":5}},{"start":{"line":9,"column":5},"end":{"line":9,"column":5}}]},"2":{"line":12,"type":"if","locations":[{"start":{"line":12,"column":5},"end":{"line":12,"column":5}},{"start":{"line":12,"column":5},"end":{"line":12,"column":5}}]}}},"app/controllers/passwords-controller.js":{"path":"app/controllers/passwords-controller.js","s":{"1":1,"2":1,"3":1,"4":1,"5":1,"6":1,"7":1,"8":1,"9":0,"10":0,"11":0,"12":0,"13":0,"14":0,"15":0,"16":0,"17":0,"18":0,"19":0,"20":0,"21":0,"22":0,"23":0,"24":0,"25":0,"26":0,"27":0,"28":1,"29":0,"30":0,"31":0,"32":0,"33":0,"34":0,"35":0,"36":0,"37":1,"38":0,"39":0,"40":0,"41":0,"42":0,"43":0,"44":0,"45":0,"46":0,"47":0,"48":0,"49":0,"50":0,"51":0,"52":0,"53":0,"54":0,"55":0,"56":0,"57":0,"58":0,"59":0,"60":0,"61":0,"62":0,"63":1,"64":0,"65":0,"66":0,"67":0,"68":0,"69":0,"70":0,"71":0,"72":0,"73":0,"74":0,"75":0,"76":1,"77":0,"78":0,"79":0,"80":0,"81":0,"82":0,"83":0,"84":0,"85":0,"86":0,"87":0,"88":0,"89":0,"90":0,"91":0,"92":0,"93":0,"94":0,"95":0,"96":0,"97":0,"98":0,"99":0,"100":0,"101":0,"102":0,"103":0,"104":0,"105":0,"106":0,"107":0,"108":0},"b":{"1":[0,0],"2":[0,0],"3":[0,0],"4":[0,0],"5":[0,0],"6":[0,0],"7":[0,0],"8":[0,0],"9":[0,0],"10":[0,0],"11":[0,0],"12":[0,0],"13":[0,0],"14":[0,0],"15":[0,0],"16":[0,0],"17":[0,0],"18":[0,0],"19":[0,0]},"f":{"1":0,"2":0,"3":0,"4":0,"5":0,"6":0,"7":0,"8":0,"9":0,"10":0,"11":0,"12":0,"13":0,"14":0,"15":0,"16":0,"17":0,"18":0,"19":0,"20":0,"21":0,"22":0,"23":0,"24":0,"25":0},"fnMap":{"1":{"name":"(anonymous_1)","line":13,"loc":{"start":{"line":13,"column":26},"end":{"line":13,"column":52}}},"2":{"name":"(anonymous_2)","line":24,"loc":{"start":{"line":24,"column":38},"end":{"line":24,"column":59}}},"3":{"name":"(anonymous_3)","line":31,"loc":{"start":{"line":31,"column":13},"end":{"line":31,"column":28}}},"4":{"name":"(anonymous_4)","line":41,"loc":{"start":{"line":41,"column":18},"end":{"line":41,"column":33}}},"5":{"name":"(anonymous_5)","line":56,"loc":{"start":{"line":56,"column":28},"end":{"line":56,"column":48}}},"6":{"name":"(anonymous_6)","line":81,"loc":{"start":{"line":81,"column":29},"end":{"line":81,"column":55}}},"7":{"name":"(anonymous_7)","line":95,"loc":{"start":{"line":95,"column":10},"end":{"line":95,"column":26}}},"8":{"name":"(anonymous_8)","line":96,"loc":{"start":{"line":96,"column":38},"end":{"line":96,"column":58}}},"9":{"name":"(anonymous_9)","line":101,"loc":{"start":{"line":101,"column":10},"end":{"line":101,"column":33}}},"10":{"name":"(anonymous_10)","line":104,"loc":{"start":{"line":104,"column":18},"end":{"line":104,"column":39}}},"11":{"name":"(anonymous_11)","line":119,"loc":{"start":{"line":119,"column":23},"end":{"line":119,"column":38}}},"12":{"name":"(anonymous_12)","line":124,"loc":{"start":{"line":124,"column":10},"end":{"line":1
[...]
":{"start":{"line":103,"column":10},"end":{"line":105,"column":11}},"49":{"start":{"line":104,"column":15},"end":{"line":104,"column":40}},"50":{"start":{"line":107,"column":10},"end":{"line":107,"column":88}},"51":{"start":{"line":109,"column":10},"end":{"line":121,"column":18}},"52":{"start":{"line":117,"column":20},"end":{"line":119,"column":21}},"53":{"start":{"line":118,"column":25},"end":{"line":118,"column":40}},"54":{"start":{"line":120,"column":20},"end":{"line":120,"column":36}},"55":{"start":{"line":123,"column":5},"end":{"line":132,"column":6}},"56":{"start":{"line":124,"column":10},"end":{"line":126,"column":26}},"57":{"start":{"line":128,"column":10},"end":{"line":131,"column":26}},"58":{"start":{"line":135,"column":0},"end":{"line":147,"column":1}},"59":{"start":{"line":136,"column":5},"end":{"line":146,"column":6}},"60":{"start":{"line":137,"column":10},"end":{"line":143,"column":13}},"61":{"start":{"line":140,"column":15},"end":{"line":140,"column":20}},"62":{"start":{"line":142,"column":15},"end":{"line":142,"column":30}},"63":{"start":{"line":145,"column":10},"end":{"line":145,"column":15}},"64":{"start":{"line":149,"column":0},"end":{"line":149,"column":33}},"65":{"start":{"line":150,"column":0},"end":{"line":150,"column":43}},"66":{"start":{"line":151,"column":0},"end":{"line":151,"column":33}},"67":{"start":{"line":152,"column":0},"end":{"line":152,"column":53}},"68":{"start":{"line":153,"column":0},"end":{"line":153,"column":33}}},"branchMap":{"1":{"line":11,"type":"if","locations":[{"start":{"line":11,"column":10},"end":{"line":11,"column":10}},{"start":{"line":11,"column":10},"end":{"line":11,"column":10}}]},"2":{"line":17,"type":"if","locations":[{"start":{"line":17,"column":15},"end":{"line":17,"column":15}},{"start":{"line":17,"column":15},"end":{"line":17,"column":15}}]},"3":{"line":33,"type":"if","locations":[{"start":{"line":33,"column":5},"end":{"line":33,"column":5}},{"start":{"line":33,"column":5},"end":{"line":33,"column":5}}]},"4":{"line":35,"type":"if","locations":[{"start":{"line":35,"column":15},"end":{"line":35,"column":15}},{"start":{"line":35,"column":15},"end":{"line":35,"column":15}}]},"5":{"line":42,"type":"if","locations":[{"start":{"line":42,"column":10},"end":{"line":42,"column":10}},{"start":{"line":42,"column":10},"end":{"line":42,"column":10}}]},"6":{"line":61,"type":"if","locations":[{"start":{"line":61,"column":10},"end":{"line":61,"column":10}},{"start":{"line":61,"column":10},"end":{"line":61,"column":10}}]},"7":{"line":72,"type":"if","locations":[{"start":{"line":72,"column":5},"end":{"line":72,"column":5}},{"start":{"line":72,"column":5},"end":{"line":72,"column":5}}]},"8":{"line":72,"type":"binary-expr","locations":[{"start":{"line":72,"column":9},"end":{"line":72,"column":20}},{"start":{"line":72,"column":24},"end":{"line":72,"column":39}}]},"9":{"line":76,"type":"if","locations":[{"start":{"line":76,"column":10},"end":{"line":76,"column":10}},{"start":{"line":76,"column":10},"end":{"line":76,"column":10}}]},"10":{"line":85,"type":"if","locations":[{"start":{"line":85,"column":5},"end":{"line":85,"column":5}},{"start":{"line":85,"column":5},"end":{"line":85,"column":5}}]},"11":{"line":99,"type":"if","locations":[{"start":{"line":99,"column":10},"end":{"line":99,"column":10}},{"start":{"line":99,"column":10},"end":{"line":99,"column":10}}]},"12":{"line":103,"type":"if","locations":[{"start":{"line":103,"column":10},"end":{"line":103,"column":10}},{"start":{"line":103,"column":10},"end":{"line":103,"column":10}}]},"13":{"line":107,"type":"cond-expr","locations":[{"start":{"line":107,"column":38},"end":{"line":107,"column":60}},{"start":{"line":107,"column":63},"end":{"line":107,"column":87}}]},"14":{"line":117,"type":"if","locations":[{"start":{"line":117,"column":20},"end":{"line":117,"column":20}},{"start":{"line":117,"column":20},"end":{"line":117,"column":20}}]},"15":{"line":123,"type":"if","locations":[{"start":{"line":123,"column":5},"end":{"line":123,"column":5}},{"start":{"line":123,"column":5},"end":{"line":123,"column":5}}]},"16":{"line":136,"type":"if","locations":[{"start":{"line":136,"column":5},"end":{"line":136,"column":5}},{"start":{"line":136,"column":5},"end":{"line":136,"column":5}}]}}},"app/middleware/error.js":{"path":"app/middleware/error.js","s":{"1":1,"2":0,"3":0,"4":0,"5":0,"6":0,"7":0,"8":0,"9":0,"10":0,"11":0,"12":0,"13":0,"14":0},"b":{"1":[0,0],"2":[0,0],"3":[0,0]},"f":{"1":0,"2":0,"3":0,"4":0,"5":0,"6":0,"7":0},"fnMap":{"1":{"name":"(anonymous_1)","line":5,"loc":{"start":{"line":5,"column":15},"end":{"line":5,"column":41}}},"2":{"name":"(anonymous_2)","line":12,"loc":{"start":{"line":12,"column":18},"end":{"line":12,"column":43}}},"3":{"name":"(anonymous_3)","line":20,"loc":{"start":{"line":20,"column":21},"end":{"line":20,"column":33}}},"4":{"name":"(anonymous_4)","line":23,"loc":{"start":{"line":23,"column":21},"end":{"line":23,"column":33}}},"5":{"name":"(anonymous_5)","line":31,"loc":{"start":{"line":31,"column":17},"end":{"line":31,"column":42}}},"6":{"name":"(anonymous_6)","line":39,"loc":{"start":{"line":39,"column":21},"end":{"line":39,"column":33}}},"7":{"name":"(anonymous_7)","line":42,"loc":{"start":{"line":42,"column":21},"end":{"line":42,"column":33}}}},"statementMap":{"1":{"start":{"line":3,"column":0},"end":{"line":47,"column":2}},"2":{"start":{"line":6,"column":10},"end":{"line":6,"column":43}},"3":{"start":{"line":8,"column":10},"end":{"line":8,"column":27}},"4":{"start":{"line":9,"column":10},"end":{"line":9,"column":20}},"5":{"start":{"line":13,"column":10},"end":{"line":16,"column":12}},"6":{"start":{"line":18,"column":10},"end":{"line":18,"column":40}},"7":{"start":{"line":19,"column":10},"end":{"line":28,"column":13}},"8":{"start":{"line":21,"column":20},"end":{"line":21,"column":42}},"9":{"start":{"line":24,"column":20},"end":{"line":26,"column":23}},"10":{"start":{"line":32,"column":10},"end":{"line":35,"column":12}},"11":{"start":{"line":37,"column":10},"end":{"line":37,"column":40}},"12":{"start":{"line":38,"column":10},"end":{"line":45,"column":13}},"13":{"start":{"line":40,"column":20},"end":{"line":40,"column":42}},"14":{"start":{"line":43,"column":20},"end":{"line":43,"column":53}}},"branchMap":{"1":{"line":18,"type":"binary-expr","locations":[{"start":{"line":18,"column":21},"end":{"line":18,"column":31}},{"start":{"line":18,"column":35},"end":{"line":18,"column":38}}]},"2":{"line":33,"type":"binary-expr","locations":[{"start":{"line":33,"column":24},"end":{"line":33,"column":35}},{"start":{"line":33,"column":39},"end":{"line":33,"column":50}}]},"3":{"line":37,"type":"binary-expr","locations":[{"start":{"line":37,"column":21},"end":{"line":37,"column":31}},{"start":{"line":37,"column":35},"end":{"line":37,"column":38}}]}}},"app/middleware/view-helper.js":{"path":"app/middleware/view-helper.js","s":{"1":1,"2":1,"3":0,"4":0,"5":0},"b":{},"f":{"1":0},"fnMap":{"1":{"name":"(anonymous_1)","line":5,"loc":{"start":{"line":5,"column":17},"end":{"line":5,"column":43}}}},"statementMap":{"1":{"start":{"line":3,"column":0},"end":{"line":3,"column":43}},"2":{"start":{"line":5,"column":0},"end":{"line":9,"column":2}},"3":{"start":{"line":6,"column":5},"end":{"line":6,"column":32}},"4":{"start":{"line":7,"column":5},"end":{"line":7,"column":58}},"5":{"start":{"line":8,"column":5},"end":{"line":8,"column":12}}},"branchMap":{}},"app/middleware/passport.js":{"path":"app/middleware/passport.js","s":{"1":1,"2":1,"3":1,"4":1,"5":1,"6":1,"7":1,"8":1,"9":1,"10":1,"11":0,"12":0,"13":0,"14":0,"15":1,"16":1,"17":0,"18":0,"19":1,"20":0,"21":0,"22":0,"23":1,"24":0,"25":0,"26":0,"27":1,"28":0,"29":0,"30":0,"31":0,"32":0,"33":0,"34":0,"35":1,"36":0,"37":0,"38":0,"39":0,"40":0,"41":0,"42":0,"43":0,"44":0,"45":0,"46":0,"47":0,"48":0,"49":0,"50":1,"51":0,"52":0,"53":0,"54":0,"55":0,"56":0,"57":0,"58":0,"59":0,"60":0,"61":0,"62":0,"63":0,"64":0,"65":0,"66":0,"67":0,"68":0,"69":0,"70":0,"71":0},"b":{"1":[0,0],"2":[0,0],"3":[0,0],"4":[0,0],"5":[0,0],"6":[0,0],"7":[0,0]},"f":{"1":0,"2":0,"3":1,"4":0,"5":0,"6":0,"7":0,"8":0,"9":0,"10":0,"11":0,"12":0,"13":0,"14":0,"15":0,"16":0,"17":0,"18":0},"fnMap":{"1":{"name":"_pre","line":11,"loc":{"start":{"line":11,"column":0},"end":{"line":11,"column":24}}},"2":{"name":"(anonymous_2)","line":12,"loc":{"start":{"line":12,"column":56},"end":{"line":12,"column":77}}},"3":{"name":"(anonymous_3)","line":21,"loc":{"start":{"line":21,"column":17},"end":{"line":21,"column":37}}},"4":{"name":"(anonymous_4)","line":23,"loc":{"start":{"line":23,"column":28},"end":{"line":23,"column":50}}},"5":{"name":"(anonymous_5)","line":28,"loc":{"start":{"line":28,"column":30},"end":{"line":28,"column":51}}},"6":{"name":"(anonymous_6)","line":33,"loc":{"start":{"line":33,"column":15},"end":{"line":33,"column":36}}},"7":{"name":"createToken","line":38,"loc":{"start":{"line":38,"column":5},"end":{"line":38,"column":33}}},"8":{"name":"(anonymous_8)","line":51,"loc":{"start":{"line":51,"column":10},"end":{"line":51,"column":48}}},"9":{"name":"(anonymous_9)","line":57,"loc":{"start":{"line":57,"column":20},"end":{"line":57,"column":41}}},"10":{"name":"comparePassword","line":66,"loc":{"start":{"line":66,"column":25},"end":{"line":66,"column":73}}},"11":{"name":"(anonymous_11)","line":67,"loc":{"start":{"line":67,"column":79},"end":{"line":67,"column":103}}},"12":{"name":"(anonymous_12)","line":74,"loc":{"start":{"line":74,"column":51},"end":{"line":74,"column":75}}},"13":{"name":"(anonymous_13)","line":101,"loc":{"start":{"line":101,"column":10},"end":{"line":101,"column":48}}},"14":{"name":"(anonymous_14)","line":103,"loc":{"start":{"line":103,"column":38},"end":{"line":103,"column":50}}},"15":{"name":"(anonymous_15)","line":107,"loc":{"start":{"line":107,"column":25},"end":{"line":107,"column":54}}},"16":{"name":"(anonymous_16)","line":115,"loc":{"start":{"line":115,"column":63},"end":{"line":115,"column":79}}},"17":{"name":"(anonymous_17)","line":124,"loc":{"start":{"line":124,"column":46},"end":{"line":124,"column":62}}},"18":{"name":"(anonymous_18)","line":125,"loc":{"start":{"line":125,"column":50},"end":{"line":125,"column":65}}}},"statementMap":{"1":{"start":{"line":1,"column":0},"end":{"line":1,"column":55}},"2":{"start":{"line":2,"column":0},"end":{"line":2,"column":39}},"3":{"start":{"line":3,"column":0},"end":{"line":3,"column":34}},"4":{"start":{"line":4,"column":0},"end":{"line":4,"column":66}},"5":{"start":{"line":5,"column":0},"end":{"line":5,"column":30}},"6":{"start":{"line":6,"column":0},"end":{"line":6,"column":34}},"7":{"start":{"line":7,"column":0},"end":{"line":7,"column":43}},"8":{"start":{"line":8,"column":0},"end":{"line":8,"column":38}},"9":{"start":{"line":9,"column":0},"end":{"line":9,"column":31}},"10":{"start":{"line":11,"column":0},"end":{"line":19,"column":1}},"11":{"start":{"line":12,"column":5},"end":{"line":18,"column":7}},"12":{"start":{"line":13,"column":10},"end":{"line":17,"column":11}},"13":{"start":{"line":14,"column":15},"end":{"line":14,"column":47}},"14":{"start":{"line":16,"column":15},"end":{"line":16,"column":23}},"15":{"start":{"line":21,"column":0},"end":{"line":143,"column":1}},"16":{"start":{"line":23,"column":5},"end":{"line":26,"column":8}},"17":{"start":{"line":24,"column":10},"end":{"line":24,"column":65}},"18":{"start":{"line":25,"column":10},"end":{"line":25,"column":27}},"19":{"start":{"line":28,"column":5},"end":{"line":36,"column":8}},"20":{"start":{"line":29,"column":10},"end":{"line":29,"column":54}},"21":{"start":{"line":30,"column":10},"end":{"line":35,"column":18}},"22":{"start":{"line":34,"column":20},"end":{"line":34,"column":36}},"23":{"start":{"line":38,"column":5},"end":{"line":44,"column":6}},"24":{"start":{"line":39,"column":10},"end":{"line":39,"column":40}},"25":{"start":{"line":40,"column":10},"end":{"line":40,"column":76}},"26":{"start":{"line":41,"column":10},"end":{"line":43,"column":13}},"27":{"start":{"line":47,"column":5},"end":{"line":95,"column":14}},"28":{"start":{"line":52,"column":15},"end":{"line":52,"column":50}},"29":{"start":{"line":54,"column":15},"end":{"line":94,"column":17}},"30":{"start":{"line":58,"column":25},"end":{"line":58,"column":51}},"31":{"start":{"line":59,"column":25},"end":{"line":61,"column":26}},"32":{"start":{"line":60,"column":30},"end":{"line":60,"column":47}},"33":{"start":{"line":62,"column":25},"end":{"line":64,"column":26}},"34":{"start":{"line":63,"column":30},"end":{"line":63,"column":93}},"35":{"start":{"line":66,"column":25},"end":{"line":73,"column":26}},"36":{"start":{"line":67,"column":30},"end":{"line":72,"column":33}},"37":{"start":{"line":68,"column":35},"end":{"line":70,"column":36}},"38":{"start":{"line":69,"column":40},"end":{"line":69,"column":55}},"39":{"start":{"line":71,"column":35},"end":{"line":71,"column":53}},"40":{"start":{"line":74,"column":25},"end":{"line":92,"column":28}},"41":{"start":{"line":75,"column":30},"end":{"line":91,"column":31}},"42":{"start":{"line":76,"column":35},"end":{"line":76,"column":64}},"43":{"start":{"line":77,"column":35},"end":{"line":77,"column":64}},"44":{"start":{"line":78,"column":35},"end":{"line":78,"column":68}},"45":{"start":{"line":79,"column":35},"end":{"line":79,"column":92}},"46":{"start":{"line":80,"column":35},"end":{"line":80,"column":55}},"47":{"start":{"line":81,"column":35},"end":{"line":87,"column":38}},"48":{"start":{"line":88,"column":35},"end":{"line":88,"column":108}},"49":{"start":{"line":90,"column":35},"end":{"line":90,"column":100}},"50":{"start":{"line":97,"column":5},"end":{"line":142,"column":14}},"51":{"start":{"line":102,"column":15},"end":{"line":102,"column":52}},"52":{"start":{"line":103,"column":15},"end":{"line":140,"column":17}},"53":{"start":{"line":104,"column":20},"end":{"line":139,"column":28}},"54":{"start":{"line":108,"column":30},"end":{"line":113,"column":31}},"55":{"start":{"line":109,"column":35},"end":{"line":111,"column":38}},"56":{"start":{"line":112,"column":35},"end":{"line":112,"column":134}},"57":{"start":{"line":115,"column":30},"end":{"line":138,"column":32}},"58":{"start":{"line":116,"column":35},"end":{"line":116,"column":71}},"59":{"start":{"line":117,"column":35},"end":{"line":122,"column":38}},"60":{"start":{"line":124,"column":35},"end":{"line":137,"column":37}},"61":{"start":{"line":125,"column":40},"end":{"line":136,"column":43}},"62":{"start":{"line":126,"column":45},"end":{"line":126,"column":72}},"63":{"start":{"line":127,"column":45},"end":{"line":129,"column":46}},"64":{"start":{"line":128,"column":50},"end":{"line":128,"column":116}},"65":{"start":{"line":130,"column":45},"end":{"line":130,"column":74}},"66":{"start":{"line":131,"column":45},"end":{"line":131,"column":78}},"67":{"start":{"line":132,"column":45},"end":{"line":132,"column":102}},"68":{"start":{"line":133,"column":45},"end":{"line":133,"column":85}},"69":{"start":{"line":134,"column":45},"end":{"line":134,"column":65}},"70":{"start":{"line":135,"column":45},"end":{"line":135,"column":118}},"71":{"start":{"line":141,"column":15},"end":{"line":141,"column":50}}},"branchMap":{"1":{"line":13,"type":"if","locations":[{"start":{"line":13,"column":10},"end":{"line":13,"column":10}},{"start":{"line":13,"column":10},"end":{"line":13,"column":10}}]},"2":{"line":59,"type":"if","locations":[{"start":{"line":59,"column":25},"end":{"line":59,"column":25}},{"start":{"line":59,"column":25},"end":{"line":59,"column":25}}]},"3":{"line":62,"type":"if","locations":[{"start":{"line":62,"column":25},"end":{"line":62,"column":25}},{"start":{"line":62,"column":25},"end":{"line":62,"column":25}}]},"4":{"line":68,"type":"if","locations":[{"start":{"line":68,"column":35},"end":{"line":68,"column":35}},{"start":{"line":68,"column":35},"end":{"line":68,"column":35}}]},"5":{"line":75,"type":"if","locations":[{"start":{"line":75,"column":30},"end":{"line":75,"column":30}},{"start":{"line":75,"column":30},"end":{"line":75,"column":30}}]},"6":{"line":108,"type":"if","locations":[{"start":{"line":108,"column":30},"end":{"line":108,"column":30}},{"start":{"line":108,"column":30},"end":{"line":108,"column":30}}]},"7":{"line":127,"type":"if","locations":[{"start":{"line":127,"column":45},"end":{"line":127,"column":45}},{"start":{"line":127,"column":45},"end":{"line":127,"column":45}}]}}},"app/middleware/auth.js":{"path":"app/middleware/auth.js","s":{"1":1,"2":0,"3":0,"4":0,"5":1,"6":0,"7":0,"8":0,"9":1,"10":0,"11":0,"12":0,"13":0},"b":{"1":[0,0],"2":[0,0]},"f":{"1":0,"2":0,"3":0},"fnMap":{"1":{"name":"(anonymous_1)","line":3,"loc":{"start":{"line":3,"column":26},"end":{"line":3,"column":52}}},"2":{"name":"(anonymous_2)","line":11,"loc":{"start":{"line":11,"column":28},"end":{"line":11,"column":54}}},"3":{"name":"(anonymous_3)","line":19,"loc":{"start":{"line":19,"column":31},"end":{"line":19,"column":57}}}},"statementMap":{"1":{"start":{"line":3,"column":0},"end":{"line":9,"column":2}},"2":{"start":{"line":4,"column":5},"end":{"line":6,"column":6}},"3":{"start":{"line":5,"column":10},"end":{"line":5,"column":24}},"4":{"start":{"line":8,"column":5},"end":{"line":8,"column":37}},"5":{"start":{"line":11,"column":0},"end":{"line":17,"column":2}},"6":{"start":{"line":12,"column":5},"end":{"line":14,"column":6}},"7":{"start":{"line":13,"column":10},"end":{"line":13,"column":24}},"8":{"start":{"line":16,"column":5},"end":{"line":16,"column":37}},"9":{"start":{"line":19,"column":0},"end":{"line":28,"column":2}},"10":{"start":{"line":20,"column":5},"end":{"line":20,"column":52}},"11":{"start":{"line":21,"column":5},"end":{"line":21,"column":83}},"12":{"start":{"line":23,"column":5},"end":{"line":23,"column":53}},"13":{"start":{"line":25,"column":5},"end":{"line":25,"column":19}}},"branchMap":{"1":{"line":4,"type":"if","locations":[{"start":{"line":4,"column":5},"end":{"line":4,"column":5}},{"start":{"line":4,"column":5},"end":{"line":4,"column":5}}]},"2":{"line":12,"type":"if","locations":[{"start":{"line":12,"column":5},"end":{"line":12,"column":5}},{"start":{"line":12,"column":5},"end":{"line":12,"column":5}}]}}},"app/middleware/res-helper.js":{"path":"app/middleware/res-helper.js","s":{"1":1,"2":0,"3":0,"4":0,"5":0,"6":1,"7":0,"8":0,"9":0,"10":0},"b":{"1":[0,0],"2":[0,0]},"f":{"1":0,"2":0,"3":0,"4":0},"fnMap":{"1":{"name":"(anonymous_1)","line":3,"loc":{"start":{"line":3,"column":20},"end":{"line":3,"column":36}}},"2":{"name":"(anonymous_2)","line":4,"loc":{"start":{"line":4,"column":12},"end":{"line":4,"column":38}}},"3":{"name":"(anonymous_3)","line":12,"loc":{"start":{"line":12,"column":22},"end":{"line":12,"column":41}}},"4":{"name":"(anonymous_4)","line":13,"loc":{"start":{"line":13,"column":12},"end":{"line":13,"column":38}}}},"statementMap":{"1":{"start":{"line":3,"column":0},"end":{"line":10,"column":2}},"2":{"start":{"line":4,"column":5},"end":{"line":9,"column":7}},"3":{"start":{"line":5,"column":10},"end":{"line":7,"column":11}},"4":{"start":{"line":6,"column":15},"end":{"line":6,"column":33}},"5":{"start":{"line":8,"column":10},"end":{"line":8,"column":17}},"6":{"start":{"line":12,"column":0},"end":{"line":19,"column":2}},"7":{"start":{"line":13,"column":5},"end":{"line":18,"column":7}},"8":{"start":{"line":14,"column":10},"end":{"line":16,"column":11}},"9":{"start":{"line":15,"column":15},"end":{"line":15,"column":38}},"10":{"start":{"line":17,"column":10},"end":{"line":17,"column":17}}},"branchMap":{"1":{"line":5,"type":"if","locations":[{"start":{"line":5,"column":10},"end":{"line":5,"column":10}},{"start":{"line":5,"column":10},"end":{"line":5,"column":10}}]},"2":{"line":14,"type":"if","locations":[{"start":{"line":14,"column":10},"end":{"line":14,"column":10}},{"start":{"line":14,"column":10},"end":{"line":14,"column":10}}]}}},"app/models/alert.js":{"path":"app/models/alert.js","s":{"1":1,"2":1,"3":1},"b":{},"f":{},"fnMap":{},"statementMap":{"1":{"start":{"line":1,"column":0},"end":{"line":1,"column":37}},"2":{"start":{"line":3,"column":0},"end":{"line":8,"column":3}},"3":{"start":{"line":10,"column":0},"end":{"line":10,"column":55}}},"branchMap":{}}}