{"app/amqp/amqp.js":{"path":"app/amqp/amqp.js","s":{"1":1,"2":1,"3":1,"4":0,"5":0,"6":0,"7":0,"8":1,"9":0,"10":0,"11":0,"12":0,"13":0,"14":0,"15":0,"16":0,"17":0,"18":0,"19":0,"20":0,"21":0,"22":1},"b":{"1":[0,0],"2":[0,0],"3":[0,0],"4":[0,0]},"f":{"1":0,"2":0,"3":0,"4":0,"5":0},"fnMap":{"1":{"name":"whenConnected","line":11,"loc":{"start":{"line":11,"column":0},"end":{"line":11,"column":38}}},"2":{"name":"start","line":21,"loc":{"start":{"line":21,"column":0},"end":{"line":21,"column":21}}},"3":{"name":"(anonymous_3)","line":23,"loc":{"start":{"line":23,"column":63},"end":{"line":23,"column":84}}},"4":{"name":"(anonymous_4)","line":28,"loc":{"start":{"line":28,"column":27},"end":{"line":28,"column":42}}},"5":{"name":"(anonymous_5)","line":33,"loc":{"start":{"line":33,"column":27},"end":{"line":33,"column":39}}}},"statementMap":{"1":{"start":{"line":1,"column":0},"end":{"line":1,"column":27}},"2":{"start":{"line":2,"column":0},"end":{"line":5,"column":21}},"3":{"start":{"line":11,"column":0},"end":{"line":17,"column":1}},"4":{"start":{"line":12,"column":4},"end":{"line":12,"column":30}},"5":{"start":{"line":13,"column":4},"end":{"line":13,"column":27}},"6":{"start":{"line":14,"column":4},"end":{"line":16,"column":5}},"7":{"start":{"line":15,"column":6},"end":{"line":15,"column":13}},"8":{"start":{"line":21,"column":0},"end":{"line":42,"column":1}},"9":{"start":{"line":23,"column":5},"end":{"line":41,"column":8}},"10":{"start":{"line":24,"column":10},"end":{"line":27,"column":11}},"11":{"start":{"line":25,"column":15},"end":{"line":25,"column":60}},"12":{"start":{"line":26,"column":15},"end":{"line":26,"column":46}},"13":{"start":{"line":28,"column":10},"end":{"line":32,"column":13}},"14":{"start":{"line":29,"column":15},"end":{"line":31,"column":16}},"15":{"start":{"line":30,"column":20},"end":{"line":30,"column":68}},"16":{"start":{"line":33,"column":10},"end":{"line":36,"column":13}},"17":{"start":{"line":34,"column":15},"end":{"line":34,"column":52}},"18":{"start":{"line":35,"column":15},"end":{"line":35,"column":46}},"19":{"start":{"line":37,"column":10},"end":{"line":37,"column":42}},"20":{"start":{"line":38,"column":10},"end":{"line":38,"column":26}},"21":{"start":{"line":40,"column":10},"end":{"line":40,"column":39}},"22":{"start":{"line":44,"column":0},"end":{"line":44,"column":23}}},"branchMap":{"1":{"line":14,"type":"if","locations":[{"start":{"line":14,"column":4},"end":{"line":14,"column":4}},{"start":{"line":14,"column":4},"end":{"line":14,"column":4}}]},"2":{"line":14,"type":"binary-expr","locations":[{"start":{"line":14,"column":7},"end":{"line":14,"column":11}},{"start":{"line":14,"column":15},"end":{"line":14,"column":41}}]},"3":{"line":24,"type":"if","locations":[{"start":{"line":24,"column":10},"end":{"line":24,"column":10}},{"start":{"line":24,"column":10},"end":{"line":24,"column":10}}]},"4":{"line":29,"type":"if","locations":[{"start":{"line":29,"column":15},"end":{"line":29,"column":15}},{"start":{"line":29,"column":15},"end":{"line":29,"column":15}}]}}},"app/amqp/worker.js":{"path":"app/amqp/worker.js","s":{"1":1,"2":1,"3":1,"4":0,"5":0,"6":0,"7":1,"8":1,"9":0,"10":0,"11":0,"12":0,"13":0,"14":0,"15":0,"16":0,"17":0,"18":0,"19":0,"20":0,"21":0,"22":0,"23":0,"24":0,"25":0,"26":0,"27":0,"28":0,"29":0,"30":0,"31":0,"32":0,"33":0},"b":{"1":[0,0],"2":[0,0],"3":[0,0]},"f":{"1":0,"2":0,"3":0,"4":0,"5":0,"6":0,"7":0,"8":0,"9":0},"fnMap":{"1":{"name":"processUpdates","line":4,"loc":{"start":{"line":4,"column":0},"end":{"line":4,"column":33}}},"2":{"name":"(anonymous_2)","line":13,"loc":{"start":{"line":13,"column":23},"end":{"line":13,"column":43}}},"3":{"name":"init","line":24,"loc":{"start":{"line":24,"column":5},"end":{"line":24,"column":62}}},"4":{"name":"(anonymous_4)","line":28,"loc":{"start":{"line":28,"column":13},"end":{"line":28,"column":28}}},"5":{"name":"(anonymous_5)","line":44,"loc":{"start":{"line":44,"column":28},"end":{"line":44,"column":47}}},"6":{"name":"(anonymous_6)","line":51,"loc":{"start":{"line":51,"column":25},"end":{"line":51,"column":40}}},"7":{"name":"(anonymous_7)","line":55,"loc":{"start":{"line":55,"column":25},"end":{"line":55,"column":40}}},"8":{"name":"(anonymous_8)","line":59,"loc":{"start":{"line":59,"column":25},"end":{"line":59,"column":37}}},"9":{"name":"(anonymous_9)","line":64,"loc":{"start":{"line":64,"column":25},"end":{"line":64,"column":38}}}},"statementMap":{"1":{"start":{"line":1,"column":0},"end":{"line":1,"column":45}},"2":{"start":{"line":2,"column":0},"end":{"line":2,"column":65}},"3":{"start":{"line":4,"column":0},"end":{"line":8,"column":1}},"4":{"start":{"line":5,"column":5},"end":{"line":5,"column":68}},"5":{"start":{"line":6,"column":5},"end":{"line":6,"column":17}},"6":{"start":{"line":7,"column":5},"end":{"line":7,"column":41}},"7":{"start":{"line":13,"column":0},"end":{"line":69,"column":2}},"8":{"start":{"line":24,"column":5},"end":{"line":42,"column":6}},"9":{"start":{"line":25,"column":11},"end":{"line":25,"column":31}},"10":{"start":{"line":26,"column":10},"end":{"line":41,"column":13}},"11":{"start":{"line":29,"column":15},"end":{"line":32,"column":16}},"12":{"start":{"line":30,"column":20},"end":{"line":30,"column":66}},"13":{"start":{"line":31,"column":20},"end":{"line":31,"column":27}},"14":{"start":{"line":33,"column":15},"end":{"line":33,"column":50}},"15":{"start":{"line":34,"column":15},"end":{"line":40,"column":16}},"16":{"start":{"line":35,"column":20},"end":{"line":37,"column":23}},"17":{"start":{"line":39,"column":20},"end":{"line":39,"column":54}},"18":{"start":{"line":44,"column":5},"end":{"line":68,"column":8}},"19":{"start":{"line":45,"column":10},"end":{"line":45,"column":33}},"20":{"start":{"line":46,"column":10},"end":{"line":49,"column":11}},"21":{"start":{"line":47,"column":14},"end":{"line":47,"column":35}},"22":{"start":{"line":48,"column":15},"end":{"line":48,"column":22}},"23":{"start":{"line":50,"column":10},"end":{"line":50,"column":30}},"24":{"start":{"line":51,"column":10},"end":{"line":53,"column":13}},"25":{"start":{"line":52,"column":15},"end":{"line":52,"column":59}},"26":{"start":{"line":55,"column":10},"end":{"line":57,"column":13}},"27":{"start":{"line":56,"column":15},"end":{"line":56,"column":58}},"28":{"start":{"line":59,"column":10},"end":{"line":61,"column":13}},"29":{"start":{"line":60,"column":15},"end":{"line":60,"column":52}},"30":{"start":{"line":63,"column":10},"end":{"line":63,"column":26}},"31":{"start":{"line":64,"column":10},"end":{"line":67,"column":33}},"32":{"start":{"line":65,"column":14},"end":{"line":65,"column":40}},"33":{"start":{"line":66,"column":15},"end":{"line":66,"column":36}}},"branchMap":{"1":{"line":29,"type":"if","locations":[{"start":{"line":29,"column":15},"end":{"line":29,"column":15}},{"start":{"line":29,"column":15},"end":{"line":29,"column":15}}]},"2":{"line":34,"type":"if","locations":[{"start":{"line":34,"column":15},"end":{"line":34,"column":15}},{"start":{"line":34,"column":15},"end":{"line":34,"column":15}}]},"3":{"line":46,"type":"if","locations":[{"start":{"line":46,"column":10},"end":{"line":46,"column":10}},{"start":{"line":46,"column":10},"end":{"line":46,"column":10}}]}}},"app/amqp/errorHandler.js":{"path":"app/amqp/errorHandler.js","s":{"1":1,"2":0,"3":0,"4":0,"5":0,"6":0},"b":{"1":[0,0]},"f":{"1":0},"fnMap":{"1":{"name":"closeOnErr","line":1,"loc":{"start":{"line":1,"column":17},"end":{"line":1,"column":52}}}},"statementMap":{"1":{"start":{"line":1,"column":0},"end":{"line":8,"column":2}},"2":{"start":{"line":2,"column":5},"end":{"line":5,"column":6}},"3":{"start":{"line":3,"column":10},"end":{"line":3,"column":36}},"4":{"start":{"line":4,"column":10},"end":{"line":4,"column":23}},"5":{"start":{"line":6,"column":5},"end":{"line":6,"column":22}},"6":{"start":{"line":7,"column":5},"end":{"line":7,"column":17}}},"branchMap":{"1":{"line":2,"type":"if","locations":[{"start":{"line":2,"column":5},"end":{"line":2,"column":5}},{"start":{"line":2,"column":5},"end":{"line":2,"column":5}}]}}},"app/api-requests/callbacks.js":{"path":"app/api-requests/callbacks.js","s":{"1":1,"2":1,"3":0,"4":0,"5":1,"6":0,"7":1,"8":0,"9":0,"10":0,"11":0,"12":0,"13":0,"14":0,"15":0,"16":0,"17":0,"18":1,"19":0,"20":0,"21":0,"22":0,"23":0,"24":0,"25":0,"26":0,"27":0,"28":0,"29":0,"30":0,"31":0,"32":0,"33":0,"34":0,"35":0,"36":0,"37":0,"38":0,"39":0,"40":0,"41":0,"42":0,"43":0,"44":0,"45":0,"46":0,"47":0,"48":0,"49":0,"50":0,"51":0,"52":0,"53":0,"54":0,"55":0,"56":0,"57":0,"58":0,"59":0,"60":0,"61":0,"62":0,"63":0,"64":0,"65":0,"66":0,"67":0,"68":1,"69":1,"70":1},"b":{"1":[0,0],"2":[0,0],"3":[0,0],"4":[0,0],"5":[0,0],"6":[0,0],"7":[0,0],"8":[0,0],"9":[0,0]},"f":{"1":0,"2":0,"3":0,"4":0,"5":0,"6":0,"7":0,"8":0,"9":0,"10":0,"11":0,"12":0,"13":0,"14":0,"15":0,"16":0,"17":0,"18":0},"fnMap":{"1":{"name":"sendStatus","line":14,"loc":{"start":{"line":14,"column":0},"end":{"line":14,"column":25}}},"2":{"name":"broadcastAll","line":19,"loc":{"start":{"line":19,"column":0},"end":{"line":19,"column":31}}},"3":{"name":"callbacks","line":23,"loc":{"start":{"line":23,"column":0},"end":{"line":23,"column":28}}},"4":{"name":"(anonymous_4)","line":28,"loc":{"start":{"line":28,"column":27},"end":{"line":28,"column":40}}},"5":{"name":"(anonymous_5)","line":33,"loc":{"start":{"line":33,"column":13},"end":{"line":33,"column":34}}},"6":{"name":"bulkDelete","line":52,"loc":{"start":{"line":52,"column":5},"end":{"line":52,"column":32}}},"7":{"name":"(anonymous_7)","line":54,"loc":{"start":{"line":54,"column":24},"end":{"line":54,"column":40}}},"8":{"name":"(anonymous_8)","line":66,"loc":{"start":{"line":66,"column":29},"end":{"line":66,"column":42}}},"9":{"name":"(anonymous_9)","line":74,"loc":{"start":{"line":74,"column":13},"end":{"line":74,"column":34}}},"10":{"name":"(anonymous_10)","line":94,"loc":{"start":{"line":94,"column":23},"end":{"line":94,"column":41}}},"11":{"name":"(anonymous_11)","line":97,"loc":{"start":{"line":97,"column":65},"end":{"line":97,"column":83}}},"12":{"name":"(anonymous_12)","line":106,"loc":{"start":{"line":106,"column":30},"end":{"line":106,"column":43}}},"13":{"name":"(anonymous_13)","line":111,"loc":{"start":{"line":111,"column":13},"end":{"line":111,"column":35}}},"14":{"name":"(anonymous_14)","line":116,"loc":{"start":{"line":116,"column":27},"end":{"line":116,"column":40}}},"15":{"name":"(anonymous_15)","line":130,"loc":{"start":{"line":130,"column":29},"end":{"line":130,"column":42}}},"16":{"name":"(anonymous_16)","line":138,"loc":{"start":{"line":138,"column":13},"end":{"line":138,"column":31}}},"17":{"name":"(anonymous_17)","line":149,"loc":{"start":{"line":149,"column":32},"end":{"line":149,"column":51}}},"18":{"name":"(anonymous_18)","line":164,"loc":{"start":{"line":164,"column":51},"end":{"line":164,"column":66}}}},"statementMap":{"1":{"start":{"line":1,"column":0},"end":{"line":7,"column":33}},"2":{"start":{"line":14,"column":0},"end":{"line":17,"column":1}},"3":{"start":{"line":15,"column":5},"end":{"line":15,"column":52}},"4":{"start":{"line":16,"column":5},"end":{"line":16,"column":44}},"5":{"start":{"line":19,"column":0},"end":{"line":21,"column":1}},"6":{"start":{"line":20,"column":5},"end":{"line":20,"column":42}},"7":{"start":{"line":23,"column":0},"end":{"line":177,"column":1}},"8":{"start":{"line":24,"column":5},"end":{"line":24,"column":34}},"9":{"start":{"line":26,"column":5},"end":{"line":26,"column":22}},"10":{"start":{"line":28,"column":5},"end":{"line":50,"column":8}},"11":{"start":{"line":29,"column":10},"end":{"line":29,"column":30}},"12":{"start":{"line":30,"column":10},"end":{"line":49,"column":13}},"13":{"start":{"line":34,"column":15},"end":{"line":34,"column":36}},"14":{"start":{"line":35,"column":15},"end":{"line":47,"column":16}},"15":{"start":{"line":36,"column":20},"end":{"line":41,"column":23}},"16":{"start":{"line":43,"column":20},"end":{"line":46,"column":23}},"17":{"start":{"line":48,"column":15},"end":{"line":48,"column":41}},"18":{"start":{"line":52,"column":5},"end":{"line":64,"column":6}},"19":{"start":{"line":53,"column":10},"end":{"line":53,"column":28}},"20":{"start":{"line":54,"column":10},"end":{"line":62,"column":13}},"21":{"start":{"line":55,"column":15},"end":{"line":61,"column":18}},"22":{"start":{"line":63,"column":10},"end":{"line":63,"column":26}},"23":{"start":{"line":66,"column":5},"end":{"line":104,"column":8}},"24":{"start":{"line":67,"column":10},"end":{"line":67,"column":27}},"25":{"start":{"line":68,"column":10},"end":{"line":70,"column":11}},"26":{"start":{"line":69,"column":15},"end":{"line":69,"column":22}},"27":{"start":{"line":71,"column":10},"end":{"line":103,"column":12}},"28":{"start":{"line":75,"column":15},"end":{"line":102,"column":16}},"29":{"start":{"line":76,"column":20},"end":{"line":79,"column":23}},"30":{"start":{"line":81,"column":20},"end":{"line":84,"column":23}},"31":{"start":{"line":86,"column":20},"end":{"line":89,"column":23}},"32":{"start":{"line":91,"column":20},"end":{"line":101,"column":23}},"33":{"start":{"line":95,"column":25},"end":{"line":95,"column":65}},"34":{"start":{"line":96,"column":25},"end":{"line":96,"column":54}},"35":{"start":{"line":97,"column":25},"end":{"line":99,"column":28}},"36":{"start":{"line":98,"column":30},"end":{"line":98,"column":83}},"37":{"start":{"line":106,"column":5},"end":{"line":114,"column":8}},"38":{"start":{"line":107,"column":10},"end":{"line":107,"column":33}},"39":{"start":{"line":108,"column":10},"end":{"line":113,"column":13}},"40":{"start":{"line":112,"column":15},"end":{"line":112,"column":94}},"41":{"start":{"line":116,"column":5},"end":{"line":128,"column":8}},"42":{"start":{"line":130,"column":5},"end":{"line":176,"column":8}},"43":{"start":{"line":131,"column":10},"end":{"line":131,"column":55}},"44":{"start":{"line":132,"column":10},"end":{"line":134,"column":11}},"45":{"start":{"line":133,"column":15},"end":{"line":133,"column":22}},"46":{"start":{"line":135,"column":10},"end":{"line":175,"column":13}},"47":{"start":{"line":139,"column":15},"end":{"line":139,"column":47}},"48":{"start":{"line":140,"column":15},"end":{"line":143,"column":16}},"49":{"start":{"line":141,"column":20},"end":{"line":141,"column":52}},"50":{"start":{"line":142,"column":20},"end":{"line":142,"column":27}},"51":{"start":{"line":144,"column":15},"end":{"line":144,"column":32}},"52":{"start":{"line":145,"column":15},"end":{"line":145,"column":42}},"53":{"start":{"line":146,"column":15},"end":{"line":146,"column":44}},"54":{"start":{"line":147,"column":15},"end":{"line":147,"column":36}},"55":{"start":{"line":148,"column":15},"end":{"line":148,"column":39}},"56":{"start":{"line":149,"column":15},"end":{"line":160,"column":18}},"57":{"start":{"line":150,"column":20},"end":{"line":150,"column":104}},"58":{"start":{"line":151,"column":20},"end":{"line":159,"column":21}},"59":{"start":{"line":152,"column":22},"end":{"line":152,"column":47}},"60":{"start":{"line":153,"column":25},"end":{"line":153,"column":59}},"61":{"start":{"line":154,"column":25},"end":{"line":156,"column":28}},"62":{"start":{"line":158,"column":25},"end":{"line":158,"column":51}},"63":{"start":{"line":164,"column":15},"end":{"line":169,"column":18}},"64":{"start":{"line":165,"column":20},"end":{"line":167,"column":21}},"65":{"start":{"line":166,"column":25},"end":{"line":166,"column":49}},"66":{"start":{"line":168,"column":20},"end":{"line":168,"column":74}},"67":{"start":{"line":171,"column":15},"end":{"line":174,"column":18}},"68":{"start":{"line":179,"column":0},"end":{"line":179,"column":37}},"69":{"start":{"line":180,"column":0},"end":{"line":180,"column":39}},"70":{"start":{"line":181,"column":0},"end":{"line":181,"column":43}}},"branchMap":{"1":{"line":35,"type":"if","locations":[{"start":{"line":35,"column":15},"end":{"line":35,"column":15}},{"start":{"line":35,"column":15},"end":{"line":35,"column":15}}]},"2":{"line":68,"type":"if","locations":[{"start":{"line":68,"column":10},"end":{"line":68,"column":10}},{"start":{"line":68,"column":10},"end":{"line":68,"column":10}}]},"3":{"line":68,"type":"binary-expr","locations":[{"start":{"line":68,"column":14},"end":{"line":68,"column":16}},{"start":{"line":68,"column":20},"end":{"line":68,"column":26}}]},"4":{"line":75,"type":"if","locations":[{"start":{"line":75,"column":15},"end":{"line":75,"column":15}},{"start":{"line":75,"column":15},"end":{"line":75,"column":15}}]},"5":{"line":132,"type":"if","locations":[{"start":{"line":132,"column":10},"end":{"line":132,"column":10}},{"start":{"line":132,"column":10},"end":{"line":132,"column":10}}]},"6":{"line":132,"type":"binary-expr","locations":[{"start":{"line":132,"column":14},"end":{"line":132,"column":16}},{"start":{"line":132,"column":20},"end":{"line":132,"column":26}}]},"7":{"line":140,"type":"if","locations":[{"start":{"line":140,"column":15},"end":{"line":140,"column":15}},{"start":{"line":140,"column":15},"end":{"line":140,"column":15}}]},"8":{"line":151,"type":"if","locations":[{"start":{"line":151,"column":20},"end":{"line":151,"column":20}},{"start":{"line":151,"column":20},"end":{"line":151,"column":20}}]},"9":{"line":165,"type":"if","locations":[{"start":{"line":165,"column":20},"end":{"line":165,"column":20}},{"start":{"line":165,"column":20},"end":{"line":165,"column":20}}]}}},"app/models/scan.js":{"path":"app/models/scan.js","s":{"1":1,"2":1,"3":1},"b":{},"f":{},"fnMap":{},"statementMap":{"1":{"start":{"line":1,"column":0},"end":{"line":1,"column":37}},"2":{"start":{"line":3,"column":0},"end":{"line":47,"column":3}},"3":{"start":{"line":49,"column":0},"end":{"line":51,"column":3}}},"branchMap":{}},"app/models/update.js":{"path":"app/models/update.js","s":{"1":1,"2":1,"3":1},"b":{},"f":{},"fnMap":{},"statementMap":{"1":{"start":{"line":1,"column":0},"end":{"line":1,"column":37}},"2":{"start":{"line":3,"column":0},"end":{"line":30,"column":3}},"3":{"start":{"line":32,"column":0},"end":{"line":34,"column":3}}},"branchMap":{}},"app/models/request.js":{"path":"app/models/request.js","s":{"1":1,"2":1,"3":1},"b":{},"f":{},"fnMap":{},"statementMap":{"1":{"start":{"line":1,"column":0},"end":{"line":1,"column":37}},"2":{"start":{"line":3,"column":0},"end":{"line":49,"column":3}},"3":{"start":{"line":50,"column":0},"end":{"line":52,"column":3}}},"branchMap":{}},"app/models/link.js":{"path":"app/models/link.js","s":{"1":1,"2":1,"3":1},"b":{},"f":{},"fnMap":{},"statementMap":{"1":{"start":{"line":1,"column":0},"end":{"line":1,"column":37}},"2":{"start":{"line":3,"column":0},"end":{"line":40,"column":3}},"3":{"start":{"line":42,"column":0},"end":{"line":44,"column":3}}},"branchMap":{}},"app/models/user.js":{"path":"app/models/user.js","s":{"1":1,"2":1,"3":1,"4":1},"b":{},"f":{},"fnMap":{},"statementMap":{"1":{"start":{"line":1,"column":0},"end":{"line":1,"column":37}},"2":{"start":{"line":2,"column":0},"end":{"line":2,"column":42}},"3":{"start":{"line":3,"column":0},"end":{"line":5,"column":3}},"4":{"start":{"line":6,"column":0},"end":{"line":6,"column":22}}},"branchMap":{}},"app/models/schema/user.js":{"path":"app/models/schema/user.js","s":{"1":1,"2":1,"3":1},"b":{},"f":{},"fnMap":{},"statementMap":{"1":{"start":{"line":1,"column":0},"end":{"line":2,"column":42}},"2":{"start":{"line":4,"column":0},"end":{"line":68,"column":3}},"3":{"start":{"line":70,"column":0},"end":{"line":70,"column":28}}},"branchMap":{}},"app/config/secrets.js":{"path":"app/config/secrets.js","s":{"1":1,"2":1},"b":{"1":[1,0,0,0],"2":[1,0],"3":[1,0],"4":[1,0],"5":[1,0],"6":[1,0],"7":[1,0],"8":[1,1]},"f":{},"fnMap":{},"statementMap":{"1":{"start":{"line":1,"column":0},"end":{"line":1,"column":27}},"2":{"start":{"line":2,"column":0},"end":{"line":51,"column":2}}},"branchMap":{"1":{"line":4,"type":"binary-expr","locations":[{"start":{"line":4,"column":9},"end":{"line":4,"column":42}},{"start":{"line":4,"column":46},"end":{"line":4,"column":70}},{"start":{"line":4,"column":74},"end":{"line":4,"column":97}},{"start":{"line":4,"column":101},"end":{"line":4,"column":166}}]},"2":{"line":5,"type":"binary-expr","locations":[{"start":{"line":5,"column":15},"end":{"line":5,"column":41}},{"start":{"line":5,"column":45},"end":{"line":5,"column":47}}]},"3":{"line":6,"type":"binary-expr","locations":[{"start":{"line":6,"column":20},"end":{"line":6,"column":46}},{"start":{"line":6,"column":50},"end":{"line":6,"column":52}}]},"4":{"line":9,"type":"binary-expr","locations":[{"start":{"line":9,"column":18},"end":{"line":9,"column":45}},{"start":{"line":9,"column":49},"end":{"line":9,"column":51}}]},"5":{"line":10,"type":"binary-expr","locations":[{"start":{"line":10,"column":18},"end":{"line":10,"column":44}},{"start":{"line":10,"column":48},"end":{"line":10,"column":50}}]},"6":{"line":14,"type":"binary-expr","locations":[{"start":{"line":14,"column":18},"end":{"line":14,"column":40}},{"start":{"line":14,"column":44},"end":{"line":14,"column":46}}]},"7":{"line":15,"type":"binary-expr","locations":[{"start":{"line":15,"column":24},"end":{"line":15,"column":50}},{"start":{"line":15,"column":54},"end":{"line":15,"column":56}}]},"8":{"line":50,"type":"binary-expr","locations":[{"start":{"line":50,"column":22},"end":{"line":50,"column":50}},{"start":{"line":50,"column":54},"end":{"line":50,"column":56}}]}}},"app/models/subscription.js":{"path":"app/models/subscription.js","s":{"1":1,"2":1,"3":1},"b":{},"f":{},"fnMap":{},"statementMap":{"1":{"start":{"line":1,"column":0},"end":{"line":2,"column":44}},"2":{"start":{"line":4,"column":0},"end":{"line":58,"column":3}},"3":{"start":{"line":60,"column":0},"end":{"line":62,"column":3}}},"branchMap":{}},"app/models/activity.js":{"path":"app/models/activity.js","s":{"1":1,"2":1,"3":1},"b":{},"f":{},"fnMap":{},"statementMap":{"1":{"start":{"line":1,"column":0},"end":{"line":1,"column":37}},"2":{"start":{"line":3,"column":0},"end":{"line":40,"column":3}},"3":{"start":{"line":41,"column":0},"end":{"line":43,"column":3}}},"branchMap":{}},"app/models/passwordResetToken.js":{"path":"app/models/passwordResetToken.js","s":{"1":1,"2":1,"3":1},"b":{},"f":{},"fnMap":{},"statementMap":{"1":{"start":{"line":1,"column":0},"end":{"line":1,"column":37}},"2":{"start":{"line":3,"column":0},"end":{"line":20,"column":3}},"3":{"start":{"line":21,"column":0},"end":{"line":23,"column":3}}},"branchMap":{}},"app/models/permission.js":{"path":"app/models/permission.js","s":{"1":1,"2":1,"3":1},"b":{},"f":{},"fnMap":{},"statementMap":{"1":{"start":{"line":2,"column":0},"end":{"line":2,"column":37}},"2":{"start":{"line":3,"column":0},"end":{"line":52,"column":3}},"3":{"start":{"line":54,"column":0},"end":{"line":56,"column":3}}},"branchMap":{}},"app/amqp/publisher.js":{"path":"app/amqp/publisher.js","s":{"1":1,"2":1,"3":1,"4":1,"5":1,"6":0,"7":0,"8":0,"9":0,"10":0,"11":0,"12":0,"13":0,"14":0,"15":0,"16":0,"17":0,"18":0,"19":0,"20":0,"21":1,"22":0,"23":0,"24":0,"25":0,"26":0,"27":0,"28":0,"29":0,"30":0,"31":0,"32":0,"33":0,"34":0,"35":1},"b":{"1":[0,0],"2":[0,0],"3":[0,0],"4":[0,0]},"f":{"1":0,"2":0,"3":0,"4":0,"5":0,"6":0},"fnMap":{"1":{"name":"publish","line":14,"loc":{"start":{"line":14,"column":0},"end":{"line":14,"column":57}}},"2":{"name":"(anonymous_2)","line":19,"loc":{"start":{"line":19,"column":66},"end":{"line":19,"column":81}}},"3":{"name":"(anonymous_3)","line":48,"loc":{"start":{"line":48,"column":23},"end":{"line":48,"column":43}}},"4":{"name":"(anonymous_4)","line":49,"loc":{"start":{"line":49,"column":35},"end":{"line":49,"column":54}}},"5":{"name":"(anonymous_5)","line":53,"loc":{"start":{"line":53,"column":25},"end":{"line":53,"column":40}}},"6":{"name":"(anonymous_6)","line":56,"loc":{"start":{"line":56,"column":25},"end":{"line":56,"column":37}}}},"statementMap":{"1":{"start":{"line":1,"column":0},"end":{"line":1,"column":22}},"2":{"start":{"line":2,"column":0},"end":{"line":2,"column":25}},"3":{"start":{"line":3,"column":0},"end":{"line":3,"column":45}},"4":{"start":{"line":4,"column":0},"end":{"line":4,"column":21}},"5":{"start":{"line":14,"column":0},"end":{"line":43,"column":1}},"6":{"start":{"line":15,"column":5},"end":{"line":15,"column":29}},"7":{"start":{"line":16,"column":5},"end":{"line":16,"column":64}},"8":{"start":{"line":17,"column":5},"end":{"line":17,"column":28}},"9":{"start":{"line":18,"column":5},"end":{"line":41,"column":6}},"10":{"start":{"line":19,"column":10},"end":{"line":32,"column":13}},"11":{"start":{"line":20,"column":15},"end":{"line":31,"column":16}},"12":{"start":{"line":21,"column":20},"end":{"line":21,"column":57}},"13":{"start":{"line":22,"column":20},"end":{"line":22,"column":74}},"14":{"start":{"line":23,"column":20},"end":{"line":23,"column":50}},"15":{"start":{"line":24,"column":20},"end":{"line":28,"column":23}},"16":{"start":{"line":30,"column":20},"end":{"line":30,"column":38}},"17":{"start":{"line":34,"column":10},"end":{"line":34,"column":53}},"18":{"start":{"line":35,"column":10},"end":{"line":39,"column":13}},"19":{"start":{"line":40,"column":10},"end":{"line":40,"column":64}},"20":{"start":{"line":42,"column":5},"end":{"line":42,"column":28}},"21":{"start":{"line":48,"column":0},"end":{"line":69,"column":2}},"22":{"start":{"line":49,"column":5},"end":{"line":68,"column":8}},"23":{"start":{"line":50,"column":10},"end":{"line":52,"column":11}},"24":{"start":{"line":51,"column":15},"end":{"line":51,"column":22}},"25":{"start":{"line":53,"column":10},"end":{"line":55,"column":13}},"26":{"start":{"line":54,"column":15},"end":{"line":54,"column":66}},"27":{"start":{"line":56,"column":10},"end":{"line":58,"column":13}},"28":{"start":{"line":57,"column":15},"end":{"line":57,"column":52}},"29":{"start":{"line":60,"column":10},"end":{"line":60,"column":26}},"30":{"start":{"line":61,"column":10},"end":{"line":67,"column":11}},"31":{"start":{"line":62,"column":15},"end":{"line":62,"column":47}},"32":{"start":{"line":63,"column":15},"end":{"line":65,"column":16}},"33":{"start":{"line":64,"column":20},"end":{"line":64,"column":26}},"34":{"start":{"line":66,"column":15},"end":{"line":66,"column":41}},"35":{"start":{"line":71,"column":0},"end":{"line":71,"column":33}}},"branchMap":{"1":{"line":16,"type":"cond-expr","locations":[{"start":{"line":16,"column":51},"end":{"line":16,"column":58}},{"start":{"line":16,"column":61},"end":{"line":16,"column":63}}]},"2":{"line":20,"type":"if","locations":[{"start":{"line":20,"column":15},"end":{"line":20,"column":15}},{"start":{"line":20,"column":15},"end":{"line":20,"column":15}}]},"3":{"line":50,"type":"if","locations":[{"start":{"line":50,"column":10},"end":{"line":50,"column":10}},{"start":{"line":50,"column":10},"end":{"line":50,"column":10}}]},"4":{"line":63,"type":"if","locations":[{"start":{"line":63,"column":15},"end":{"line":63,"column":15}},{"start":{"line":63,"column":15},"end":{"line":63,"column":15}}]}}},"app/api-requests/permissions/free.js":{"path":"app/api-requests/permissions/free.js","s":{"1":1,"2":1,"3":1},"b":{},"f":{},"fnMap":{},"statementMap":{"1":{"start":{"line":1,"column":0},"end":{"line":1,"column":58}},"2":{"start":{"line":3,"column":0},"end":{"line":21,"column":2}},"3":{"start":{"line":22,"column":0},"end":{"line":22,"column":44}}},"branchMap":{}},"app/models/index.js":{"path":"app/models/index.js","s":{"1":1},"b":{},"f":{},"fnMap":{},"statementMap":{"1":{"start":{"line":1,"column":0},"end":{"line":8,"column":2}}},"branchMap":{}},"app/api-requests/permissions/paid.js":{"path":"app/api-requests/permissions/paid.js","s":{"1":1,"2":1,"3":1},"b":{},"f":{},"fnMap":{},"statementMap":{"1":{"start":{"line":1,"column":0},"end":{"line":1,"column":58}},"2":{"start":{"line":3,"column":0},"end":{"line":21,"column":2}},"3":{"start":{"line":22,"column":0},"end":{"line":22,"column":44}}},"branchMap":{}},"app/api-requests/preFlight.js":{"path":"app/api-requests/preFlight.js","s":{"1":1,"2":1,"3":1,"4":0,"5":0,"6":0,"7":1,"8":0,"9":0,"10":0,"11":1,"12":0,"13":0,"14":0,"15":1,"16":0,"17":0,"18":0,"19":0,"20":0,"21":0,"22":0,"23":0,"24":0,"25":0,"26":0,"27":0,"28":0,"29":0,"30":1,"31":1,"32":0,"33":0,"34":0,"35":0,"36":0,"37":1,"38":0,"39":0,"40":0,"41":0,"42":0,"43":0,"44":0,"45":0,"46":0,"47":0,"48":0,"49":0,"50":0,"51":0,"52":0,"53":0,"54":1,"55":0,"56":0,"57":0,"58":0,"59":0,"60":1,"61":0,"62":0,"63":0,"64":0,"65":0,"66":0,"67":0,"68":0,"69":0,"70":0,"71":0,"72":0,"73":0,"74":0,"75":1,"76":0,"77":0,"78":0,"79":0,"80":0,"81":0,"82":0,"83":0,"84":0,"85":0,"86":0,"87":0,"88":0,"89":0,"90":0,"91":0,"92":0,"93":0,"94":0,"95":0,"96":0,"97":0,"98":0,"99":0,"100":0,"101":0,"102":0,"103":0,"104":0,"105":1,"106":0,"107":0,"108":0,"109":1},"b":{"1":[0,0],"2":[0,0],"3":[0,0],"4":[0,0],"5":[0,0],"6":[0,0],"7":[0,0],"8":[0,0],"9":[0,0],"10":[0,0],"11":[0,0],"12":[0,0],"13":[0,0]},"f":{"1":0,"2":0,"3":0,"4":0,"5":0,"6":0,"7":0,"8":0,"9":0,"10":0,"11":0,"12":0,"13":0,"14":0,"15":0,"16":0,"17":0,"18":0,"19":0,"20":0,"21":0,"22":0,"23":0,"24":0,"25":0},"fnMap":{"1":{"name":"siteRequestValidate","line":15,"loc":{"start":{"line":15,"column":0},"end":{"line":15,"column":31}}},"2":{"name":"linkRequestValidate","line":24,"loc":{"start":{"line":24,"column":0},"end":{"line":24,"column":31}}},"3":{"name":"captureRequestValidate","line":30,"loc":{"start":{"line":30,"column":0},"end":{"line":30,"column":34}}},"4":{"name":"pageRequestValidate","line":36,"loc":{"start":{"line":36,"column":0},"end":{"line":36,"column":44}}},"5":{"name":"(anonymous_5)","line":134,"loc":{"start":{"line":134,"column":27},"end":{"line":134,"column":41}}},"6":{"name":"validate","line":174,"loc":{"start":{"line":174,"column":0},"end":{"line":174,"column":33}}},"7":{"name":"_authorize","line":194,"loc":{"start":{"line":194,"column":0},"end":{"line":194,"column":25}}},"8":{"name":"(anonymous_8)","line":200,"loc":{"start":{"line":200,"column":13},"end":{"line":200,"column":34}}},"9":{"name":"checkOptions","line":260,"loc":{"start":{"line":260,"column":0},"end":{"line":260,"column":27}}},"10":{"name":"checkRequirements","line":281,"loc":{"start":{"line":281,"column":0},"end":{"line":281,"column":48}}},"11":{"name":"(anonymous_11)","line":285,"loc":{"start":{"line":285,"column":26},"end":{"line":285,"column":41}}},"12":{"name":"(anonymous_12)","line":295,"loc":{"start":{"line":295,"column":26},"end":{"line":295,"column":43}}},"13":{"name":"checkApiCall","line":314,"loc":{"start":{"line":314,"column":0},"end":{"line":314,"column":35}}},"14":{"name":"(anonymous_14)","line":317,"loc":{"start":{"line":317,"column":28},"end":{"line":317,"column":40}}},"15":{"name":"(anonymous_15)","line":319,"loc":{"start":{"line":319,"column":46},"end":{"line":319,"column":58}}},"16":{"name":"(anonymous_16)","line":321,"loc":{"start":{"line":321,"column":36},"end":{"line":321,"column":52}}},"17":{"name":"(anonymous_17)","line":324,"loc":{"start":{"line":324,"column":91},"end":{"line":324,"column":115}}},"18":{"name":"(anonymous_18)","line":353,"loc":{"start":{"line":353,"column":54},"end":{"line":353,"column":66}}},"19":{"name":"(anonymous_19)","line":356,"loc":{"start":{"line":356,"column":34},"end":{"line":356,"column":49}}},"20":{"name":"(anonymous_20)","line":361,"loc":{"start":{"line":361,"column":24},"end":{"line":361,"column":39}}},"21":{"name":"(anonymous_21)","line":365,"loc":{"start":{"line":365,"column":19},"end":{"line":365,"column":34}}},"22":{"name":"(anonymous_22)","line":369,"loc":{"start":{"line":369,"column":14},"end":{"line":369,"column":29}}},"23":{"name":"_preFlight","line":376,"loc":{"start":{"line":376,"column":0},"end":{"line":376,"column":55}}},"24":{"name":"(anonymous_24)","line":377,"loc":{"start":{"line":377,"column":35},"end":{"line":377,"column":51}}},"25":{"name":"(anonymous_25)","line":379,"loc":{"start":{"line":379,"column":14},"end":{"line":379,"column":29}}}},"statementMap":{"1":{"start":{"line":1,"column":0},"end":{"line":5,"column":31}},"2":{"start":{"line":7,"column":0},"end":{"line":10,"column":2}},"3":{"start":{"line":15,"column":0},"end":{"line":19,"column":1}},"4":{"start":{"line":16,"column":5},"end":{"line":16,"column":29}},"5":{"start":{"line":17,"column":5},"end":{"line":17,"column":23}},"6":{"start":{"line":18,"column":5},"end":{"line":18,"column":28}},"7":{"start":{"line":24,"column":0},"end":{"line":28,"column":1}},"8":{"start":{"line":25,"column":5},"end":{"line":25,"column":29}},"9":{"start":{"line":26,"column":5},"end":{"line":26,"column":23}},"10":{"start":{"line":27,"column":5},"end":{"line":27,"column":28}},"11":{"start":{"line":30,"column":0},"end":{"line":34,"column":1}},"12":{"start":{"line":31,"column":5},"end":{"line":31,"column":29}},"13":{"start":{"line":32,"column":5},"end":{"line":32,"column":23}},"14":{"start":{"line":33,"column":5},"end":{"line":33,"column":28}},"15":{"start":{"line":36,"column":0},"end":{"line":162,"column":1}},"16":{"start":{"line":37,"column":5},"end":{"line":37,"column":29}},"17":{"start":{"line":38,"column":5},"end":{"line":38,"column":39}},"18":{"start":{"line":39,"column":5},"end":{"line":39,"column":56}},"19":{"start":{"line":40,"column":5},"end":{"line":40,"column":23}},"20":{"start":{"line":41,"column":5},"end":{"line":47,"column":6}},"21":{"start":{"line":42,"column":10},"end":{"line":46,"column":13}},"22":{"start":{"line":131,"column":5},"end":{"line":160,"column":6}},"23":{"start":{"line":132,"column":10},"end":{"line":132,"column":33}},"24":{"start":{"line":133,"column":10},"end":{"line":133,"column":28}},"25":{"start":{"line":134,"column":10},"end":{"line":150,"column":13}},"26":{"start":{"line":135,"column":15},"end":{"line":140,"column":18}},"27":{"start":{"line":151,"column":10},"end":{"line":157,"column":13}},"28":{"start":{"line":159,"column":10},"end":{"line":159,"column":32}},"29":{"start":{"line":161,"column":5},"end":{"line":161,"column":28}},"30":{"start":{"line":164,"column":0},"end":{"line":172,"column":2}},"31":{"start":{"line":174,"column":0},"end":{"line":192,"column":1}},"32":{"start":{"line":175,"column":5},"end":{"line":191,"column":6}},"33":{"start":{"line":176,"column":10},"end":{"line":176,"column":67}},"34":{"start":{"line":178,"column":10},"end":{"line":178,"column":34}},"35":{"start":{"line":179,"column":10},"end":{"line":189,"column":13}},"36":{"start":{"line":190,"column":10},"end":{"line":190,"column":33}},"37":{"start":{"line":194,"column":0},"end":{"line":258,"column":1}},"38":{"start":{"line":195,"column":5},"end":{"line":195,"column":29}},"39":{"start":{"line":196,"column":5},"end":{"line":256,"column":6}},"40":{"start":{"line":197,"column":10},"end":{"line":240,"column":13}},"41":{"start":{"line":201,"column":15},"end":{"line":201,"column":78}},"42":{"start":{"line":203,"column":15},"end":{"line":203,"column":34}},"43":{"start":{"line":206,"column":15},"end":{"line":239,"column":16}},"44":{"start":{"line":207,"column":20},"end":{"line":207,"column":40}},"45":{"start":{"line":208,"column":20},"end":{"line":219,"column":23}},"46":{"start":{"line":221,"column":20},"end":{"line":221,"column":40}},"47":{"start":{"line":222,"column":20},"end":{"line":238,"column":21}},"48":{"start":{"line":223,"column":25},"end":{"line":234,"column":28}},"49":{"start":{"line":236,"column":25},"end":{"line":236,"column":44}},"50":{"start":{"line":237,"column":25},"end":{"line":237,"column":47}},"51":{"start":{"line":242,"column":10},"end":{"line":242,"column":33}},"52":{"start":{"line":243,"column":10},"end":{"line":255,"column":13}},"53":{"start":{"line":257,"column":5},"end":{"line":257,"column":28}},"54":{"start":{"line":260,"column":0},"end":{"line":279,"column":1}},"55":{"start":{"line":261,"column":5},"end":{"line":261,"column":29}},"56":{"start":{"line":262,"column":5},"end":{"line":277,"column":6}},"57":{"start":{"line":263,"column":10},"end":{"line":274,"column":13}},"58":{"start":{"line":276,"column":10},"end":{"line":276,"column":28}},"59":{"start":{"line":278,"column":5},"end":{"line":278,"column":28}},"60":{"start":{"line":281,"column":0},"end":{"line":312,"column":1}},"61":{"start":{"line":282,"column":5},"end":{"line":282,"column":29}},"62":{"start":{"line":283,"column":5},"end":{"line":283,"column":22}},"63":{"start":{"line":284,"column":5},"end":{"line":284,"column":23}},"64":{"start":{"line":285,"column":5},"end":{"line":290,"column":8}},"65":{"start":{"line":286,"column":10},"end":{"line":289,"column":11}},"66":{"start":{"line":287,"column":15},"end":{"line":287,"column":30}},"67":{"start":{"line":288,"column":15},"end":{"line":288,"column":33}},"68":{"start":{"line":291,"column":5},"end":{"line":310,"column":6}},"69":{"start":{"line":292,"column":10},"end":{"line":292,"column":28}},"70":{"start":{"line":294,"column":10},"end":{"line":294,"column":28}},"71":{"start":{"line":295,"column":10},"end":{"line":301,"column":13}},"72":{"start":{"line":296,"column":15},"end":{"line":300,"column":18}},"73":{"start":{"line":302,"column":10},"end":{"line":309,"column":13}},"74":{"start":{"line":311,"column":5},"end":{"line":311,"column":28}},"75":{"start":{"line":314,"column":0},"end":{"line":374,"column":1}},"76":{"start":{"line":315,"column":5},"end":{"line":315,"column":25}},"77":{"start":{"line":316,"column":5},"end":{"line":316,"column":29}},"78":{"start":{"line":317,"column":5},"end":{"line":372,"column":8}},"79":{"start":{"line":318,"column":10},"end":{"line":318,"column":49}},"80":{"start":{"line":319,"column":10},"end":{"line":368,"column":13}},"81":{"start":{"line":320,"column":15},"end":{"line":320,"column":59}},"82":{"start":{"line":321,"column":15},"end":{"line":364,"column":18}},"83":{"start":{"line":322,"column":20},"end":{"line":322,"column":74}},"84":{"start":{"line":323,"column":20},"end":{"line":323,"column":46}},"85":{"start":{"line":324,"column":20},"end":{"line":360,"column":23}},"86":{"start":{"line":325,"column":22},"end":{"line":325,"column":67}},"87":{"start":{"line":326,"column":26},"end":{"line":352,"column":27}},"88":{"start":{"line":327,"column":28},"end":{"line":337,"column":31}},"89":{"start":{"line":338,"column":28},"end":{"line":338,"column":34}},"90":{"start":{"line":339,"column":33},"end":{"line":352,"column":27}},"91":{"start":{"line":340,"column":28},"end":{"line":350,"column":31}},"92":{"start":{"line":351,"column":28},"end":{"line":351,"column":34}},"93":{"start":{"line":353,"column":25},"end":{"line":359,"column":28}},"94":{"start":{"line":354,"column":30},"end":{"line":354,"column":80}},"95":{"start":{"line":355,"column":30},"end":{"line":355,"column":61}},"96":{"start":{"line":357,"column":30},"end":{"line":357,"column":94}},"97":{"start":{"line":358,"column":30},"end":{"line":358,"column":50}},"98":{"start":{"line":362,"column":20},"end":{"line":362,"column":71}},"99":{"start":{"line":363,"column":20},"end":{"line":363,"column":40}},"100":{"start":{"line":366,"column":15},"end":{"line":366,"column":73}},"101":{"start":{"line":367,"column":15},"end":{"line":367,"column":35}},"102":{"start":{"line":370,"column":10},"end":{"line":370,"column":63}},"103":{"start":{"line":371,"column":10},"end":{"line":371,"column":30}},"104":{"start":{"line":373,"column":5},"end":{"line":373,"column":28}},"105":{"start":{"line":376,"column":0},"end":{"line":382,"column":1}},"106":{"start":{"line":377,"column":5},"end":{"line":381,"column":8}},"107":{"start":{"line":378,"column":10},"end":{"line":378,"column":25}},"108":{"start":{"line":380,"column":10},"end":{"line":380,"column":27}},"109":{"start":{"line":384,"column":0},"end":{"line":395,"column":2}}},"branchMap":{"1":{"line":41,"type":"if","locations":[{"start":{"line":41,"column":5},"end":{"line":41,"column":5}},{"start":{"line":41,"column":5},"end":{"line":41,"column":5}}]},"2":{"line":131,"type":"if","locations":[{"start":{"line":131,"column":5},"end":{"line":131,"column":5}},{"start":{"line":131,"column":5},"end":{"line":131,"column":5}}]},"3":{"line":175,"type":"if","locations":[{"start":{"line":175,"column":5},"end":{"line":175,"column":5}},{"start":{"line":175,"column":5},"end":{"line":175,"column":5}}]},"4":{"line":206,"type":"if","locations":[{"start":{"line":206,"column":15},"end":{"line":206,"column":15}},{"start":{"line":206,"column":15},"end":{"line":206,"column":15}}]},"5":{"line":222,"type":"if","locations":[{"start":{"line":222,"column":20},"end":{"line":222,"column":20}},{"start":{"line":222,"column":20},"end":{"line":222,"column":20}}]},"6":{"line":222,"type":"binary-expr","locations":[{"start":{"line":222,"column":24},"end":{"line":222,"column":51}},{"start":{"line":222,"column":55},"end":{"line":222,"column":68}}]},"7":{"line":262,"type":"if","locations":[{"start":{"line":262,"column":5},"end":{"line":262,"column":5}},{"start":{"line":262,"column":5},"end":{"line":262,"column":5}}]},"8":{"line":262,"type":"binary-expr","locations":[{"start":{"line":262,"column":9},"end":{"line":262,"column":35}},{"start":{"line":262,"column":39},"end":{"line":262,"column":43}}]},"9":{"line":286,"type":"if","locations":[{"start":{"line":286,"column":10},"end":{"line":286,"column":10}},{"start":{"line":286,"column":10},"end":{"line":286,"column":10}}]},"10":{"line":286,"type":"binary-expr","locations":[{"start":{"line":286,"column":14},"end":{"line":286,"column":47}},{"start":{"line":286,"column":51},"end":{"line":286,"column":68}}]},"11":{"line":291,"type":"if","locations":[{"start":{"line":291,"column":5},"end":{"line":291,"column":5}},{"start":{"line":291,"column":5},"end":{"line":291,"column":5}}]},"12":{"line":326,"type":"if","locations":[{"start":{"line":326,"column":26},"end":{"line":326,"column":26}},{"start":{"line":326,"column":26},"end":{"line":326,"column":26}}]},"13":{"line":339,"type":"if","locations":[{"start":{"line":339,"column":33},"end":{"line":339,"column":33}},{"start":{"line":339,"column":33},"end":{"line":339,"column":33}}]}}},"app/api-requests/requests.js":{"path":"app/api-requests/requests.js","s":{"1":1,"2":1,"3":0,"4":0,"5":0,"6":0,"7":0,"8":0,"9":0,"10":0,"11":1},"b":{},"f":{"1":0,"2":0,"3":0,"4":0},"fnMap":{"1":{"name":"requests","line":8,"loc":{"start":{"line":8,"column":0},"end":{"line":8,"column":26}}},"2":{"name":"(anonymous_2)","line":9,"loc":{"start":{"line":9,"column":29},"end":{"line":9,"column":45}}},"3":{"name":"(anonymous_3)","line":12,"loc":{"start":{"line":12,"column":33},"end":{"line":12,"column":53}}},"4":{"name":"(anonymous_4)","line":15,"loc":{"start":{"line":15,"column":19},"end":{"line":15,"column":36}}}},"statementMap":{"1":{"start":{"line":1,"column":0},"end":{"line":2,"column":61}},"2":{"start":{"line":8,"column":0},"end":{"line":20,"column":1}},"3":{"start":{"line":9,"column":5},"end":{"line":19,"column":8}},"4":{"start":{"line":10,"column":10},"end":{"line":10,"column":58}},"5":{"start":{"line":11,"column":10},"end":{"line":11,"column":50}},"6":{"start":{"line":12,"column":10},"end":{"line":18,"column":13}},"7":{"start":{"line":13,"column":14},"end":{"line":13,"column":74}},"8":{"start":{"line":14,"column":14},"end":{"line":14,"column":70}},"9":{"start":{"line":16,"column":14},"end":{"line":16,"column":69}},"10":{"start":{"line":17,"column":14},"end":{"line":17,"column":67}},"11":{"start":{"line":22,"column":0},"end":{"line":22,"column":26}}},"branchMap":{}},"app/api-requests/requests/pageScan.js":{"path":"app/api-requests/requests/pageScan.js","s":{"1":1,"2":1,"3":0,"4":0,"5":0,"6":0,"7":0,"8":0,"9":0,"10":0,"11":0,"12":0,"13":0,"14":0,"15":0,"16":0,"17":0,"18":0,"19":0,"20":0,"21":0,"22":0,"23":0,"24":0,"25":0,"26":0,"27":1},"b":{"1":[0,0]},"f":{"1":0,"2":0,"3":0,"4":0,"5":0,"6":0,"7":0},"fnMap":{"1":{"name":"pageScan","line":25,"loc":{"start":{"line":25,"column":0},"end":{"line":25,"column":27}}},"2":{"name":"(anonymous_2)","line":28,"loc":{"start":{"line":28,"column":61},"end":{"line":28,"column":77}}},"3":{"name":"(anonymous_3)","line":58,"loc":{"start":{"line":58,"column":33},"end":{"line":58,"column":53}}},"4":{"name":"(anonymous_4)","line":78,"loc":{"start":{"line":78,"column":105},"end":{"line":78,"column":118}}},"5":{"name":"(anonymous_5)","line":80,"loc":{"start":{"line":80,"column":76},"end":{"line":80,"column":94}}},"6":{"name":"(anonymous_6)","line":98,"loc":{"start":{"line":98,"column":39},"end":{"line":98,"column":54}}},"7":{"name":"(anonymous_7)","line":120,"loc":{"start":{"line":120,"column":8},"end":{"line":120,"column":23}}}},"statementMap":{"1":{"start":{"line":5,"column":0},"end":{"line":16,"column":35}},"2":{"start":{"line":25,"column":0},"end":{"line":125,"column":1}},"3":{"start":{"line":26,"column":5},"end":{"line":26,"column":27}},"4":{"start":{"line":27,"column":5},"end":{"line":27,"column":48}},"5":{"start":{"line":28,"column":5},"end":{"line":123,"column":8}},"6":{"start":{"line":29,"column":7},"end":{"line":29,"column":41}},"7":{"start":{"line":48,"column":20},"end":{"line":48,"column":63}},"8":{"start":{"line":49,"column":20},"end":{"line":55,"column":22}},"9":{"start":{"line":56,"column":20},"end":{"line":56,"column":75}},"10":{"start":{"line":57,"column":20},"end":{"line":57,"column":55}},"11":{"start":{"line":58,"column":20},"end":{"line":119,"column":13}},"12":{"start":{"line":59,"column":25},"end":{"line":59,"column":63}},"13":{"start":{"line":60,"column":25},"end":{"line":116,"column":26}},"14":{"start":{"line":61,"column":30},"end":{"line":61,"column":74}},"15":{"start":{"line":62,"column":30},"end":{"line":74,"column":33}},"16":{"start":{"line":77,"column":30},"end":{"line":77,"column":71}},"17":{"start":{"line":78,"column":30},"end":{"line":115,"column":33}},"18":{"start":{"line":79,"column":35},"end":{"line":79,"column":86}},"19":{"start":{"line":80,"column":35},"end":{"line":82,"column":38}},"20":{"start":{"line":81,"column":38},"end":{"line":81,"column":78}},"21":{"start":{"line":84,"column":35},"end":{"line":97,"column":38}},"22":{"start":{"line":99,"column":35},"end":{"line":99,"column":87}},"23":{"start":{"line":100,"column":35},"end":{"line":114,"column":38}},"24":{"start":{"line":121,"column":10},"end":{"line":121,"column":61}},"25":{"start":{"line":122,"column":10},"end":{"line":122,"column":28}},"26":{"start":{"line":124,"column":5},"end":{"line":124,"column":26}},"27":{"start":{"line":127,"column":0},"end":{"line":127,"column":26}}},"branchMap":{"1":{"line":60,"type":"if","locations":[{"start":{"line":60,"column":25},"end":{"line":60,"column":25}},{"start":{"line":60,"column":25},"end":{"line":60,"column":25}}]}}},"app/api-requests/requests/pageScanOptions.js":{"path":"app/api-requests/requests/pageScanOptions.js","s":{"1":1,"2":0,"3":1},"b":{},"f":{"1":0},"fnMap":{"1":{"name":"Option","line":5,"loc":{"start":{"line":5,"column":0},"end":{"line":5,"column":22}}}},"statementMap":{"1":{"start":{"line":5,"column":0},"end":{"line":20,"column":1}},"2":{"start":{"line":6,"column":5},"end":{"line":19,"column":7}},"3":{"start":{"line":21,"column":0},"end":{"line":21,"column":24}}},"branchMap":{}},"app/config/stripe-events.js":{"path":"app/config/stripe-events.js","s":{"1":1,"2":1,"3":1,"4":45,"5":0,"6":0,"7":1,"8":0,"9":0,"10":0,"11":1,"12":0,"13":1,"14":0,"15":1,"16":0,"17":0,"18":0},"b":{"1":[0,0],"2":[0,0,0]},"f":{"1":0,"2":0,"3":0,"4":0,"5":0},"fnMap":{"1":{"name":"(anonymous_1)","line":63,"loc":{"start":{"line":63,"column":34},"end":{"line":63,"column":54}}},"2":{"name":"(anonymous_2)","line":70,"loc":{"start":{"line":70,"column":43},"end":{"line":70,"column":69}}},"3":{"name":"(anonymous_3)","line":98,"loc":{"start":{"line":98,"column":47},"end":{"line":98,"column":73}}},"4":{"name":"(anonymous_4)","line":106,"loc":{"start":{"line":106,"column":33},"end":{"line":106,"column":59}}},"5":{"name":"(anonymous_5)","line":151,"loc":{"start":{"line":151,"column":17},"end":{"line":151,"column":43}}}},"statementMap":{"1":{"start":{"line":3,"column":0},"end":{"line":9,"column":21}},"2":{"start":{"line":11,"column":0},"end":{"line":60,"column":2}},"3":{"start":{"line":62,"column":0},"end":{"line":67,"column":1}},"4":{"start":{"line":63,"column":5},"end":{"line":66,"column":6}},"5":{"start":{"line":64,"column":10},"end":{"line":64,"column":66}},"6":{"start":{"line":65,"column":10},"end":{"line":65,"column":32}},"7":{"start":{"line":70,"column":0},"end":{"line":93,"column":2}},"8":{"start":{"line":76,"column":5},"end":{"line":76,"column":46}},"9":{"start":{"line":77,"column":5},"end":{"line":85,"column":7}},"10":{"start":{"line":86,"column":6},"end":{"line":86,"column":38}},"11":{"start":{"line":98,"column":0},"end":{"line":103,"column":2}},"12":{"start":{"line":100,"column":5},"end":{"line":100,"column":34}},"13":{"start":{"line":106,"column":0},"end":{"line":111,"column":2}},"14":{"start":{"line":108,"column":5},"end":{"line":108,"column":34}},"15":{"start":{"line":151,"column":0},"end":{"line":157,"column":1}},"16":{"start":{"line":152,"column":5},"end":{"line":156,"column":6}},"17":{"start":{"line":153,"column":10},"end":{"line":153,"column":60}},"18":{"start":{"line":155,"column":10},"end":{"line":155,"column":59}}},"branchMap":{"1":{"line":152,"type":"if","locations":[{"start":{"line":152,"column":5},"end":{"line":152,"column":5}},{"start":{"line":152,"column":5},"end":{"line":152,"column":5}}]},"2":{"line":152,"type":"binary-expr","locations":[{"start":{"line":152,"column":9},"end":{"line":152,"column":24}},{"start":{"line":152,"column":28},"end":{"line":152,"column":48}},{"start":{"line":152,"column":52},"end":{"line":152,"column":85}}]}}},"app/controllers/stripe/stripe-webhooks-consumer.js":{"path":"app/controllers/stripe/stripe-webhooks-consumer.js","s":{"1":1,"2":1,"3":0,"4":0,"5":0,"6":0,"7":0,"8":0,"9":0,"10":0,"11":0,"12":0,"13":0,"14":0,"15":0,"16":0,"17":0,"18":0,"19":0},"b":{"1":[0,0],"2":[0,0],"3":[0,0],"4":[0,0]},"f":{"1":0,"2":0,"3":0,"4":0,"5":0},"fnMap":{"1":{"name":"(anonymous_1)","line":3,"loc":{"start":{"line":3,"column":17},"end":{"line":3,"column":36}}},"2":{"name":"(anonymous_2)","line":19,"loc":{"start":{"line":19,"column":41},"end":{"line":19,"column":70}}},"3":{"name":"(anonymous_3)","line":26,"loc":{"start":{"line":26,"column":18},"end":{"line":26,"column":33}}},"4":{"name":"(anonymous_4)","line":30,"loc":{"start":{"line":30,"column":58},"end":{"line":30,"column":83}}},"5":{"name":"(anonymous_5)","line":34,"loc":{"start":{"line":34,"column":106},"end":{"line":34,"column":121}}}},"statementMap":{"1":{"start":{"line":1,"column":0},"end":{"line":1,"column":35}},"2":{"start":{"line":3,"column":0},"end":{"line":52,"column":1}},"3":{"start":{"line":5,"column":5},"end":{"line":13,"column":7}},"4":{"start":{"line":15,"column":5},"end":{"line":45,"column":6}},"5":{"start":{"line":16,"column":10},"end":{"line":18,"column":12}},"6":{"start":{"line":19,"column":10},"end":{"line":44,"column":13}},"7":{"start":{"line":20,"column":15},"end":{"line":22,"column":16}},"8":{"start":{"line":21,"column":20},"end":{"line":21,"column":35}},"9":{"start":{"line":23,"column":15},"end":{"line":43,"column":18}},"10":{"start":{"line":27,"column":20},"end":{"line":29,"column":21}},"11":{"start":{"line":28,"column":25},"end":{"line":28,"column":40}},"12":{"start":{"line":30,"column":20},"end":{"line":42,"column":23}},"13":{"start":{"line":31,"column":25},"end":{"line":40,"column":26}},"14":{"start":{"line":32,"column":30},"end":{"line":32,"column":62}},"15":{"start":{"line":33,"column":30},"end":{"line":33,"column":157}},"16":{"start":{"line":34,"column":30},"end":{"line":38,"column":32}},"17":{"start":{"line":35,"column":35},"end":{"line":37,"column":38}},"18":{"start":{"line":39,"column":30},"end":{"line":39,"column":45}},"19":{"start":{"line":41,"column":25},"end":{"line":41,"column":41}}},"branchMap":{"1":{"line":15,"type":"if","locations":[{"start":{"line":15,"column":5},"end":{"line":15,"column":5}},{"start":{"line":15,"column":5},"end":{"line":15,"column":5}}]},"2":{"line":20,"type":"if","locations":[{"start":{"line":20,"column":15},"end":{"line":20,"column":15}},{"start":{"line":20,"column":15},"end":{"line":20,"column":15}}]},"3":{"line":27,"type":"if","locations":[{"start":{"line":27,"column":20},"end":{"line":27,"column":20}},{"start":{"line":27,"column":20},"end":{"line":27,"column":20}}]},"4":{"line":31,"type":"if","locations":[{"start":{"line":31,"column":25},"end":{"line":31,"column":25}},{"start":{"line":31,"column":25},"end":{"line":31,"column":25}}]}}},"app/controllers/api-callback-controller.js":{"path":"app/controllers/api-callback-controller.js","s":{"1":1,"2":1,"3":0,"4":0,"5":1},"b":{},"f":{"1":0},"fnMap":{"1":{"name":"callback","line":4,"loc":{"start":{"line":4,"column":0},"end":{"line":4,"column":34}}}},"statementMap":{"1":{"start":{"line":2,"column":0},"end":{"line":2,"column":65}},"2":{"start":{"line":4,"column":0},"end":{"line":9,"column":1}},"3":{"start":{"line":5,"column":5},"end":{"line":5,"column":32}},"4":{"start":{"line":6,"column":5},"end":{"line":8,"column":8}},"5":{"start":{"line":10,"column":0},"end":{"line":10,"column":26}}},"branchMap":{}},"app/controllers/dashboard-controller.js":{"path":"app/controllers/dashboard-controller.js","s":{"1":1,"2":1,"3":0,"4":0,"5":0,"6":0,"7":0,"8":0,"9":0,"10":0,"11":0,"12":0,"13":0,"14":0,"15":0,"16":0,"17":0,"18":0,"19":0,"20":0,"21":0,"22":0,"23":0,"24":0,"25":0,"26":0,"27":0,"28":1,"29":0,"30":0,"31":0,"32":0,"33":0,"34":0,"35":0,"36":0,"37":0,"38":1,"39":0,"40":0,"41":0,"42":0,"43":0,"44":0,"45":0,"46":0,"47":0,"48":0,"49":0,"50":1,"51":0,"52":0,"53":0,"54":0,"55":0,"56":0,"57":0,"58":0,"59":0,"60":1,"61":0,"62":0,"63":0,"64":0,"65":0,"66":0,"67":0,"68":0,"69":0,"70":0,"71":0},"b":{"1":[0,0],"2":[0,0],"3":[0,0],"4":[0,0],"5":[0,0],"6":[0,0],"7":[0,0],"8":[0,0],"9":[0,0],"10":[0,0],"11":[0,0],"12":[0,0],"13":[0,0],"14":[0,0]},"f":{"1":0,"2":0,"3":0,"4":0,"5":0,"6":0,"7":0,"8":0,"9":0,"10":0},"fnMap":{"1":{"name":"(anonymous_1)","line":12,"loc":{"start":{"line":12,"column":22},"end":{"line":12,"column":42}}},"2":{"name":"(anonymous_2)","line":18,"loc":{"start":{"line":18,"column":8},"end":{"line":18,"column":36}}},"3":{"name":"(anonymous_3)","line":24,"loc":{"start":{"line":24,"column":20},"end":{"line":24,"column":41}}},"4":{"name":"(anonymous_4)","line":29,"loc":{"start":{"line":29,"column":30},"end":{"line":29,"column":51}}},"5":{"name":"(anonymous_5)","line":48,"loc":{"start":{"line":48,"column":54},"end":{"line":48,"column":73}}},"6":{"name":"(anonymous_6)","line":78,"loc":{"start":{"line":78,"column":21},"end":{"line":78,"column":41}}},"7":{"name":"(anonymous_7)","line":121,"loc":{"start":{"line":121,"column":21},"end":{"line":121,"column":41}}},"8":{"name":"(anonymous_8)","line":146,"loc":{"start":{"line":146,"column":21},"end":{"line":146,"column":41}}},"9":{"name":"(anonymous_9)","line":170,"loc":{"start":{"line":170,"column":19},"end":{"line":170,"column":39}}},"10":{"name":"(anonymous_10)","line":186,"loc":{"start":{"line":186,"column":8},"end":{"line":186,"column":30}}}},"statementMap":{"1":{"start":{"line":2,"column":0},"end":{"line":10,"column":28}},"2":{"start":{"line":12,"column":0},"end":{"line":76,"column":2}},"3":{"start":{"line":13,"column":5},"end":{"line":13,"column":63}},"4":{"start":{"line":14,"column":5},"end":{"line":14,"column":34}},"5":{"start":{"line":15,"column":5},"end":{"line":15,"column":46}},"6":{"start":{"line":16,"column":5},"end":{"line":75,"column":8}},"7":{"start":{"line":19,"column":10},"end":{"line":19,"column":58}},"8":{"start":{"line":20,"column":10},"end":{"line":74,"column":11}},"9":{"start":{"line":21,"column":15},"end":{"line":68,"column":23}},"10":{"start":{"line":25,"column":25},"end":{"line":25,"column":63}},"11":{"start":{"line":26,"column":25},"end":{"line":67,"column":33}},"12":{"start":{"line":30,"column":35},"end":{"line":30,"column":66}},"13":{"start":{"line":31,"column":35},"end":{"line":34,"column":37}},"14":{"start":{"line":35,"column":35},"end":{"line":40,"column":36}},"15":{"start":{"line":36,"column":40},"end":{"line":36,"column":73}},"16":{"start":{"line":37,"column":40},"end":{"line":37,"column":58}},"17":{"start":{"line":41,"column":35},"end":{"line":47,"column":37}},"18":{"start":{"line":48,"column":35},"end":{"line":58,"column":38}},"19":{"start":{"line":49,"column":40},"end":{"line":49,"column":88}},"20":{"start":{"line":50,"column":40},"end":{"line":57,"column":41}},"21":{"start":{"line":52,"column":45},"end":{"line":52,"column":80}},"22":{"start":{"line":53,"column":45},"end":{"line":53,"column":88}},"23":{"start":{"line":54,"column":45},"end":{"line":54,"column":90}},"24":{"start":{"line":55,"column":45},"end":{"line":55,"column":82}},"25":{"start":{"line":56,"column":45},"end":{"line":56,"column":115}},"26":{"start":{"line":60,"column":35},"end":{"line":66,"column":38}},"27":{"start":{"line":71,"column":15},"end":{"line":73,"column":18}},"28":{"start":{"line":78,"column":0},"end":{"line":119,"column":2}},"29":{"start":{"line":79,"column":5},"end":{"line":79,"column":58}},"30":{"start":{"line":80,"column":5},"end":{"line":80,"column":34}},"31":{"start":{"line":81,"column":5},"end":{"line":81,"column":46}},"32":{"start":{"line":83,"column":5},"end":{"line":86,"column":42}},"33":{"start":{"line":88,"column":5},"end":{"line":90,"column":6}},"34":{"start":{"line":89,"column":10},"end":{"line":89,"column":42}},"35":{"start":{"line":91,"column":5},"end":{"line":93,"column":6}},"36":{"start":{"line":92,"column":10},"end":{"line":92,"column":32}},"37":{"start":{"line":103,"column":15},"end":{"line":111,"column":18}},"38":{"start":{"line":121,"column":0},"end":{"line":144,"column":2}},"39":{"start":{"line":122,"column":5},"end":{"line":122,"column":76}},"40":{"start":{"line":123,"column":5},"end":{"line":123,"column":34}},"41":{"start":{"line":124,"column":5},"end":{"line":124,"column":46}},"42":{"start":{"line":125,"column":5},"end":{"line":128,"column":42}},"43":{"start":{"line":129,"column":5},"end":{"line":132,"column":6}},"44":{"start":{"line":130,"column":9},"end":{"line":130,"column":30}},"45":{"start":{"line":131,"column":10},"end":{"line":131,"column":42}},"46":{"start":{"line":133,"column":5},"end":{"line":136,"column":6}},"47":{"start":{"line":134,"column":9},"end":{"line":134,"column":31}},"48":{"start":{"line":135,"column":10},"end":{"line":135,"column":32}},"49":{"start":{"line":137,"column":5},"end":{"line":143,"column":8}},"50":{"start":{"line":146,"column":0},"end":{"line":168,"column":2}},"51":{"start":{"line":147,"column":5},"end":{"line":147,"column":78}},"52":{"start":{"line":148,"column":5},"end":{"line":148,"column":34}},"53":{"start":{"line":149,"column":5},"end":{"line":149,"column":46}},"54":{"start":{"line":150,"column":5},"end":{"line":153,"column":42}},"55":{"start":{"line":154,"column":5},"end":{"line":156,"column":6}},"56":{"start":{"line":155,"column":10},"end":{"line":155,"column":42}},"57":{"start":{"line":157,"column":5},"end":{"line":159,"column":6}},"58":{"start":{"line":158,"column":10},"end":{"line":158,"column":32}},"59":{"start":{"line":160,"column":5},"end":{"line":167,"column":8}},"60":{"start":{"line":170,"column":0},"end":{"line":197,"column":2}},"61":{"start":{"line":171,"column":5},"end":{"line":171,"column":34}},"62":{"start":{"line":172,"column":5},"end":{"line":172,"column":46}},"63":{"start":{"line":173,"column":5},"end":{"line":176,"column":42}},"64":{"start":{"line":177,"column":5},"end":{"line":179,"column":6}},"65":{"start":{"line":178,"column":10},"end":{"line":178,"column":42}},"66":{"start":{"line":180,"column":5},"end":{"line":182,"column":6}},"67":{"start":{"line":181,"column":10},"end":{"line":181,"column":32}},"68":{"start":{"line":183,"column":5},"end":{"line":183,"column":45}},"69":{"start":{"line":184,"column":5},"end":{"line":196,"column":8}},"70":{"start":{"line":188,"column":10},"end":{"line":188,"column":23}},"71":{"start":{"line":189,"column":10},"end":{"line":195,"column":13}}},"branchMap":{"1":{"line":20,"type":"if","locations":[{"start":{"line":20,"column":10},"end":{"line":20,"column":10}},{"start":{"line":20,"column":10},"end":{"line":20,"column":10}}]},"2":{"line":35,"type":"if","locations":[{"start":{"line":35,"column":35},"end":{"line":35,"column":35}},{"start":{"line":35,"column":35},"end":{"line":35,"column":35}}]},"3":{"line":50,"type":"if","locations":[{"start":{"line":50,"column":40},"end":{"line":50,"column":40}},{"start":{"line":50,"column":40},"end":{"line":50,"column":40}}]},"4":{"line":50,"type":"binary-expr","locations":[{"start":{"line":50,"column":44},"end":{"line":50,"column":51}},{"start":{"line":50,"column":55},"end":{"line":50,"column":69}}]},"5":{"line":56,"type":"cond-expr","locations":[{"start":{"line":56,"column":109},"end":{"line":56,"column":110}},{"start":{"line":56,"column":113},"end":{"line":56,"column":114}}]},"6":{"line":88,"type":"if","locations":[{"start":{"line":88,"column":5},"end":{"line":88,"column":5}},{"start":{"line":88,"column":5},"end":{"line":88,"column":5}}]},"7":{"line":91,"type":"if","locations":[{"start":{"line":91,"column":5},"end":{"line":91,"column":5}},{"start":{"line":91,"column":5},"end":{"line":91,"column":5}}]},"8":{"line":129,"type":"if","locations":[{"start":{"line":129,"column":5},"end":{"line":129,"column":5}},{"start":{"line":129,"column":5},"end":{"line":129,"column":5}}]},"9":{"line":133,"type":"if","locations":[{"start":{"line":133,"column":5},"end":{"line":133,"column":5}},{"start":{"line":133,"column":5},"end":{"line":133,"column":5}}]},"10":{"line":154,"type":"if","locations":[{"start":{"line":154,"column":5},"end":{"line":154,"column":5}},{"start":{"line":154,"column":5},"end":{"line":154,"column":5}}]},"11":{"line":157,"type":"if","locations":[{"start":{"line":157,"column":5},"end":{"line":157,"column":5}},{"start":{"line":157,"column":5},"end":{"line":157,"column":5}}]},"12":{"line":177,"type":"if","locations":[{"start":{"line":177,"column":5},"end":{"line":177,"column":5}},{"start":{"line":177,"column":5},"end":{"line":177,"column":5}}]},"13":{"line":180,"type":"if","locations":[{"start":{"line":180,"column":5},"end":{"line":180,"column":5}},{"start":{"line":180,"column":5},"end":{"line":180,"column":5}}]},"14":{"line":188,"type":"if","locations":[{"start":{"line":188,"column":10},"end":{"line":188,"column":10}},{"start":{"line":188,"column":10},"end":{"line":188,"column":10}}]}}},"app/controllers/issues-controller.js":{"path":"app/controllers/issues-controller.js","s":{},"b":{},"f":{},"fnMap":{},"statementMap":{},"branchMap":{}},"app/controllers/main-controller.js":{"path":"app/controllers/main-controller.js","s":{"1":1,"2":1,"3":0,"4":0,"5":0,"6":0,"7":0,"8":0},"b":{"1":[0,0],"2":[0,0]},"f":{"1":0},"fnMap":{"1":{"name":"(anonymous_1)","line":3,"loc":{"start":{"line":3,"column":18},"end":{"line":3,"column":38}}}},"statementMap":{"1":{"start":{"line":2,"column":0},"end":{"line":2,"column":64}},"2":{"start":{"line":3,"column":0},"end":{"line":20,"column":2}},"3":{"start":{"line":4,"column":5},"end":{"line":7,"column":42}},"4":{"start":{"line":9,"column":5},"end":{"line":11,"column":6}},"5":{"start":{"line":10,"column":10},"end":{"line":10,"column":42}},"6":{"start":{"line":12,"column":5},"end":{"line":14,"column":6}},"7":{"start":{"line":13,"column":10},"end":{"line":13,"column":32}},"8":{"start":{"line":15,"column":5},"end":{"line":19,"column":8}}},"branchMap":{"1":{"line":9,"type":"if","locations":[{"start":{"line":9,"column":5},"end":{"line":9,"column":5}},{"start":{"line":9,"column":5},"end":{"line":9,"column":5}}]},"2":{"line":12,"type":"if","locations":[{"start":{"line":12,"column":5},"end":{"line":12,"column":5}},{"start":{"line":12,"column":5},"end":{"line":12,"column":5}}]}}},"app/controllers/passwords-controller.js":{"path":"app/controllers/passwords-controller.js","s":{"1":1,"2":1,"3":0,"4":0,"5":0,"6":0,"7":0,"8":0,"9":0,"10":0,"11":0,"12":0,"13":0,"14":0,"15":0,"16":0,"17":0,"18":0,"19":0,"20":0,"21":0,"22":0,"23":1,"24":0,"25":0,"26":0,"27":0,"28":0,"29":0,"30":0,"31":0,"32":0,"33":1,"34":0,"35":0,"36":0,"37":0,"38":0,"39":0,"40":0,"41":0,"42":0,"43":0,"44":0,"45":0,"46":0,"47":0,"48":0,"49":0,"50":0,"51":0,"52":0,"53":0,"54":0,"55":0,"56":0,"57":0,"58":0,"59":0,"60":0,"61":0,"62":1,"63":0,"64":0,"65":0,"66":0,"67":0,"68":0,"69":0,"70":0,"71":0,"72":0,"73":0,"74":0,"75":0,"76":0,"77":0,"78":0,"79":0,"80":0,"81":0,"82":0,"83":0,"84":0,"85":0,"86":1,"87":0,"88":0,"89":0,"90":0,"91":0,"92":0,"93":0,"94":0,"95":0,"96":0,"97":0,"98":0,"99":0,"100":0,"101":0,"102":0,"103":0,"104":0,"105":0,"106":0,"107":0,"108":0,"109":0,"110":0,"111":0,"112":0,"113":0,"114":0,"115":0,"116":0,"117":0,"118":0,"119":0,"120":0,"121":0,"122":0,"123":0,"124":0,"125":0,"126":0,"127":0,"128":0,"129":0,"130":0,"131":0,"132":0,"133":0,"134":0,"135":0},"b":{"1":[0,0],"2":[0,0],"3":[0,0],"4":[0,0],"5":[0,0],"6":[0,0],"7":[0,0],"8":[0,0],"9":[0,0],"10":[0,0],"11":[0,0],"12":[0,0],"13":[0,0],"14":[0,0],"15":[0,0],"16":[0,0,0,0],"17":[0,0,0],"18":[0,0],"19":[0,0],"20":[0,0,0],"21":[0,0],"22":[0,0],"23":[0,0],"24":[0,0,0,0],"25":[0,0],"26":[0,0],"27":[0,0],"28":[0,0],"29":[0,0]},"f":{"1":0,"2":0,"3":0,"4":0,"5":0,"6":0,"7":0,"8":0,"9":0,"10":0,"11":0,"12":0,"13":0,"14":0,"15":0,"16":0,"17":0,"18":0,"19":0,"20":0,"21":0,"22":0,"23":0,"24":0,"25":0,"26":0},"fnMap":{"1":{"name":"(anonymous_1)","line":14,"loc":{"start":{"line":14,"column":26},"end":{"line":14,"column":52}}},"2":{"name":"(anonymous_2)","line":25,"loc":{"start":{"line":25,"column":38},"end":{"line":25,"column":59}}},"3":{"name":"(anonymous_3)","line":33,"loc":{"start":{"line":33,"column":13},"end":{"line":33,"column":28}}},"4":{"name":"(anonymous_4)","line":43,"loc":{"start":{"line":43,"column":18},"end":{"line":43,"column":33}}},"5":{"name":"(anonymous_5)","line":58,"loc":{"start":{"line":58,"column":28},"end":{"line":58,"column":48}}},"6":{"name":"(anonymous_6)","line":84,"loc":{"start":{"line":84,"column":29},"end":{"line":84,"column":55}}},"7":{"name":"(anonymous_7)","line":98,"loc":{"start":{"line":98,"column":10},"end":{"line":98,"column":26}}},"8":{"name":"(anonymous_8)","line":99,"loc":{"start":{"line":99,"column":38},"end":{"line":99,"column":58}}},"9":{"name":"(anonymous_9)","line":104,"loc":{"start":{"line":104,"column":10},"end":{"line":104,"column":33}}},"10":{"name":"(anonymous_10)","line":107,"loc":{"start":{"line":107,"column":18},"end":{"line":107,"column":39}}},"11":{"name":"(anonymous_11)","line":121,"loc":{"start":{"line":121,"column":23},"end":{"line":121,"column":38}}},"12":{"name":"(anonymous_12)","line":126,"loc":{"start":{"line":126,"column":10},"end":{"line":126,"column":42}}},"13":{"name":"(anonymous_13)","line":134,"loc":{"start":{"line":134,"column":90},"end":{"line":134,"column":105}}},"14":{"name":"(anonymous_14)","line":141,"loc":{"start":{"line":141,"column":8},"end":{"line":141,"column":23}}},"15":{"name":"(anonymous_15)","line":149,"loc":{"start":{"line":149,"column":19},"end":{"line":149,"column":39}}},"16":{"name":"(anonymous_16)","line":166,"loc":{"start":{"line":166,"column":52},"end":{"line":166,"column":77}}},"17":{"name":"(anonymous_17)","line":195,"loc":{"start":{"line":195,"column":20},"end":{"line":195,"column":46}}},"18":{"name":"(anonymous_18)","line":207,"loc":{"start":{"line":207,"column":15},"end":{"line":207,"column":31}}},"19":{"name":"(anonymous_19)","line":210,"loc":{"start":{"line":210,"column":67},"end":{"line":210,"column":92}}},"20":{"name":"(anonymous_20)","line":231,"loc":{"start":{"line":231,"column":28},"end":{"line":231,"column":49}}},"21":{"name":"(anonymous_21)","line":237,"loc":{"start":{"line":237,"column":63},"end":{"line":237,"column":84}}},"22":{"name":"(anonymous_22)","line":248,"loc":{"start":{"line":248,"column":40},"end":{"line":248,"column":55}}},"23":{"name":"(anonymous_23)","line":258,"loc":{"start":{"line":258,"column":64},"end":{"line":258,"column":79}}},"24":{"name":"(anonymous_24)","line":266,"loc":{"start":{"line":266,"column":15},"end":{"line":266,"column":37}}},"25":{"name":"(anonymous_25)","line":271,"loc":{"start":{"line":271,"column":61},"end":{"line":271,"column":76}}},"26":{"name":"(anonymous_26)","line":280,"loc":{"start":{"line":280,"column":10},"end":{"line":280,"column":25}}}},"statementMap":{"1":{"start":{"line":3,"column":5},"end":{"line":10,"column":44}},"2":{"start":{"line":14,"column":0},"end":{"line":54,"column":2}},"3":{"start":{"line":15,"column":5},"end":{"line":15,"column":83}},"4":{"start":{"line":16,"column":5},"end":{"line":16,"column":78}},"5":{"start":{"line":17,"column":5},"end":{"line":17,"column":78}},"6":{"start":{"line":19,"column":5},"end":{"line":19,"column":41}},"7":{"start":{"line":21,"column":5},"end":{"line":24,"column":6}},"8":{"start":{"line":22,"column":10},"end":{"line":22,"column":38}},"9":{"start":{"line":23,"column":10},"end":{"line":23,"column":52}},"10":{"start":{"line":25,"column":5},"end":{"line":53,"column":7}},"11":{"start":{"line":26,"column":10},"end":{"line":29,"column":11}},"12":{"start":{"line":27,"column":15},"end":{"line":27,"column":40}},"13":{"start":{"line":28,"column":15},"end":{"line":28,"column":57}},"14":{"start":{"line":30,"column":10},"end":{"line":30,"column":36}},"15":{"start":{"line":31,"column":10},"end":{"line":52,"column":13}},"16":{"start":{"line":34,"column":15},"end":{"line":36,"column":16}},"17":{"start":{"line":35,"column":20},"end":{"line":35,"column":37}},"18":{"start":{"line":37,"column":15},"end":{"line":51,"column":18}},"19":{"start":{"line":44,"column":20},"end":{"line":46,"column":21}},"20":{"start":{"line":45,"column":25},"end":{"line":45,"column":42}},"21":{"start":{"line":47,"column":20},"end":{"line":49,"column":23}},"22":{"start":{"line":50,"column":20},"end":{"line":50,"column":55}},"23":{"start":{"line":58,"column":0},"end":{"line":79,"column":2}},"24":{"start":{"line":59,"column":5},"end":{"line":61,"column":6}},"25":{"start":{"line":60,"column":10},"end":{"line":60,"column":49}},"26":{"start":{"line":62,"column":5},"end":{"line":65,"column":42}},"27":{"start":{"line":67,"column":5},"end":{"line":69,"column":6}},"28":{"start":{"line":68,"column":10},"end":{"line":68,"column":42}},"29":{"start":{"line":70,"column":5},"end":{"line":72,"column":6}},"30":{"start":{"line":71,"column":10},"end":{"line":71,"column":32}},"31":{"start":{"line":73,"column":5},"end":{"line":73,"column":43}},"32":{"start":{"line":74,"column":5},"end":{"line":78,"column":8}},"33":{"start":{"line":84,"column":0},"end":{"line":147,"column":2}},"34":{"start":{"line":85,"column":5},"end":{"line":85,"column":74}},"35":{"start":{"line":87,"column":5},"end":{"line":87,"column":41}},"36":{"start":{"line":89,"column":5},"end":{"line":95,"column":6}},"37":{"start":{"line":90,"column":10},"end":{"line":92,"column":13}},"38":{"start":{"line":93,"column":10},"end":{"line":93,"column":38}},"39":{"start":{"line":94,"column":10},"end":{"line":94,"column":52}},"40":{"start":{"line":97,"column":5},"end":{"line":146,"column":8}},"41":{"start":{"line":99,"column":15},"end":{"line":102,"column":18}},"42":{"start":{"line":100,"column":20},"end":{"line":100,"column":52}},"43":{"start":{"line":101,"column":20},"end":{"line":101,"column":37}},"44":{"start":{"line":105,"column":15},"end":{"line":124,"column":18}},"45":{"start":{"line":108,"column":20},"end":{"line":114,"column":21}},"46":{"start":{"line":109,"column":25},"end":{"line":111,"column":28}},"47":{"start":{"line":112,"column":25},"end":{"line":112,"column":90}},"48":{"start":{"line":113,"column":25},"end":{"line":113,"column":67}},"49":{"start":{"line":115,"column":20},"end":{"line":115,"column":51}},"50":{"start":{"line":116,"column":20},"end":{"line":116,"column":35}},"51":{"start":{"line":117,"column":20},"end":{"line":123,"column":23}},"52":{"start":{"line":122,"column":25},"end":{"line":122,"column":48}},"53":{"start":{"line":127,"column":15},"end":{"line":127,"column":44}},"54":{"start":{"line":128,"column":15},"end":{"line":131,"column":117}},"55":{"start":{"line":133,"column":20},"end":{"line":133,"column":55}},"56":{"start":{"line":134,"column":15},"end":{"line":139,"column":18}},"57":{"start":{"line":135,"column":20},"end":{"line":137,"column":23}},"58":{"start":{"line":138,"column":20},"end":{"line":138,"column":38}},"59":{"start":{"line":142,"column":10},"end":{"line":144,"column":11}},"60":{"start":{"line":143,"column":15},"end":{"line":143,"column":32}},"61":{"start":{"line":145,"column":10},"end":{"line":145,"column":45}},"62":{"start":{"line":149,"column":0},"end":{"line":193,"column":2}},"63":{"start":{"line":150,"column":5},"end":{"line":153,"column":6}},"64":{"start":{"line":151,"column":9},"end":{"line":151,"column":30}},"65":{"start":{"line":152,"column":10},"end":{"line":152,"column":52}},"66":{"start":{"line":154,"column":5},"end":{"line":157,"column":42}},"67":{"start":{"line":159,"column":5},"end":{"line":161,"column":6}},"68":{"start":{"line":160,"column":10},"end":{"line":160,"column":42}},"69":{"start":{"line":162,"column":5},"end":{"line":164,"column":6}},"70":{"start":{"line":163,"column":10},"end":{"line":163,"column":32}},"71":{"start":{"line":165,"column":5},"end":{"line":165,"column":48}},"72":{"start":{"line":166,"column":5},"end":{"line":192,"column":8}},"73":{"start":{"line":167,"column":10},"end":{"line":167,"column":101}},"74":{"start":{"line":168,"column":10},"end":{"line":168,"column":165}},"75":{"start":{"line":169,"column":10},"end":{"line":169,"column":33}},"76":{"start":{"line":170,"column":10},"end":{"line":170,"column":120}},"77":{"start":{"line":171,"column":10},"end":{"line":171,"column":107}},"78":{"start":{"line":172,"column":10},"end":{"line":172,"column":95}},"79":{"start":{"line":173,"column":10},"end":{"line":182,"column":11}},"80":{"start":{"line":174,"column":12},"end":{"line":174,"column":31}},"81":{"start":{"line":175,"column":15},"end":{"line":179,"column":16}},"82":{"start":{"line":176,"column":20},"end":{"line":178,"column":23}},"83":{"start":{"line":180,"column":15},"end":{"line":180,"column":85}},"84":{"start":{"line":181,"column":15},"end":{"line":181,"column":57}},"85":{"start":{"line":185,"column":10},"end":{"line":191,"column":13}},"86":{"start":{"line":195,"column":0},"end":{"line":286,"column":2}},"87":{"start":{"line":196,"column":5},"end":{"line":196,"column":83}},"88":{"start":{"line":197,"column":5},"end":{"line":197,"column":78}},"89":{"start":{"line":199,"column":5},"end":{"line":199,"column":41}},"90":{"start":{"line":201,"column":5},"end":{"line":204,"column":6}},"91":{"start":{"line":202,"column":10},"end":{"line":202,"column":38}},"92":{"start":{"line":203,"column":10},"end":{"line":203,"column":52}},"93":{"start":{"line":205,"column":5},"end":{"line":205,"column":29}},"94":{"start":{"line":206,"column":5},"end":{"line":285,"column":13}},"95":{"start":{"line":208,"column":17},"end":{"line":208,"column":60}},"96":{"start":{"line":210,"column":20},"end":{"line":264,"column":23}},"97":{"start":{"line":211,"column":25},"end":{"line":211,"column":68}},"98":{"start":{"line":212,"column":26},"end":{"line":227,"column":24}},"99":{"start":{"line":214,"column":25},"end":{"line":218,"column":26}},"100":{"start":{"line":215,"column":27},"end":{"line":215,"column":201}},"101":{"start":{"line":216,"column":30},"end":{"line":216,"column":100}},"102":{"start":{"line":217,"column":30},"end":{"line":217,"column":72}},"103":{"start":{"line":219,"column":25},"end":{"line":224,"column":26}},"104":{"start":{"line":220,"column":27},"end":{"line":220,"column":48}},"105":{"start":{"line":221,"column":30},"end":{"line":223,"column":33}},"106":{"start":{"line":226,"column":25},"end":{"line":226,"column":44}},"107":{"start":{"line":228,"column":25},"end":{"line":228,"column":45}},"108":{"start":{"line":229,"column":25},"end":{"line":263,"column":28}},"109":{"start":{"line":232,"column":30},"end":{"line":232,"column":87}},"110":{"start":{"line":233,"column":30},"end":{"line":236,"column":31}},"111":{"start":{"line":234,"column":35},"end":{"line":234,"column":105}},"112":{"start":{"line":235,"column":35},"end":{"line":235,"column":77}},"113":{"start":{"line":237,"column":30},"end":{"line":262,"column":33}},"114":{"start":{"line":238,"column":35},"end":{"line":241,"column":36}},"115":{"start":{"line":239,"column":40},"end":{"line":239,"column":65}},"116":{"start":{"line":240,"column":40},"end":{"line":240,"column":82}},"117":{"start":{"line":242,"column":35},"end":{"line":242,"column":76}},"118":{"start":{"line":243,"column":35},"end":{"line":261,"column":43}},"119":{"start":{"line":249,"column":42},"end":{"line":249,"column":65}},"120":{"start":{"line":250,"column":45},"end":{"line":252,"column":46}},"121":{"start":{"line":251,"column":50},"end":{"line":251,"column":67}},"122":{"start":{"line":253,"column":45},"end":{"line":253,"column":74}},"123":{"start":{"line":254,"column":45},"end":{"line":254,"column":78}},"124":{"start":{"line":255,"column":45},"end":{"line":255,"column":102}},"125":{"start":{"line":256,"column":45},"end":{"line":256,"column":65}},"126":{"start":{"line":258,"column":45},"end":{"line":260,"column":48}},"127":{"start":{"line":259,"column":50},"end":{"line":259,"column":69}},"128":{"start":{"line":267,"column":17},"end":{"line":267,"column":62}},"129":{"start":{"line":268,"column":17},"end":{"line":269,"column":132}},"130":{"start":{"line":271,"column":17},"end":{"line":276,"column":20}},"131":{"start":{"line":272,"column":22},"end":{"line":274,"column":25}},"132":{"start":{"line":275,"column":22},"end":{"line":275,"column":32}},"133":{"start":{"line":281,"column":15},"end":{"line":283,"column":16}},"134":{"start":{"line":282,"column":20},"end":{"line":282,"column":37}},"135":{"start":{"line":284,"column":15},"end":{"line":284,"column":50}}},"branchMap":{"1":{"line":21,"type":"if","locations":[{"start":{"line":21,"column":5},"end":{"line":21,"column":5}},{"start":{"line":21,"column":5},"end":{"line":21,"column":5}}]},"2":{"line":26,"type":"if","locations":[{"start":{"line":26,"column":10},"end":{"line":26,"column":10}},{"start":{"line":26,"column":10},"end":{"line":26,"column":10}}]},"3":{"line":34,"type":"if","locations":[{"start":{"line":34,"column":15},"end":{"line":34,"column":15}},{"start":{"line":34,"column":15},"end":{"line":34,"column":15}}]},"4":{"line":44,"type":"if","locations":[{"start":{"line":44,"column":20},"end":{"line":44,"column":20}},{"start":{"line":44,"column":20},"end":{"line":44,"column":20}}]},"5":{"line":59,"type":"if","locations":[{"start":{"line":59,"column":5},"end":{"line":59,"column":5}},{"start":{"line":59,"column":5},"end":{"line":59,"column":5}}]},"6":{"line":67,"type":"if","locations":[{"start":{"line":67,"column":5},"end":{"line":67,"column":5}},{"start":{"line":67,"column":5},"end":{"line":67,"column":5}}]},"7":{"line":70,"type":"if","locations":[{"start":{"line":70,"column":5},"end":{"line":70,"column":5}},{"start":{"line":70,"column":5},"end":{"line":70,"column":5}}]},"8":{"line":89,"type":"if","locations":[{"start":{"line":89,"column":5},"end":{"line":89,"column":5}},{"start":{"line":89,"column":5},"end":{"line":89,"column":5}}]},"9":{"line":108,"type":"if","locations":[{"start":{"line":108,"column":20},"end":{"line":108,"column":20}},{"start":{"line":108,"column":20},"end":{"line":108,"column":20}}]},"10":{"line":108,"type":"binary-expr","locations":[{"start":{"line":108,"column":24},"end":{"line":108,"column":29}},{"start":{"line":108,"column":33},"end":{"line":108,"column":41}}]},"11":{"line":142,"type":"if","locations":[{"start":{"line":142,"column":10},"end":{"line":142,"column":10}},{"start":{"line":142,"column":10},"end":{"line":142,"column":10}}]},"12":{"line":150,"type":"if","locations":[{"start":{"line":150,"column":5},"end":{"line":150,"column":5}},{"start":{"line":150,"column":5},"end":{"line":150,"column":5}}]},"13":{"line":159,"type":"if","locations":[{"start":{"line":159,"column":5},"end":{"line":159,"column":5}},{"start":{"line":159,"column":5},"end":{"line":159,"column":5}}]},"14":{"line":162,"type":"if","locations":[{"start":{"line":162,"column":5},"end":{"line":162,"column":5}},{"start":{"line":162,"column":5},"end":{"line":162,"column":5}}]},"15":{"line":167,"type":"binary-expr","locations":[{"start":{"line":167,"column":30},"end":{"line":167,"column":61}},{"start":{"line":167,"column":68},"end":{"line":167,"column":97}}]},"16":{"line":170,"type":"binary-expr","locations":[{"start":{"line":170,"column":22},"end":{"line":170,"column":31}},{"start":{"line":170,"column":35},"end":{"line":170,"column":43}},{"start":{"line":170,"column":49},"end":{
[...]
":{"line":12,"column":43}}},"3":{"name":"(anonymous_3)","line":20,"loc":{"start":{"line":20,"column":21},"end":{"line":20,"column":33}}},"4":{"name":"(anonymous_4)","line":23,"loc":{"start":{"line":23,"column":21},"end":{"line":23,"column":33}}},"5":{"name":"(anonymous_5)","line":31,"loc":{"start":{"line":31,"column":17},"end":{"line":31,"column":42}}},"6":{"name":"(anonymous_6)","line":39,"loc":{"start":{"line":39,"column":21},"end":{"line":39,"column":33}}},"7":{"name":"(anonymous_7)","line":42,"loc":{"start":{"line":42,"column":21},"end":{"line":42,"column":33}}}},"statementMap":{"1":{"start":{"line":3,"column":0},"end":{"line":47,"column":2}},"2":{"start":{"line":6,"column":10},"end":{"line":6,"column":43}},"3":{"start":{"line":8,"column":10},"end":{"line":8,"column":27}},"4":{"start":{"line":9,"column":10},"end":{"line":9,"column":20}},"5":{"start":{"line":13,"column":10},"end":{"line":16,"column":12}},"6":{"start":{"line":18,"column":10},"end":{"line":18,"column":40}},"7":{"start":{"line":19,"column":10},"end":{"line":28,"column":13}},"8":{"start":{"line":21,"column":20},"end":{"line":21,"column":42}},"9":{"start":{"line":24,"column":20},"end":{"line":26,"column":23}},"10":{"start":{"line":32,"column":10},"end":{"line":35,"column":12}},"11":{"start":{"line":37,"column":10},"end":{"line":37,"column":40}},"12":{"start":{"line":38,"column":10},"end":{"line":45,"column":13}},"13":{"start":{"line":40,"column":20},"end":{"line":40,"column":42}},"14":{"start":{"line":43,"column":20},"end":{"line":43,"column":53}}},"branchMap":{"1":{"line":18,"type":"binary-expr","locations":[{"start":{"line":18,"column":21},"end":{"line":18,"column":31}},{"start":{"line":18,"column":35},"end":{"line":18,"column":38}}]},"2":{"line":33,"type":"binary-expr","locations":[{"start":{"line":33,"column":24},"end":{"line":33,"column":35}},{"start":{"line":33,"column":39},"end":{"line":33,"column":50}}]},"3":{"line":37,"type":"binary-expr","locations":[{"start":{"line":37,"column":21},"end":{"line":37,"column":31}},{"start":{"line":37,"column":35},"end":{"line":37,"column":38}}]}}},"app/middleware/view-helper.js":{"path":"app/middleware/view-helper.js","s":{"1":1,"2":1,"3":0,"4":0,"5":0,"6":0},"b":{},"f":{"1":0},"fnMap":{"1":{"name":"(anonymous_1)","line":5,"loc":{"start":{"line":5,"column":17},"end":{"line":5,"column":43}}}},"statementMap":{"1":{"start":{"line":3,"column":0},"end":{"line":3,"column":43}},"2":{"start":{"line":5,"column":0},"end":{"line":10,"column":2}},"3":{"start":{"line":6,"column":5},"end":{"line":6,"column":32}},"4":{"start":{"line":7,"column":5},"end":{"line":7,"column":56}},"5":{"start":{"line":8,"column":5},"end":{"line":8,"column":58}},"6":{"start":{"line":9,"column":5},"end":{"line":9,"column":12}}},"branchMap":{}},"app/middleware/passport.js":{"path":"app/middleware/passport.js","s":{"1":1,"2":1,"3":0,"4":0,"5":0,"6":0,"7":0,"8":1,"9":1,"10":0,"11":0,"12":1,"13":0,"14":0,"15":0,"16":0,"17":0,"18":0,"19":0,"20":0,"21":0,"22":0,"23":0,"24":0,"25":1,"26":0,"27":0,"28":0,"29":0,"30":0,"31":0,"32":0,"33":0,"34":0,"35":0,"36":0,"37":0,"38":0,"39":0,"40":0,"41":0,"42":0,"43":0,"44":0,"45":1,"46":0,"47":0,"48":0},"b":{"1":[0,0],"2":[0,0],"3":[0,0],"4":[0,0],"5":[0,0],"6":[0,0],"7":[0,0],"8":[0,0],"9":[0,0],"10":[0,0],"11":[0,0]},"f":{"1":0,"2":0,"3":1,"4":0,"5":0,"6":0,"7":0,"8":0,"9":0,"10":0,"11":0,"12":0},"fnMap":{"1":{"name":"comparePassword","line":19,"loc":{"start":{"line":19,"column":0},"end":{"line":19,"column":65}}},"2":{"name":"(anonymous_2)","line":21,"loc":{"start":{"line":21,"column":56},"end":{"line":21,"column":80}}},"3":{"name":"(anonymous_3)","line":29,"loc":{"start":{"line":29,"column":17},"end":{"line":29,"column":37}}},"4":{"name":"(anonymous_4)","line":31,"loc":{"start":{"line":31,"column":28},"end":{"line":31,"column":50}}},"5":{"name":"(anonymous_5)","line":36,"loc":{"start":{"line":36,"column":30},"end":{"line":36,"column":53}}},"6":{"name":"(anonymous_6)","line":44,"loc":{"start":{"line":44,"column":15},"end":{"line":44,"column":36}}},"7":{"name":"(anonymous_7)","line":51,"loc":{"start":{"line":51,"column":28},"end":{"line":51,"column":57}}},"8":{"name":"(anonymous_8)","line":71,"loc":{"start":{"line":71,"column":10},"end":{"line":71,"column":48}}},"9":{"name":"(anonymous_9)","line":77,"loc":{"start":{"line":77,"column":20},"end":{"line":77,"column":41}}},"10":{"name":"(anonymous_10)","line":88,"loc":{"start":{"line":88,"column":30},"end":{"line":88,"column":54}}},"11":{"name":"(anonymous_11)","line":116,"loc":{"start":{"line":116,"column":10},"end":{"line":116,"column":48}}},"12":{"name":"(anonymous_12)","line":118,"loc":{"start":{"line":118,"column":32},"end":{"line":118,"column":44}}}},"statementMap":{"1":{"start":{"line":1,"column":0},"end":{"line":11,"column":54}},"2":{"start":{"line":19,"column":0},"end":{"line":27,"column":1}},"3":{"start":{"line":20,"column":5},"end":{"line":20,"column":93}},"4":{"start":{"line":21,"column":5},"end":{"line":26,"column":8}},"5":{"start":{"line":22,"column":10},"end":{"line":24,"column":11}},"6":{"start":{"line":23,"column":15},"end":{"line":23,"column":30}},"7":{"start":{"line":25,"column":10},"end":{"line":25,"column":28}},"8":{"start":{"line":29,"column":0},"end":{"line":122,"column":1}},"9":{"start":{"line":31,"column":5},"end":{"line":34,"column":8}},"10":{"start":{"line":32,"column":10},"end":{"line":32,"column":65}},"11":{"start":{"line":33,"column":10},"end":{"line":33,"column":27}},"12":{"start":{"line":36,"column":5},"end":{"line":64,"column":8}},"13":{"start":{"line":37,"column":10},"end":{"line":37,"column":57}},"14":{"start":{"line":38,"column":10},"end":{"line":40,"column":11}},"15":{"start":{"line":39,"column":12},"end":{"line":39,"column":29}},"16":{"start":{"line":41,"column":10},"end":{"line":63,"column":18}},"17":{"start":{"line":45,"column":19},"end":{"line":45,"column":44}},"18":{"start":{"line":46,"column":20},"end":{"line":62,"column":21}},"19":{"start":{"line":47,"column":25},"end":{"line":47,"column":35}},"20":{"start":{"line":49,"column":25},"end":{"line":61,"column":28}},"21":{"start":{"line":52,"column":30},"end":{"line":52,"column":68}},"22":{"start":{"line":53,"column":30},"end":{"line":60,"column":31}},"23":{"start":{"line":54,"column":35},"end":{"line":54,"column":45}},"24":{"start":{"line":56,"column":35},"end":{"line":59,"column":38}},"25":{"start":{"line":67,"column":5},"end":{"line":110,"column":14}},"26":{"start":{"line":72,"column":15},"end":{"line":72,"column":55}},"27":{"start":{"line":74,"column":15},"end":{"line":109,"column":17}},"28":{"start":{"line":78,"column":25},"end":{"line":78,"column":54}},"29":{"start":{"line":79,"column":25},"end":{"line":81,"column":26}},"30":{"start":{"line":80,"column":30},"end":{"line":80,"column":47}},"31":{"start":{"line":82,"column":25},"end":{"line":84,"column":26}},"32":{"start":{"line":83,"column":30},"end":{"line":83,"column":93}},"33":{"start":{"line":85,"column":25},"end":{"line":85,"column":44}},"34":{"start":{"line":87,"column":25},"end":{"line":107,"column":33}},"35":{"start":{"line":89,"column":35},"end":{"line":89,"column":79}},"36":{"start":{"line":90,"column":35},"end":{"line":106,"column":36}},"37":{"start":{"line":91,"column":40},"end":{"line":91,"column":69}},"38":{"start":{"line":92,"column":40},"end":{"line":92,"column":69}},"39":{"start":{"line":93,"column":40},"end":{"line":93,"column":73}},"40":{"start":{"line":94,"column":40},"end":{"line":94,"column":97}},"41":{"start":{"line":95,"column":40},"end":{"line":95,"column":60}},"42":{"start":{"line":96,"column":40},"end":{"line":102,"column":43}},"43":{"start":{"line":103,"column":40},"end":{"line":103,"column":113}},"44":{"start":{"line":105,"column":40},"end":{"line":105,"column":105}},"45":{"start":{"line":112,"column":5},"end":{"line":121,"column":14}},"46":{"start":{"line":117,"column":15},"end":{"line":117,"column":89}},"47":{"start":{"line":118,"column":15},"end":{"line":120,"column":18}},"48":{"start":{"line":119,"column":20},"end":{"line":119,"column":70}}},"branchMap":{"1":{"line":22,"type":"if","locations":[{"start":{"line":22,"column":10},"end":{"line":22,"column":10}},{"start":{"line":22,"column":10},"end":{"line":22,"column":10}}]},"2":{"line":38,"type":"if","locations":[{"start":{"line":38,"column":10},"end":{"line":38,"column":10}},{"start":{"line":38,"column":10},"end":{"line":38,"column":10}}]},"3":{"line":38,"type":"binary-expr","locations":[{"start":{"line":38,"column":13},"end":{"line":38,"column":18}},{"start":{"line":38,"column":22},"end":{"line":38,"column":30}}]},"4":{"line":46,"type":"if","locations":[{"start":{"line":46,"column":20},"end":{"line":46,"column":20}},{"start":{"line":46,"column":20},"end":{"line":46,"column":20}}]},"5":{"line":46,"type":"binary-expr","locations":[{"start":{"line":46,"column":24},"end":{"line":46,"column":27}},{"start":{"line":46,"column":31},"end":{"line":46,"column":36}}]},"6":{"line":53,"type":"if","locations":[{"start":{"line":53,"column":30},"end":{"line":53,"column":30}},{"start":{"line":53,"column":30},"end":{"line":53,"column":30}}]},"7":{"line":53,"type":"binary-expr","locations":[{"start":{"line":53,"column":34},"end":{"line":53,"column":37}},{"start":{"line":53,"column":41},"end":{"line":53,"column":54}}]},"8":{"line":79,"type":"if","locations":[{"start":{"line":79,"column":25},"end":{"line":79,"column":25}},{"start":{"line":79,"column":25},"end":{"line":79,"column":25}}]},"9":{"line":82,"type":"if","locations":[{"start":{"line":82,"column":25},"end":{"line":82,"column":25}},{"start":{"line":82,"column":25},"end":{"line":82,"column":25}}]},"10":{"line":82,"type":"binary-expr","locations":[{"start":{"line":82,"column":29},"end":{"line":82,"column":34}},{"start":{"line":82,"column":38},"end":{"line":82,"column":46}}]},"11":{"line":90,"type":"if","locations":[{"start":{"line":90,"column":35},"end":{"line":90,"column":35}},{"start":{"line":90,"column":35},"end":{"line":90,"column":35}}]}}},"app/middleware/passport-create-user.js":{"path":"app/middleware/passport-create-user.js","s":{"1":1,"2":1,"3":0,"4":0,"5":0,"6":0,"7":0,"8":0,"9":0,"10":0,"11":0,"12":0,"13":0,"14":0,"15":0,"16":0,"17":0,"18":0,"19":0,"20":0,"21":0,"22":0,"23":0,"24":0,"25":0,"26":0,"27":0,"28":0,"29":0,"30":0,"31":0,"32":0,"33":0,"34":0,"35":0,"36":1},"b":{"1":[0,0],"2":[0,0],"3":[0,0],"4":[0,0],"5":[0,0],"6":[0,0],"7":[0,0],"8":[0,0],"9":[0,0],"10":[0,0]},"f":{"1":0,"2":0,"3":0,"4":0,"5":0,"6":0,"7":0,"8":0},"fnMap":{"1":{"name":"findOrCreateUser","line":19,"loc":{"start":{"line":19,"column":0},"end":{"line":19,"column":65}}},"2":{"name":"(anonymous_2)","line":23,"loc":{"start":{"line":23,"column":10},"end":{"line":23,"column":39}}},"3":{"name":"(anonymous_3)","line":30,"loc":{"start":{"line":30,"column":48},"end":{"line":30,"column":69}}},"4":{"name":"(anonymous_4)","line":51,"loc":{"start":{"line":51,"column":74},"end":{"line":51,"column":101}}},"5":{"name":"(anonymous_5)","line":55,"loc":{"start":{"line":55,"column":35},"end":{"line":55,"column":50}}},"6":{"name":"(anonymous_6)","line":71,"loc":{"start":{"line":71,"column":48},"end":{"line":71,"column":63}}},"7":{"name":"(anonymous_7)","line":75,"loc":{"start":{"line":75,"column":49},"end":{"line":75,"column":64}}},"8":{"name":"(anonymous_8)","line":88,"loc":{"start":{"line":88,"column":88},"end":{"line":88,"column":103}}}},"statementMap":{"1":{"start":{"line":1,"column":0},"end":{"line":9,"column":54}},"2":{"start":{"line":19,"column":0},"end":{"line":98,"column":1}},"3":{"start":{"line":20,"column":5},"end":{"line":97,"column":13}},"4":{"start":{"line":24,"column":15},"end":{"line":29,"column":16}},"5":{"start":{"line":25,"column":20},"end":{"line":27,"column":23}},"6":{"start":{"line":28,"column":20},"end":{"line":28,"column":119}},"7":{"start":{"line":30,"column":15},"end":{"line":96,"column":17}},"8":{"start":{"line":31,"column":20},"end":{"line":33,"column":21}},"9":{"start":{"line":32,"column":25},"end":{"line":32,"column":97}},"10":{"start":{"line":35,"column":20},"end":{"line":35,"column":56}},"11":{"start":{"line":37,"column":20},"end":{"line":45,"column":23}},"12":{"start":{"line":47,"column":20},"end":{"line":49,"column":21}},"13":{"start":{"line":48,"column":22},"end":{"line":48,"column":84}},"14":{"start":{"line":51,"column":20},"end":{"line":95,"column":22}},"15":{"start":{"line":52,"column":25},"end":{"line":54,"column":26}},"16":{"start":{"line":53,"column":30},"end":{"line":53,"column":47}},"17":{"start":{"line":55,"column":25},"end":{"line":94,"column":28}},"18":{"start":{"line":56,"column":30},"end":{"line":58,"column":31}},"19":{"start":{"line":57,"column":35},"end":{"line":57,"column":101}},"20":{"start":{"line":60,"column":30},"end":{"line":63,"column":33}},"21":{"start":{"line":65,"column":30},"end":{"line":69,"column":33}},"22":{"start":{"line":71,"column":30},"end":{"line":93,"column":33}},"23":{"start":{"line":72,"column":35},"end":{"line":74,"column":36}},"24":{"start":{"line":73,"column":40},"end":{"line":73,"column":114}},"25":{"start":{"line":75,"column":35},"end":{"line":92,"column":38}},"26":{"start":{"line":76,"column":40},"end":{"line":78,"column":41}},"27":{"start":{"line":77,"column":45},"end":{"line":77,"column":115}},"28":{"start":{"line":79,"column":40},"end":{"line":79,"column":69}},"29":{"start":{"line":80,"column":40},"end":{"line":80,"column":73}},"30":{"start":{"line":81,"column":40},"end":{"line":81,"column":97}},"31":{"start":{"line":82,"column":40},"end":{"line":82,"column":60}},"32":{"start":{"line":84,"column":40},"end":{"line":84,"column":77}},"33":{"start":{"line":85,"column":40},"end":{"line":86,"column":81}},"34":{"start":{"line":88,"column":40},"end":{"line":90,"column":43}},"35":{"start":{"line":89,"column":45},"end":{"line":89,"column":118}},"36":{"start":{"line":100,"column":0},"end":{"line":100,"column":34}}},"branchMap":{"1":{"line":24,"type":"if","locations":[{"start":{"line":24,"column":15},"end":{"line":24,"column":15}},{"start":{"line":24,"column":15},"end":{"line":24,"column":15}}]},"2":{"line":24,"type":"binary-expr","locations":[{"start":{"line":24,"column":19},"end":{"line":24,"column":31}},{"start":{"line":24,"column":35},"end":{"line":24,"column":50}}]},"3":{"line":31,"type":"if","locations":[{"start":{"line":31,"column":20},"end":{"line":31,"column":20}},{"start":{"line":31,"column":20},"end":{"line":31,"column":20}}]},"4":{"line":42,"type":"cond-expr","locations":[{"start":{"line":42,"column":54},"end":{"line":42,"column":59}},{"start":{"line":42,"column":62},"end":{"line":42,"column":73}}]},"5":{"line":43,"type":"cond-expr","locations":[{"start":{"line":43,"column":52},"end":{"line":43,"column":61}},{"start":{"line":43,"column":64},"end":{"line":43,"column":98}}]},"6":{"line":47,"type":"if","locations":[{"start":{"line":47,"column":20},"end":{"line":47,"column":20}},{"start":{"line":47,"column":20},"end":{"line":47,"column":20}}]},"7":{"line":52,"type":"if","locations":[{"start":{"line":52,"column":25},"end":{"line":52,"column":25}},{"start":{"line":52,"column":25},"end":{"line":52,"column":25}}]},"8":{"line":56,"type":"if","locations":[{"start":{"line":56,"column":30},"end":{"line":56,"column":30}},{"start":{"line":56,"column":30},"end":{"line":56,"column":30}}]},"9":{"line":72,"type":"if","locations":[{"start":{"line":72,"column":35},"end":{"line":72,"column":35}},{"start":{"line":72,"column":35},"end":{"line":72,"column":35}}]},"10":{"line":76,"type":"if","locations":[{"start":{"line":76,"column":40},"end":{"line":76,"column":40}},{"start":{"line":76,"column":40},"end":{"line":76,"column":40}}]}}},"app/middleware/passport-create-token.js":{"path":"app/middleware/passport-create-token.js","s":{"1":1,"2":1,"3":0,"4":0,"5":0,"6":1},"b":{},"f":{"1":0},"fnMap":{"1":{"name":"createToken","line":9,"loc":{"start":{"line":9,"column":0},"end":{"line":9,"column":28}}}},"statementMap":{"1":{"start":{"line":1,"column":0},"end":{"line":2,"column":39}},"2":{"start":{"line":9,"column":0},"end":{"line":15,"column":1}},"3":{"start":{"line":10,"column":5},"end":{"line":10,"column":35}},"4":{"start":{"line":11,"column":5},"end":{"line":11,"column":71}},"5":{"start":{"line":12,"column":5},"end":{"line":14,"column":8}},"6":{"start":{"line":16,"column":0},"end":{"line":16,"column":29}}},"branchMap":{}},"app/middleware/auth.js":{"path":"app/middleware/auth.js","s":{"1":1,"2":0,"3":0,"4":0,"5":1,"6":0,"7":0,"8":0,"9":1,"10":0,"11":0,"12":0,"13":0},"b":{"1":[0,0],"2":[0,0]},"f":{"1":0,"2":0,"3":0},"fnMap":{"1":{"name":"(anonymous_1)","line":3,"loc":{"start":{"line":3,"column":26},"end":{"line":3,"column":52}}},"2":{"name":"(anonymous_2)","line":10,"loc":{"start":{"line":10,"column":28},"end":{"line":10,"column":54}}},"3":{"name":"(anonymous_3)","line":17,"loc":{"start":{"line":17,"column":31},"end":{"line":17,"column":57}}}},"statementMap":{"1":{"start":{"line":3,"column":0},"end":{"line":8,"column":2}},"2":{"start":{"line":4,"column":5},"end":{"line":6,"column":6}},"3":{"start":{"line":5,"column":10},"end":{"line":5,"column":24}},"4":{"start":{"line":7,"column":5},"end":{"line":7,"column":37}},"5":{"start":{"line":10,"column":0},"end":{"line":15,"column":2}},"6":{"start":{"line":11,"column":5},"end":{"line":13,"column":6}},"7":{"start":{"line":12,"column":10},"end":{"line":12,"column":24}},"8":{"start":{"line":14,"column":5},"end":{"line":14,"column":37}},"9":{"start":{"line":17,"column":0},"end":{"line":26,"column":2}},"10":{"start":{"line":18,"column":5},"end":{"line":18,"column":52}},"11":{"start":{"line":19,"column":5},"end":{"line":19,"column":83}},"12":{"start":{"line":21,"column":5},"end":{"line":21,"column":53}},"13":{"start":{"line":23,"column":5},"end":{"line":23,"column":19}}},"branchMap":{"1":{"line":4,"type":"if","locations":[{"start":{"line":4,"column":5},"end":{"line":4,"column":5}},{"start":{"line":4,"column":5},"end":{"line":4,"column":5}}]},"2":{"line":11,"type":"if","locations":[{"start":{"line":11,"column":5},"end":{"line":11,"column":5}},{"start":{"line":11,"column":5},"end":{"line":11,"column":5}}]}}},"app/middleware/res-helper.js":{"path":"app/middleware/res-helper.js","s":{"1":1,"2":0,"3":0,"4":0,"5":0,"6":1,"7":0,"8":0,"9":0,"10":0},"b":{"1":[0,0],"2":[0,0]},"f":{"1":0,"2":0,"3":0,"4":0},"fnMap":{"1":{"name":"(anonymous_1)","line":3,"loc":{"start":{"line":3,"column":20},"end":{"line":3,"column":36}}},"2":{"name":"(anonymous_2)","line":4,"loc":{"start":{"line":4,"column":12},"end":{"line":4,"column":38}}},"3":{"name":"(anonymous_3)","line":12,"loc":{"start":{"line":12,"column":22},"end":{"line":12,"column":41}}},"4":{"name":"(anonymous_4)","line":13,"loc":{"start":{"line":13,"column":12},"end":{"line":13,"column":38}}}},"statementMap":{"1":{"start":{"line":3,"column":0},"end":{"line":10,"column":2}},"2":{"start":{"line":4,"column":5},"end":{"line":9,"column":7}},"3":{"start":{"line":5,"column":10},"end":{"line":7,"column":11}},"4":{"start":{"line":6,"column":15},"end":{"line":6,"column":33}},"5":{"start":{"line":8,"column":10},"end":{"line":8,"column":17}},"6":{"start":{"line":12,"column":0},"end":{"line":19,"column":2}},"7":{"start":{"line":13,"column":5},"end":{"line":18,"column":7}},"8":{"start":{"line":14,"column":10},"end":{"line":16,"column":11}},"9":{"start":{"line":15,"column":15},"end":{"line":15,"column":38}},"10":{"start":{"line":17,"column":10},"end":{"line":17,"column":17}}},"branchMap":{"1":{"line":5,"type":"if","locations":[{"start":{"line":5,"column":10},"end":{"line":5,"column":10}},{"start":{"line":5,"column":10},"end":{"line":5,"column":10}}]},"2":{"line":14,"type":"if","locations":[{"start":{"line":14,"column":10},"end":{"line":14,"column":10}},{"start":{"line":14,"column":10},"end":{"line":14,"column":10}}]}}},"app/models/alert.js":{"path":"app/models/alert.js","s":{"1":1,"2":1,"3":1},"b":{},"f":{},"fnMap":{},"statementMap":{"1":{"start":{"line":1,"column":0},"end":{"line":1,"column":37}},"2":{"start":{"line":3,"column":0},"end":{"line":40,"column":3}},"3":{"start":{"line":42,"column":0},"end":{"line":44,"column":3}}},"branchMap":{}}}