TN:
SF:app/amqp/amqp.js
FN:7,whenConnected
FN:17,start
FN:22,(anonymous_3)
FN:27,(anonymous_4)
FN:32,(anonymous_5)
FNF:5
FNH:0
FNDA:0,whenConnected
FNDA:0,start
FNDA:0,(anonymous_3)
FNDA:0,(anonymous_4)
FNDA:0,(anonymous_5)
DA:1,1
DA:2,1
DA:7,1
DA:9,0
DA:12,0
DA:13,0
DA:17,1
DA:19,0
DA:20,0
DA:22,0
DA:23,0
DA:24,0
DA:25,0
DA:27,0
DA:28,0
DA:29,0
DA:32,0
DA:33,0
DA:34,0
DA:36,0
DA:37,0
DA:39,0
DA:43,1
LF:23
LH:5
BRDA:9,1,0,0
BRDA:9,1,1,0
BRDA:19,2,0,0
BRDA:19,2,1,0
BRDA:23,3,0,0
BRDA:23,3,1,0
BRDA:28,4,0,0
BRDA:28,4,1,0
BRF:8
BRH:0
end_of_record
TN:
SF:app/amqp/worker.js
FN:3,init
FN:6,(anonymous_2)
FN:23,processScans
FN:27,(anonymous_4)
FN:28,(anonymous_5)
FN:34,(anonymous_6)
FN:38,(anonymous_7)
FN:42,(anonymous_8)
FNF:8
FNH:0
FNDA:0,init
FNDA:0,(anonymous_2)
FNDA:0,processScans
FNDA:0,(anonymous_4)
FNDA:0,(anonymous_5)
FNDA:0,(anonymous_6)
FNDA:0,(anonymous_7)
FNDA:0,(anonymous_8)
DA:1,1
DA:3,1
DA:4,0
DA:7,0
DA:8,0
DA:9,0
DA:11,0
DA:12,0
DA:13,0
DA:17,0
DA:23,1
DA:24,0
DA:27,1
DA:28,0
DA:30,0
DA:31,0
DA:34,0
DA:35,0
DA:38,0
DA:39,0
DA:42,0
DA:43,0
DA:46,0
DA:48,0
LF:24
LH:4
BRDA:7,1,0,0
BRDA:7,1,1,0
BRDA:12,2,0,0
BRDA:12,2,1,0
BRDA:30,3,0,0
BRDA:30,3,1,0
BRF:6
BRH:0
end_of_record
TN:
SF:app/amqp/errorHandler.js
FN:1,closeOnErr
FNF:1
FNH:0
FNDA:0,closeOnErr
DA:1,1
DA:2,0
DA:3,0
DA:4,0
DA:6,0
DA:7,0
LF:6
LH:1
BRDA:2,1,0,0
BRDA:2,1,1,0
BRF:2
BRH:0
end_of_record
TN:
SF:app/amqp/publisher.js
FN:7,publish
FN:12,(anonymous_2)
FN:38,(anonymous_3)
FN:39,(anonymous_4)
FN:43,(anonymous_5)
FN:46,(anonymous_6)
FNF:6
FNH:0
FNDA:0,publish
FNDA:0,(anonymous_2)
FNDA:0,(anonymous_3)
FNDA:0,(anonymous_4)
FNDA:0,(anonymous_5)
FNDA:0,(anonymous_6)
DA:1,1
DA:2,1
DA:3,1
DA:4,1
DA:7,1
DA:8,0
DA:9,0
DA:10,0
DA:11,0
DA:12,0
DA:13,0
DA:14,0
DA:15,0
DA:16,0
DA:17,0
DA:23,0
DA:27,0
DA:28,0
DA:33,0
DA:35,0
DA:38,1
DA:39,0
DA:40,0
DA:41,0
DA:43,0
DA:44,0
DA:46,0
DA:47,0
DA:50,0
DA:51,0
DA:52,0
DA:53,0
DA:54,0
DA:56,0
DA:61,1
LF:35
LH:7
BRDA:9,1,0,0
BRDA:9,1,1,0
BRDA:13,2,0,0
BRDA:13,2,1,0
BRDA:40,3,0,0
BRDA:40,3,1,0
BRDA:53,4,0,0
BRDA:53,4,1,0
BRF:8
BRH:0
end_of_record
TN:
SF:app/api-requests/callbacks.js
FN:9,sendStatus
FN:17,broadcastAll
FN:21,callbacks
FN:26,(anonymous_4)
FN:42,(anonymous_5)
FN:71,bulkDelete
FN:73,(anonymous_7)
FN:85,(anonymous_8)
FN:89,(anonymous_9)
FN:107,(anonymous_10)
FN:110,(anonymous_11)
FN:119,(anonymous_12)
FN:124,(anonymous_13)
FN:132,(anonymous_14)
FN:135,(anonymous_15)
FN:140,(anonymous_16)
FN:148,(anonymous_17)
FN:160,(anonymous_18)
FN:179,(anonymous_19)
FN:188,(anonymous_20)
FNF:20
FNH:0
FNDA:0,sendStatus
FNDA:0,broadcastAll
FNDA:0,callbacks
FNDA:0,(anonymous_4)
FNDA:0,(anonymous_5)
FNDA:0,bulkDelete
FNDA:0,(anonymous_7)
FNDA:0,(anonymous_8)
FNDA:0,(anonymous_9)
FNDA:0,(anonymous_10)
FNDA:0,(anonymous_11)
FNDA:0,(anonymous_12)
FNDA:0,(anonymous_13)
FNDA:0,(anonymous_14)
FNDA:0,(anonymous_15)
FNDA:0,(anonymous_16)
FNDA:0,(anonymous_17)
FNDA:0,(anonymous_18)
FNDA:0,(anonymous_19)
FNDA:0,(anonymous_20)
DA:1,1
DA:3,1
DA:6,1
DA:7,1
DA:9,1
DA:10,0
DA:11,0
DA:13,0
DA:17,1
DA:18,0
DA:21,1
DA:22,0
DA:24,0
DA:26,0
DA:27,0
DA:39,0
DA:43,0
DA:44,0
DA:45,0
DA:52,0
DA:71,1
DA:72,0
DA:73,0
DA:74,0
DA:82,0
DA:85,0
DA:86,0
DA:90,0
DA:91,0
DA:95,0
DA:100,0
DA:104,0
DA:108,0
DA:109,0
DA:110,0
DA:111,0
DA:119,0
DA:120,0
DA:121,0
DA:125,0
DA:127,0
DA:132,0
DA:133,0
DA:136,0
DA:137,0
DA:138,0
DA:141,0
DA:142,0
DA:146,0
DA:147,0
DA:148,0
DA:149,0
DA:152,0
DA:154,0
DA:155,0
DA:160,0
DA:161,0
DA:162,0
DA:163,0
DA:165,0
DA:166,0
DA:167,0
DA:168,0
DA:169,0
DA:170,0
DA:171,0
DA:172,0
DA:177,0
DA:180,0
DA:181,0
DA:182,0
DA:184,0
DA:185,0
DA:186,0
DA:187,0
DA:188,0
DA:189,0
DA:190,0
DA:191,0
DA:193,0
DA:196,0
DA:232,1
DA:233,1
DA:234,1
LF:84
LH:11
BRDA:44,1,0,0
BRDA:44,1,1,0
BRDA:90,2,0,0
BRDA:90,2,1,0
BRDA:146,3,0,0
BRDA:146,3,1,0
BRDA:162,4,0,0
BRDA:162,4,1,0
BRDA:162,5,0,0
BRDA:162,5,1,0
BRDA:180,6,0,0
BRDA:180,6,1,0
BRDA:190,7,0,0
BRDA:190,7,1,0
BRF:14
BRH:0
end_of_record
TN:
SF:app/models/scan.js
FNF:0
FNH:0
DA:1,1
DA:3,1
DA:39,1
LF:3
LH:3
BRF:0
BRH:0
end_of_record
TN:
SF:app/models/user.js
FNF:0
FNH:0
DA:1,1
DA:2,1
DA:3,1
DA:4,1
LF:4
LH:4
BRF:0
BRH:0
end_of_record
TN:
SF:app/models/schema/user.js
FNF:0
FNH:0
DA:1,1
DA:2,1
DA:3,1
DA:213,1
LF:4
LH:4
BRF:0
BRH:0
end_of_record
TN:
SF:app/config/secrets.js
FNF:0
FNH:0
DA:1,1
DA:2,1
LF:2
LH:2
BRDA:4,1,0,1
BRDA:4,1,1,0
BRDA:4,1,2,0
BRDA:4,1,3,0
BRDA:5,2,0,1
BRDA:5,2,1,0
BRDA:6,3,0,1
BRDA:6,3,1,0
BRDA:9,4,0,1
BRDA:9,4,1,1
BRDA:10,5,0,1
BRDA:10,5,1,1
BRDA:14,6,0,1
BRDA:14,6,1,0
BRDA:15,7,0,1
BRDA:15,7,1,0
BRDA:38,8,0,1
BRDA:38,8,1,1
BRF:18
BRH:11
end_of_record
TN:
SF:app/api-requests/permissions/free.js
FNF:0
FNH:0
DA:1,1
DA:3,1
DA:58,1
LF:3
LH:3
BRF:0
BRH:0
end_of_record
TN:
SF:app/models/index.js
FNF:0
FNH:0
DA:1,1
LF:1
LH:1
BRF:0
BRH:0
end_of_record
TN:
SF:app/models/request.js
FNF:0
FNH:0
DA:1,1
DA:2,1
DA:44,1
LF:3
LH:3
BRF:0
BRH:0
end_of_record
TN:
SF:app/models/permission.js
FNF:0
FNH:0
DA:2,1
DA:3,1
DA:161,1
LF:3
LH:3
BRF:0
BRH:0
end_of_record
TN:
SF:app/api-requests/permissions/paid.js
FNF:0
FNH:0
DA:1,1
DA:3,1
DA:58,1
LF:3
LH:3
BRF:0
BRH:0
end_of_record
TN:
SF:app/api-requests/preFlight.js
FN:11,siteRequestValidate
FN:17,linkRequestValidate
FN:23,captureRequestValidate
FN:29,pageRequestValidate
FN:110,(anonymous_5)
FN:127,(anonymous_6)
FN:135,(anonymous_7)
FN:167,validate
FN:186,_authorize
FN:195,(anonymous_10)
FN:252,checkOptions
FN:272,checkRequirements
FN:276,(anonymous_13)
FN:286,(anonymous_14)
FN:304,checkApiCall
FN:307,(anonymous_16)
FN:309,(anonymous_17)
FN:311,(anonymous_18)
FN:314,(anonymous_19)
FN:317,(anonymous_20)
FN:321,(anonymous_21)
FN:325,(anonymous_22)
FN:329,(anonymous_23)
FN:336,_preFlight
FN:338,(anonymous_25)
FN:340,(anonymous_26)
FNF:26
FNH:0
FNDA:0,siteRequestValidate
FNDA:0,linkRequestValidate
FNDA:0,captureRequestValidate
FNDA:0,pageRequestValidate
FNDA:0,(anonymous_5)
FNDA:0,(anonymous_6)
FNDA:0,(anonymous_7)
FNDA:0,validate
FNDA:0,_authorize
FNDA:0,(anonymous_10)
FNDA:0,checkOptions
FNDA:0,checkRequirements
FNDA:0,(anonymous_13)
FNDA:0,(anonymous_14)
FNDA:0,checkApiCall
FNDA:0,(anonymous_16)
FNDA:0,(anonymous_17)
FNDA:0,(anonymous_18)
FNDA:0,(anonymous_19)
FNDA:0,(anonymous_20)
FNDA:0,(anonymous_21)
FNDA:0,(anonymous_22)
FNDA:0,(anonymous_23)
FNDA:0,_preFlight
FNDA:0,(anonymous_25)
FNDA:0,(anonymous_26)
DA:1,1
DA:6,1
DA:11,1
DA:12,0
DA:13,0
DA:14,0
DA:17,1
DA:18,0
DA:19,0
DA:20,0
DA:23,1
DA:24,0
DA:25,0
DA:26,0
DA:29,1
DA:30,0
DA:31,0
DA:32,0
DA:33,0
DA:34,0
DA:35,0
DA:41,0
DA:42,0
DA:48,0
DA:49,0
DA:55,0
DA:56,0
DA:62,0
DA:63,0
DA:69,0
DA:70,0
DA:76,0
DA:77,0
DA:83,0
DA:84,0
DA:90,0
DA:91,0
DA:101,0
DA:102,0
DA:108,0
DA:109,0
DA:110,0
DA:111,0
DA:112,0
DA:113,0
DA:116,0
DA:117,0
DA:124,0
DA:125,0
DA:126,0
DA:127,0
DA:128,0
DA:134,0
DA:135,0
DA:136,0
DA:144,0
DA:153,0
DA:155,0
DA:158,1
DA:167,1
DA:168,0
DA:169,0
DA:171,0
DA:172,0
DA:182,0
DA:186,1
DA:187,0
DA:188,0
DA:191,0
DA:192,0
DA:196,0
DA:201,0
DA:202,0
DA:203,0
DA:215,0
DA:216,0
DA:217,0
DA:229,0
DA:230,0
DA:235,0
DA:236,0
DA:249,0
DA:252,1
DA:253,0
DA:254,0
DA:255,0
DA:267,0
DA:269,0
DA:272,1
DA:273,0
DA:274,0
DA:275,0
DA:276,0
DA:277,0
DA:278,0
DA:279,0
DA:282,0
DA:283,0
DA:285,0
DA:286,0
DA:287,0
DA:293,0
DA:301,0
DA:304,1
DA:305,0
DA:306,0
DA:307,0
DA:308,0
DA:309,0
DA:310,0
DA:311,0
DA:312,0
DA:313,0
DA:314,0
DA:315,0
DA:316,0
DA:318,0
DA:319,0
DA:322,0
DA:323,0
DA:326,0
DA:327,0
DA:330,0
DA:331,0
DA:333,0
DA:336,1
DA:337,0
DA:338,0
DA:339,0
DA:341,0
DA:355,1
LF:131
LH:14
BRDA:34,1,0,0
BRDA:34,1,1,0
BRDA:41,2,0,0
BRDA:41,2,1,0
BRDA:48,3,0,0
BRDA:48,3,1,0
BRDA:55,4,0,0
BRDA:55,4,1,0
BRDA:62,5,0,0
BRDA:62,5,1,0
BRDA:69,6,0,0
BRDA:69,6,1,0
BRDA:76,7,0,0
BRDA:76,7,1,0
BRDA:83,8,0,0
BRDA:83,8,1,0
BRDA:83,9,0,0
BRDA:83,9,1,0
BRDA:90,10,0,0
BRDA:90,10,1,0
BRDA:90,11,0,0
BRDA:90,11,1,0
BRDA:101,12,0,0
BRDA:101,12,1,0
BRDA:101,13,0,0
BRDA:101,13,1,0
BRDA:111,14,0,0
BRDA:111,14,1,0
BRDA:111,15,0,0
BRDA:111,15,1,0
BRDA:116,16,0,0
BRDA:116,16,1,0
BRDA:124,17,0,0
BRDA:124,17,1,0
BRDA:134,18,0,0
BRDA:134,18,1,0
BRDA:168,19,0,0
BRDA:168,19,1,0
BRDA:201,20,0,0
BRDA:201,20,1,0
BRDA:216,21,0,0
BRDA:216,21,1,0
BRDA:216,22,0,0
BRDA:216,22,1,0
BRDA:254,23,0,0
BRDA:254,23,1,0
BRDA:254,24,0,0
BRDA:254,24,1,0
BRDA:277,25,0,0
BRDA:277,25,1,0
BRDA:277,26,0,0
BRDA:277,26,1,0
BRDA:282,27,0,0
BRDA:282,27,1,0
BRF:54
BRH:0
end_of_record
TN:
SF:app/api-requests/requests.js
FN:6,deleteCapture
FN:33,(anonymous_2)
FN:35,(anonymous_3)
FN:38,(anonymous_4)
FN:43,(anonymous_5)
FN:58,requests
FN:60,(anonymous_7)
FN:61,(anonymous_8)
FN:68,(anonymous_9)
FNF:9
FNH:0
FNDA:0,deleteCapture
FNDA:0,(anonymous_2)
FNDA:0,(anonymous_3)
FNDA:0,(anonymous_4)
FNDA:0,(anonymous_5)
FNDA:0,requests
FNDA:0,(anonymous_7)
FNDA:0,(anonymous_8)
FNDA:0,(anonymous_9)
DA:1,1
DA:2,1
DA:3,1
DA:4,1
DA:6,1
DA:7,0
DA:19,0
DA:29,0
DA:30,0
DA:33,0
DA:34,0
DA:35,0
DA:36,0
DA:38,0
DA:39,0
DA:43,0
DA:50,0
DA:54,0
DA:55,0
DA:58,1
DA:60,0
DA:61,0
DA:62,0
DA:63,0
DA:68,0
DA:69,0
DA:71,0
DA:118,0
DA:161,1
LF:29
LH:7
BRDA:20,1,0,0
BRDA:20,1,1,0
BRDA:29,2,0,0
BRDA:29,2,1,0
BRDA:29,3,0,0
BRDA:29,3,1,0
BRDA:62,4,0,0
BRDA:62,4,1,0
BRF:8
BRH:0
end_of_record
TN:
SF:app/api-requests/requests/pageScan.js
FN:21,pageScanRequest
FN:24,(anonymous_2)
FN:37,(anonymous_3)
FN:54,(anonymous_4)
FN:78,(anonymous_5)
FN:106,(anonymous_6)
FNF:6
FNH:0
FNDA:0,pageScanRequest
FNDA:0,(anonymous_2)
FNDA:0,(anonymous_3)
FNDA:0,(anonymous_4)
FNDA:0,(anonymous_5)
FNDA:0,(anonymous_6)
DA:6,1
DA:21,1
DA:22,0
DA:23,0
DA:24,0
DA:25,0
DA:27,0
DA:28,0
DA:34,0
DA:35,0
DA:36,0
DA:37,0
DA:38,0
DA:39,0
DA:40,0
DA:41,0
DA:53,0
DA:54,0
DA:55,0
DA:57,0
DA:79,0
DA:80,0
DA:107,0
DA:108,0
DA:109,0
DA:111,0
DA:114,1
LF:27
LH:3
BRDA:39,1,0,0
BRDA:39,1,1,0
BRF:2
BRH:0
end_of_record
TN:
SF:app/config/stripe-events.js
FN:9,(anonymous_1)
FN:13,(anonymous_2)
FN:17,(anonymous_3)
FN:21,(anonymous_4)
FN:25,(anonymous_5)
FN:29,(anonymous_6)
FN:33,(anonymous_7)
FN:37,(anonymous_8)
FN:41,(anonymous_9)
FN:45,(anonymous_10)
FN:49,(anonymous_11)
FN:53,(anonymous_12)
FN:57,(anonymous_13)
FN:61,(anonymous_14)
FN:65,(anonymous_15)
FN:69,(anonymous_16)
FN:73,(anonymous_17)
FN:77,(anonymous_18)
FN:81,(anonymous_19)
FN:85,(anonymous_20)
FN:89,(anonymous_21)
FN:93,(anonymous_22)
FN:101,(anonymous_23)
FN:118,(anonymous_24)
FN:131,(anonymous_25)
FN:135,(anonymous_26)
FN:139,(anonymous_27)
FN:143,(anonymous_28)
FN:147,(anonymous_29)
FN:151,(anonymous_30)
FN:155,(anonymous_31)
FN:159,(anonymous_32)
FN:163,(anonymous_33)
FN:167,(anonymous_34)
FN:171,(anonymous_35)
FN:175,(anonymous_36)
FN:179,(anonymous_37)
FN:183,(anonymous_38)
FN:187,(anonymous_39)
FN:191,(anonymous_40)
FN:195,(anonymous_41)
FN:199,(anonymous_42)
FN:203,(anonymous_43)
FN:207,(anonymous_44)
FN:211,(anonymous_45)
FN:215,(anonymous_46)
FN:219,(anonymous_47)
FN:223,(anonymous_48)
FN:229,(anonymous_49)
FNF:49
FNH:0
FNDA:0,(anonymous_1)
FNDA:0,(anonymous_2)
FNDA:0,(anonymous_3)
FNDA:0,(anonymous_4)
FNDA:0,(anonymous_5)
FNDA:0,(anonymous_6)
FNDA:0,(anonymous_7)
FNDA:0,(anonymous_8)
FNDA:0,(anonymous_9)
FNDA:0,(anonymous_10)
FNDA:0,(anonymous_11)
FNDA:0,(anonymous_12)
FNDA:0,(anonymous_13)
FNDA:0,(anonymous_14)
FNDA:0,(anonymous_15)
FNDA:0,(anonymous_16)
FNDA:0,(anonymous_17)
FNDA:0,(anonymous_18)
FNDA:0,(anonymous_19)
FNDA:0,(anonymous_20)
FNDA:0,(anonymous_21)
FNDA:0,(anonymous_22)
FNDA:0,(anonymous_23)
FNDA:0,(anonymous_24)
FNDA:0,(anonymous_25)
FNDA:0,(anonymous_26)
FNDA:0,(anonymous_27)
FNDA:0,(anonymous_28)
FNDA:0,(anonymous_29)
FNDA:0,(anonymous_30)
FNDA:0,(anonymous_31)
FNDA:0,(anonymous_32)
FNDA:0,(anonymous_33)
FNDA:0,(anonymous_34)
FNDA:0,(anonymous_35)
FNDA:0,(anonymous_36)
FNDA:0,(anonymous_37)
FNDA:0,(anonymous_38)
FNDA:0,(anonymous_39)
FNDA:0,(anonymous_40)
FNDA:0,(anonymous_41)
FNDA:0,(anonymous_42)
FNDA:0,(anonymous_43)
FNDA:0,(anonymous_44)
FNDA:0,(anonymous_45)
FNDA:0,(anonymous_46)
FNDA:0,(anonymous_47)
FNDA:0,(anonymous_48)
FNDA:0,(anonymous_49)
DA:3,1
DA:5,1
DA:8,1
DA:10,0
DA:11,0
DA:14,0
DA:15,0
DA:18,0
DA:19,0
DA:22,0
DA:23,0
DA:26,0
DA:27,0
DA:30,0
DA:31,0
DA:34,0
DA:35,0
DA:38,0
DA:39,0
DA:42,0
DA:43,0
DA:46,0
DA:47,0
DA:50,0
DA:51,0
DA:54,0
DA:55,0
DA:58,0
DA:59,0
DA:62,0
DA:63,0
DA:66,0
DA:67,0
DA:70,0
DA:71,0
DA:74,0
DA:75,0
DA:78,0
DA:79,0
DA:82,0
DA:83,0
DA:86,0
DA:87,0
DA:90,0
DA:91,0
DA:94,0
DA:96,0
DA:98,0
DA:102,0
DA:103,0
DA:105,0
DA:107,0
DA:110,0
DA:119,0
DA:120,0
DA:122,0
DA:123,0
DA:128,0
DA:132,0
DA:133,0
DA:136,0
DA:137,0
DA:140,0
DA:141,0
DA:144,0
DA:145,0
DA:148,0
DA:149,0
DA:152,0
DA:153,0
DA:156,0
DA:157,0
DA:160,0
DA:161,0
DA:164,0
DA:165,0
DA:168,0
DA:169,0
DA:172,0
DA:173,0
DA:176,0
DA:177,0
DA:180,0
DA:181,0
DA:184,0
DA:185,0
DA:188,0
DA:189,0
DA:192,0
DA:193,0
DA:196,0
DA:197,0
DA:200,0
DA:201,0
DA:204,0
DA:205,0
DA:208,0
DA:209,0
DA:212,0
DA:213,0
DA:216,0
DA:217,0
DA:220,0
DA:221,0
DA:224,0
DA:225,0
DA:229,1
DA:230,0
DA:231,0
DA:233,0
LF:110
LH:4
BRDA:96,1,0,0
BRDA:96,1,1,0
BRDA:96,2,0,0
BRDA:96,2,1,0
BRDA:96,2,2,0
BRDA:102,3,0,0
BRDA:102,3,1,0
BRDA:105,4,0,0
BRDA:105,4,1,0
BRDA:119,5,0,0
BRDA:119,5,1,0
BRDA:230,6,0,0
BRDA:230,6,1,0
BRDA:230,7,0,0
BRDA:230,7,1,0
BRDA:230,7,2,0
BRF:16
BRH:0
end_of_record
TN:
SF:app/controllers/api-callback-controller.js
FN:4,callback
FNF:1
FNH:0
FNDA:0,callback
DA:2,1
DA:4,1
DA:5,0
DA:6,0
DA:10,1
LF:5
LH:3
BRF:0
BRH:0
end_of_record
TN:
SF:app/controllers/dashboard-controller.js
FN:10,(anonymous_1)
FN:14,(anonymous_2)
FN:18,(anonymous_3)
FN:21,(anonymous_4)
FN:40,(anonymous_5)
FN:69,(anonymous_6)
FN:98,(anonymous_7)
FN:119,(anonymous_8)
FN:140,(anonymous_9)
FNF:9
FNH:0
FNDA:0,(anonymous_1)
FNDA:0,(anonymous_2)
FNDA:0,(anonymous_3)
FNDA:0,(anonymous_4)
FNDA:0,(anonymous_5)
FNDA:0,(anonymous_6)
FNDA:0,(anonymous_7)
FNDA:0,(anonymous_8)
FNDA:0,(anonymous_9)
DA:2,1
DA:10,1
DA:11,0
DA:12,0
DA:13,0
DA:15,0
DA:16,0
DA:17,0
DA:19,0
DA:20,0
DA:22,0
DA:23,0
DA:27,0
DA:28,0
DA:29,0
DA:33,0
DA:40,0
DA:41,0
DA:42,0
DA:44,0
DA:45,0
DA:46,0
DA:47,0
DA:48,0
DA:52,0
DA:62,0
DA:69,1
DA:70,0
DA:71,0
DA:72,0
DA:73,0
DA:81,0
DA:83,0
DA:88,0
DA:89,0
DA:91,0
DA:92,0
DA:94,0
DA:98,0
DA:99,0
DA:100,0
DA:102,0
DA:111,0
DA:119,1
DA:120,0
DA:121,0
DA:122,0
DA:126,0
DA:127,0
DA:129,0
DA:130,0
DA:132,0
DA:140,1
DA:141,0
DA:142,0
DA:143,0
DA:147,0
DA:148,0
DA:150,0
DA:151,0
DA:153,0
LF:61
LH:5
BRDA:16,1,0,0
BRDA:16,1,1,0
BRDA:27,2,0,0
BRDA:27,2,1,0
BRDA:42,3,0,0
BRDA:42,3,1,0
BRDA:42,4,0,0
BRDA:42,4,1,0
BRDA:48,5,0,0
BRDA:48,5,1,0
BRDA:88,6,0,0
BRDA:88,6,1,0
BRDA:91,7,0,0
BRDA:91,7,1,0
BRDA:100,8,0,0
BRDA:100,8,1,0
BRDA:126,9,0,0
BRDA:126,9,1,0
BRDA:129,10,0,0
BRDA:129,10,1,0
BRDA:147,11,0,0
BRDA:147,11,1,0
BRDA:150,12,0,0
BRDA:150,12,1,0
BRF:24
BRH:0
end_of_record
TN:
SF:app/controllers/issues-controller.js
FNF:0
FNH:0
LF:0
LH:0
BRF:0
BRH:0
end_of_record
TN:
SF:app/controllers/main-controller.js
FN:3,(anonymous_1)
FNF:1
FNH:0
FNDA:0,(anonymous_1)
DA:2,1
DA:3,1
DA:4,0
DA:9,0
DA:10,0
DA:12,0
DA:13,0
DA:15,0
LF:8
LH:2
BRDA:9,1,0,0
BRDA:9,1,1,0
BRDA:12,2,0,0
BRDA:12,2,1,0
BRF:4
BRH:0
end_of_record
TN:
SF:app/controllers/passwords-controller.js
FN:13,(anonymous_1)
FN:24,(anonymous_2)
FN:31,(anonymous_3)
FN:41,(anonymous_4)
FN:56,(anonymous_5)
FN:81,(anonymous_6)
FN:95,(anonymous_7)
FN:96,(anonymous_8)
FN:101,(anonymous_9)
FN:104,(anonymous_10)
FN:119,(anonymous_11)
FN:124,(anonymous_12)
FN:136,(anonymous_13)
FN:143,(anonymous_14)
FN:151,(anonymous_15)
FN:171,(anonymous_16)
FN:185,(anonymous_17)
FN:197,(anonymous_18)
FN:202,(anonymous_19)
FN:207,(anonymous_20)
FN:221,(anonymous_21)
FN:230,(anonymous_22)
FN:237,(anonymous_23)
FN:247,(anonymous_24)
FN:255,(anonymous_25)
FNF:25
FNH:0
FNDA:0,(anonymous_1)
FNDA:0,(anonymous_2)
FNDA:0,(anonymous_3)
FNDA:0,(anonymous_4)
FNDA:0,(anonymous_5)
FNDA:0,(anonymous_6)
FNDA:0,(anonymous_7)
FNDA:0,(anonymous_8)
FNDA:0,(anonymous_9)
FNDA:0,(anonymous_10)
FNDA:0,(anonymous_11)
FNDA:0,(anonymous_12)
FNDA:0,(anonymous_13)
FNDA:0,(anonymous_14)
FNDA:0,(anonymous_15)
FNDA:0,(anonymous_16)
FNDA:0,(anonymous_17)
FNDA:0,(anonymous_18)
FNDA:0,(anonymous_19)
FNDA:0,(anonymous_20)
FNDA:0,(anonymous_21)
FNDA:0,(anonymous_22)
FNDA:0,(anonymous_23)
FNDA:0,(anonymous_24)
FNDA:0,(anonymous_25)
DA:3,1
DA:4,1
DA:5,1
DA:6,1
DA:7,1
DA:8,1
DA:9,1
DA:13,1
DA:14,0
DA:15,0
DA:16,0
DA:18,0
DA:20,0
DA:21,0
DA:22,0
DA:24,0
DA:25,0
DA:26,0
DA:27,0
DA:29,0
DA:32,0
DA:33,0
DA:35,0
DA:42,0
DA:43,0
DA:45,0
DA:48,0
DA:56,1
DA:57,0
DA:58,0
DA:60,0
DA:65,0
DA:66,0
DA:68,0
DA:69,0
DA:71,0
DA:81,1
DA:82,0
DA:84,0
DA:86,0
DA:87,0
DA:90,0
DA:91,0
DA:94,0
DA:96,0
DA:97,0
DA:98,0
DA:102,0
DA:105,0
DA:106,0
DA:109,0
DA:110,0
DA:112,0
DA:120,0
DA:125,0
DA:127,0
DA:136,0
DA:137,0
DA:140,0
DA:144,0
DA:145,0
DA:147,0
DA:151,1
DA:152,0
DA:153,0
DA:155,0
DA:160,0
DA:161,0
DA:163,0
DA:164,0
DA:167,0
DA:172,0
DA:173,0
DA:174,0
DA:176,0
DA:185,1
DA:186,0
DA:187,0
DA:189,0
DA:191,0
DA:192,0
DA:193,0
DA:196,0
DA:198,0
DA:203,0
DA:204,0
DA:205,0
DA:207,0
DA:208,0
DA:209,0
DA:210,0
DA:212,0
DA:222,0
DA:223,0
DA:225,0
DA:226,0
DA:227,0
DA:228,0
DA:230,0
DA:231,0
DA:238,0
DA:240,0
DA:247,0
DA:248,0
DA:251,0
DA:256,0
DA:257,0
DA:259,0
LF:108
LH:12
BRDA:20,1,0,0
BRDA:20,1,1,0
BRDA:25,2,0,0
BRDA:25,2,1,0
BRDA:32,3,0,0
BRDA:32,3,1,0
BRDA:42,4,0,0
BRDA:42,4,1,0
BRDA:57,5,0,0
BRDA:57,5,1,0
BRDA:65,6,0,0
BRDA:65,6,1,0
BRDA:68,7,0,0
BRDA:68,7,1,0
BRDA:86,8,0,0
BRDA:86,8,1,0
BRDA:105,9,0,0
BRDA:105,9,1,0
BRDA:144,10,0,0
BRDA:144,10,1,0
BRDA:152,11,0,0
BRDA:152,11,1,0
BRDA:160,12,0,0
BRDA:160,12,1,0
BRDA:163,13,0,0
BRDA:163,13,1,0
BRDA:172,14,0,0
BRDA:172,14,1,0
BRDA:191,15,0,0
BRDA:191,15,1,0
BRDA:203,16,0,0
BRDA:203,16,1,0
BRDA:208,17,0,0
BRDA:208,17,1,0
BRDA:222,18,0,0
BRDA:222,18,1,0
BRDA:256,19,0,0
BRDA:256,19,1,0
BRF:38
BRH:0
end_of_record
TN:
SF:app/controllers/queue-controller.js
FN:7,(anonymous_1)
FN:26,(anonymous_2)
FN:64,(anonymous_3)
FN:66,(anonymous_4)
FN:69,(anonymous_5)
FN:73,(anonymous_6)
FNF:6
FNH:0
FNDA:0,(anonymous_1)
FNDA:0,(anonymous_2)
FNDA:0,(anonymous_3)
FNDA:0,(anonymous_4)
FNDA:0,(anonymous_5)
FNDA:0,(anonymous_6)
DA:3,1
DA:7,1
DA:8,0
DA:13,0
DA:14,0
DA:16,0
DA:17,0
DA:19,0
DA:26,1
DA:27,0
DA:28,0
DA:53,0
DA:54,0
DA:64,0
DA:65,0
DA:66,0
DA:67,0
DA:69,0
DA:70,0
DA:73,0
DA:74,0
DA:76,0
DA:77,0
DA:78,0
DA:81,0
LF:25
LH:3
BRDA:13,1,0,0
BRDA:13,1,1,0
BRDA:16,2,0,0
BRDA:16,2,1,0
BRF:4
BRH:0
end_of_record
TN:
SF:app/controllers/registrations-controller.js
FN:5,(anonymous_1)
FN:24,(anonymous_2)
FNF:2
FNH:0
FNDA:0,(anonymous_1)
FNDA:0,(anonymous_2)
DA:2,1
DA:5,1
DA:6,0
DA:7,0
DA:12,0
DA:13,0
DA:15,0
DA:16,0
DA:18,0
DA:24,1
DA:25,0
DA:26,0
DA:27,0
DA:29,0
DA:31,0
DA:32,0
DA:33,0
DA:36,0
DA:39,0
DA:40,0
LF:20
LH:3
BRDA:12,1,0,0
BRDA:12,1,1,0
BRDA:15,2,0,0
BRDA:15,2,1,0
BRDA:31,3,0,0
BRDA:31,3,1,0
BRF:6
BRH:0
end_of_record
TN:
SF:app/controllers/sessions-controller.js
FN:8,(anonymous_1)
FN:26,(anonymous_2)
FNF:2
FNH:0
FNDA:0,(anonymous_1)
FNDA:0,(anonymous_2)
DA:6,1
DA:8,1
DA:9,0
DA:10,0
DA:12,0
DA:13,0
DA:14,0
DA:15,0
DA:19,0
DA:26,1
DA:27,0
DA:29,0
DA:30,0
DA:31,0
DA:32,0
DA:33,0
DA:34,0
LF:17
LH:3
BRDA:13,1,0,0
BRDA:13,1,1,0
BRF:2
BRH:0
end_of_record
TN:
SF:app/controllers/summary-controller.js
FN:6,(anonymous_1)
FN:22,(anonymous_2)
FNF:2
FNH:0
FNDA:0,(anonymous_1)
FNDA:0,(anonymous_2)
DA:3,1
DA:6,1
DA:7,0
DA:12,0
DA:13,0
DA:15,0
DA:16,0
DA:18,0
DA:19,0
DA:20,0
DA:23,0
DA:24,0
DA:28,0
DA:29,0
DA:30,0
DA:32,0
DA:44,0
DA:54,0
LF:18
LH:2
BRDA:12,1,0,0
BRDA:12,1,1,0
BRDA:15,2,0,0
BRDA:15,2,1,0
BRDA:28,3,0,0
BRDA:28,3,1,0
BRF:6
BRH:0
end_of_record
TN:
SF:app/controllers/users-controller.js
FN:6,(anonymous_1)
FN:27,(anonymous_2)
FN:41,(anonymous_3)
FN:50,(anonymous_4)
FN:60,(anonymous_5)
FN:64,(anonymous_6)
FN:80,(anonymous_7)
FN:89,(anonymous_8)
FN:93,(anonymous_9)
FN:109,(anonymous_10)
FN:113,(anonymous_11)
FN:118,(anonymous_12)
FN:122,(anonymous_13)
FN:139,(anonymous_14)
FN:151,(anonymous_15)
FN:156,(anonymous_16)
FN:177,(anonymous_17)
FN:207,(anonymous_18)
FN:212,(anonymous_19)
FNF:19
FNH:0
FNDA:0,(anonymous_1)
FNDA:0,(anonymous_2)
FNDA:0,(anonymous_3)
FNDA:0,(anonymous_4)
FNDA:0,(anonymous_5)
FNDA:0,(anonymous_6)
FNDA:0,(anonymous_7)
FNDA:0,(anonymous_8)
FNDA:0,(anonymous_9)
FNDA:0,(anonymous_10)
FNDA:0,(anonymous_11)
FNDA:0,(anonymous_12)
FNDA:0,(anonymous_13)
FNDA:0,(anonymous_14)
FNDA:0,(anonymous_15)
FNDA:0,(anonymous_16)
FNDA:0,(anonymous_17)
FNDA:0,(anonymous_18)
FNDA:0,(anonymous_19)
DA:2,1
DA:3,1
DA:4,1
DA:6,1
DA:7,0
DA:12,0
DA:13,0
DA:15,0
DA:16,0
DA:18,0
DA:27,1
DA:28,0
DA:29,0
DA:30,0
DA:31,0
DA:33,0
DA:34,0
DA:35,0
DA:38,0
DA:39,0
DA:42,0
DA:43,0
DA:46,0
DA:48,0
DA:51,0
DA:52,0
DA:54,0
DA:55,0
DA:56,0
DA:57,0
DA:58,0
DA:60,0
DA:61,0
DA:62,0
DA:64,0
DA:65,0
DA:66,0
DA:68,0
DA:71,0
DA:78,0
DA:81,0
DA:82,0
DA:84,0
DA:85,0
DA:86,0
DA:87,0
DA:89,0
DA:90,0
DA:91,0
DA:93,0
DA:94,0
DA:95,0
DA:97,0
DA:100,0
DA:109,1
DA:110,0
DA:114,0
DA:115,0
DA:118,0
DA:119,0
DA:120,0
DA:122,0
DA:123,0
DA:124,0
DA:127,0
DA:128,0
DA:131,0
DA:139,1
DA:140,0
DA:141,0
DA:142,0
DA:143,0
DA:146,0
DA:149,0
DA:152,0
DA:153,0
DA:156,0
DA:157,0
DA:158,0
DA:159,0
DA:162,0
DA:164,0
DA:167,0
DA:169,0
DA:172,0
DA:177,1
DA:178,0
DA:180,0
DA:181,0
DA:183,0
DA:184,0
DA:187,0
DA:188,0
DA:191,0
DA:194,0
DA:195,0
DA:198,0
DA:199,0
DA:202,0
DA:205,0
DA:208,0
DA:209,0
DA:212,0
DA:213,0
DA:215,0
DA:216,0
DA:217,0
DA:218,0
DA:219,0
DA:221,0
DA:224,0
DA:227,0
DA:229,0
DA:232,0
LF:114
LH:8
BRDA:12,1,0,0
BRDA:12,1,1,0
BRDA:15,2,0,0
BRDA:15,2,1,0
BRDA:33,3,0,0
BRDA:33,3,1,0
BRDA:38,4,0,0
BRDA:38,4,1,0
BRDA:42,5,0,0
BRDA:42,5,1,0
BRDA:51,6,0,0
BRDA:51,6,1,0
BRDA:54,7,0,0
BRDA:54,7,1,0
BRDA:55,8,0,0
BRDA:55,8,1,0
BRDA:56,9,0,0
BRDA:56,9,1,0
BRDA:57,10,0,0
BRDA:57,10,1,0
BRDA:58,11,0,0
BRDA:58,11,1,0
BRDA:61,12,0,0
BRDA:61,12,1,0
BRDA:65,13,0,0
BRDA:65,13,1,0
BRDA:81,14,0,0
BRDA:81,14,1,0
BRDA:84,15,0,0
BRDA:84,15,1,0
BRDA:85,16,0,0
BRDA:85,16,1,0
BRDA:86,17,0,0
BRDA:86,17,1,0
BRDA:87,18,0,0
BRDA:87,18,1,0
BRDA:90,19,0,0
BRDA:90,19,1,0
BRDA:94,20,0,0
BRDA:94,20,1,0
BRDA:114,21,0,0
BRDA:114,21,1,0
BRDA:119,22,0,0
BRDA:119,22,1,0
BRDA:123,23,0,0
BRDA:123,23,1,0
BRDA:142,24,0,0
BRDA:142,24,1,0
BRDA:152,25,0,0
BRDA:152,25,1,0
BRDA:157,26,0,0
BRDA:157,26,1,0
BRDA:158,27,0,0
BRDA:158,27,1,0
BRDA:158,28,0,0
BRDA:158,28,1,0
BRDA:183,29,0,0
BRDA:183,29,1,0
BRDA:187,30,0,0
BRDA:187,30,1,0
BRDA:194,31,0,0
BRDA:194,31,1,0
BRDA:198,32,0,0
BRDA:198,32,1,0
BRDA:198,33,0,0
BRDA:198,33,1,0
BRDA:208,34,0,0
BRDA:208,34,1,0
BRDA:215,35,0,0
BRDA:215,35,1,0
BRDA:216,36,0,0
BRDA:216,36,1,0
BRDA:216,37,0,0
BRDA:216,37,1,0
BRDA:218,38,0,0
BRDA:218,38,1,0
BRDA:218,39,0,0
BRDA:218,39,1,0
BRF:78
BRH:0
end_of_record
TN:
SF:app/models/plugins/actions-stripe.js
FN:8,setPlan
FN:10,(anonymous_2)
FN:16,(anonymous_3)
FN:24,(anonymous_4)
FN:34,(anonymous_5)
FN:57,createCustomer
FN:60,(anonymous_7)
FN:70,preSave
FN:75,(anonymous_9)
FN:83,updateStripeEmail
FN:91,(anonymous_11)
FN:96,setCard
FN:98,(anonymous_13)
FN:116,(anonymous_14)
FN:135,cancelStripe
FN:139,(anonymous_16)
FN:141,(anonymous_17)
FNF:17
FNH:0
FNDA:0,setPlan
FNDA:0,(anonymous_2)
FNDA:0,(anonymous_3)
FNDA:0,(anonymous_4)
FNDA:0,(anonymous_5)
FNDA:0,createCustomer
FNDA:0,(anonymous_7)
FNDA:0,preSave
FNDA:0,(anonymous_9)
FNDA:0,updateStripeEmail
FNDA:0,(anonymous_11)
FNDA:0,setCard
FNDA:0,(anonymous_13)
FNDA:0,(anonymous_14)
FNDA:0,cancelStripe
FNDA:0,(anonymous_16)
FNDA:0,(anonymous_17)
DA:3,1
DA:8,1
DA:9,0
DA:10,0
DA:11,0
DA:12,0
DA:14,0
DA:15,0
DA:16,0
DA:17,0
DA:18,0
DA:20,0
DA:24,0
DA:25,0
DA:33,0
DA:34,0
DA:35,0
DA:36,0
DA:38,0
DA:42,0
DA:44,0
DA:52,0
DA:57,1
DA:58,0
DA:61,0
DA:62,0
DA:65,0
DA:66,0
DA:70,1
DA:71,0
DA:72,0
DA:73,0
DA:75,0
DA:76,0
DA:77,0
DA:79,0
DA:83,1
DA:84,0
DA:85,0
DA:86,0
DA:89,0
DA:92,0
DA:96,1
DA:97,0
DA:98,0
DA:99,0
DA:100,0
DA:103,0
DA:104,0
DA:107,0
DA:109,0
DA:117,0
DA:118,0
DA:120,0
DA:123,0
DA:124,0
DA:128,0
DA:135,1
DA:136,0
DA:137,0
DA:140,0
DA:142,0
DA:145,0
DA:149,1
DA:150,1
DA:151,1
DA:152,1
DA:153,1
LF:68
LH:12
BRDA:11,1,0,0
BRDA:11,1,1,0
BRDA:17,2,0,0
BRDA:17,2,1,0
BRDA:33,3,0,0
BRDA:33,3,1,0
BRDA:35,4,0,0
BRDA:35,4,1,0
BRDA:42,5,0,0
BRDA:42,5,1,0
BRDA:61,6,0,0
BRDA:61,6,1,0
BRDA:72,7,0,0
BRDA:72,7,1,0
BRDA:72,8,0,0
BRDA:72,8,1,0
BRDA:76,9,0,0
BRDA:76,9,1,0
BRDA:85,10,0,0
BRDA:85,10,1,0
BRDA:99,11,0,0
BRDA:99,11,1,0
BRDA:103,12,0,0
BRDA:103,12,1,0
BRDA:107,13,0,0
BRDA:107,13,1,0
BRDA:117,14,0,0
BRDA:117,14,1,0
BRDA:123,15,0,0
BRDA:123,15,1,0
BRDA:136,16,0,0
BRDA:136,16,1,0
BRF:32
BRH:0
end_of_record
TN:
SF:app/middleware/error.js
FN:5,(anonymous_1)
FN:12,(anonymous_2)
FN:20,(anonymous_3)
FN:23,(anonymous_4)
FN:31,(anonymous_5)
FN:39,(anonymous_6)
FN:42,(anonymous_7)
FNF:7
FNH:0
FNDA:0,(anonymous_1)
FNDA:0,(anonymous_2)
FNDA:0,(anonymous_3)
FNDA:0,(anonymous_4)
FNDA:0,(anonymous_5)
FNDA:0,(anonymous_6)
FNDA:0,(anonymous_7)
DA:3,1
DA:6,0
DA:8,0
DA:9,0
DA:13,0
DA:18,0
DA:19,0
DA:21,0
DA:24,0
DA:32,0
DA:37,0
DA:38,0
DA:40,0
DA:43,0
LF:14
LH:1
BRDA:18,1,0,0
BRDA:18,1,1,0
BRDA:33,2,0,0
BRDA:33,2,1,0
BRDA:37,3,0,0
BRDA:37,3,1,0
BRF:6
BRH:0
end_of_record
TN:
SF:app/middleware/view-helper.js
FN:5,(anonymous_1)
FNF:1
FNH:0
FNDA:0,(anonymous_1)
DA:3,1
DA:5,1
DA:6,0
DA:7,0
DA:8,0
LF:5
LH:2
BRF:0
BRH:0
end_of_record
TN:
SF:app/middleware/passport.js
FN:11,_pre
FN:12,(anonymous_2)
FN:21,(anonymous_3)
FN:23,(anonymous_4)
FN:28,(anonymous_5)
FN:33,(anonymous_6)
FN:38,createToken
FN:51,(anonymous_8)
FN:57,(anonymous_9)
FN:66,comparePassword
FN:67,(anonymous_11)
FN:74,(anonymous_12)
FN:101,(anonymous_13)
FN:103,(anonymous_14)
FN:107,(anonymous_15)
FN:115,(anonymous_16)
FN:124,(anonymous_17)
FN:125,(anonymous_18)
FNF:18
FNH:1
FNDA:0,_pre
FNDA:0,(anonymous_2)
FNDA:1,(anonymous_3)
FNDA:0,(anonymous_4)
FNDA:0,(anonymous_5)
FNDA:0,(anonymous_6)
FNDA:0,createToken
FNDA:0,(anonymous_8)
FNDA:0,(anonymous_9)
FNDA:0,comparePassword
FNDA:0,(anonymous_11)
FNDA:0,(anonymous_12)
FNDA:0,(anonymous_13)
FNDA:0,(anonymous_14)
FNDA:0,(anonymous_15)
FNDA:0,(anonymous_16)
FNDA:0,(anonymous_17)
FNDA:0,(anonymous_18)
DA:1,1
DA:2,1
DA:3,1
DA:4,1
DA:5,1
DA:6,1
DA:7,1
DA:8,1
DA:9,1
DA:11,1
DA:12,0
DA:13,0
DA:14,0
DA:16,0
DA:21,1
DA:23,1
DA:24,0
DA:25,0
DA:28,1
DA:29,0
DA:30,0
DA:34,0
DA:38,1
DA:39,0
DA:40,0
DA:41,0
DA:47,1
DA:52,0
DA:54,0
DA:58,0
DA:59,0
DA:60,0
DA:62,0
DA:63,0
DA:66,1
DA:67,0
DA:68,0
DA:69,0
DA:71,0
DA:74,0
DA:75,0
DA:76,0
DA:77,0
DA:78,0
DA:79,0
DA:80,0
DA:81,0
DA:88,0
DA:90,0
DA:97,1
DA:102,0
DA:103,0
DA:104,0
DA:108,0
DA:109,0
DA:112,0
DA:115,0
DA:116,0
DA:117,0
DA:124,0
DA:125,0
DA:126,0
DA:127,0
DA:128,0
DA:130,0
DA:131,0
DA:132,0
DA:133,0
DA:134,0
DA:135,0
DA:141,0
LF:71
LH:17
BRDA:13,1,0,0
BRDA:13,1,1,0
BRDA:59,2,0,0
BRDA:59,2,1,0
BRDA:62,3,0,0
BRDA:62,3,1,0
BRDA:68,4,0,0
BRDA:68,4,1,0
BRDA:75,5,0,0
BRDA:75,5,1,0
BRDA:108,6,0,0
BRDA:108,6,1,0
BRDA:127,7,0,0
BRDA:127,7,1,0
BRF:14
BRH:0
end_of_record
TN:
SF:app/middleware/auth.js
FN:3,(anonymous_1)
FN:11,(anonymous_2)
FN:19,(anonymous_3)
FNF:3
FNH:0
FNDA:0,(anonymous_1)
FNDA:0,(anonymous_2)
FNDA:0,(anonymous_3)
DA:3,1
DA:4,0
DA:5,0
DA:8,0
DA:11,1
DA:12,0
DA:13,0
DA:16,0
DA:19,1
DA:20,0
DA:21,0
DA:23,0
DA:25,0
LF:13
LH:3
BRDA:4,1,0,0
BRDA:4,1,1,0
BRDA:12,2,0,0
BRDA:12,2,1,0
BRF:4
BRH:0
end_of_record
TN:
SF:app/middleware/res-helper.js
FN:3,(anonymous_1)
FN:4,(anonymous_2)
FN:12,(anonymous_3)
FN:13,(anonymous_4)
FNF:4
FNH:0
FNDA:0,(anonymous_1)
FNDA:0,(anonymous_2)
FNDA:0,(anonymous_3)
FNDA:0,(anonymous_4)
DA:3,1
DA:4,0
DA:5,0
DA:6,0
DA:8,0
DA:12,1
DA:13,0
DA:14,0
DA:15,0
DA:17,0
LF:10
LH:2
BRDA:5,1,0,0
BRDA:5,1,1,0
BRDA:14,2,0,0
BRDA:14,2,1,0
BRF:4
BRH:0
end_of_record
TN:
SF:app/models/alert.js
FNF:0
FNH:0
DA:1,1
DA:3,1
DA:10,1
LF:3
LH:3
BRF:0
BRH:0
end_of_record
